Using pre-set license
Built from '2021.1/release' branch; Version is '2021.1.0f1 (61a549675243) revision 6399305'; Using compiler version '192528614'; Build Type 'Release'
OS: 'Windows 10 Pro; OS build 19044.1526; Version 2009; 64bit' Language: 'es' Physical Memory: 14283 MB
BatchMode: 1, IsHumanControllingUs: 0, StartBugReporterOnCrash: 0, Is64bit: 1, IsPro: 0

 COMMAND LINE ARGUMENTS:
C:\Program Files\Unity\Hub\Editor\2021.1.0f1\Editor\Unity.exe
-adb2
-batchMode
-noUpm
-name
AssetImportWorker0
-projectPath
C:/Users/BTO/Documents/Unity_Proyecto1/Reto1
-logFile
Logs/AssetImportWorker0.log
-srvPort
63522
Successfully changed project path to: C:/Users/BTO/Documents/Unity_Proyecto1/Reto1
C:/Users/BTO/Documents/Unity_Proyecto1/Reto1
Using Asset Import Pipeline V2.
Refreshing native plugins compatible for Editor in 143.25 ms, found 1 plugins.
Preloading 0 native plugins for Editor in 0.00 ms.
Initialize engine version: 2021.1.0f1 (61a549675243)
[Subsystems] Discovering subsystems at path C:/Program Files/Unity/Hub/Editor/2021.1.0f1/Editor/Data/Resources/UnitySubsystems
[Subsystems] Discovering subsystems at path C:/Users/BTO/Documents/Unity_Proyecto1/Reto1/Assets
GfxDevice: creating device client; threaded=0; jobified=0
Direct3D:
    Version:  Direct3D 11.0 [level 11.1]
    Renderer: AMD Radeon R7 Graphics (ID=0x9874)
    Vendor:   ATI
    VRAM:     7141 MB
    Driver:   27.20.20903.8001
Initialize mono
Mono path[0] = 'C:/Program Files/Unity/Hub/Editor/2021.1.0f1/Editor/Data/Managed'
Mono path[1] = 'C:/Program Files/Unity/Hub/Editor/2021.1.0f1/Editor/Data/MonoBleedingEdge/lib/mono/unityjit'
Mono config path = 'C:/Program Files/Unity/Hub/Editor/2021.1.0f1/Editor/Data/MonoBleedingEdge/etc'
Using monoOptions --debugger-agent=transport=dt_socket,embedding=1,server=y,suspend=n,address=127.0.0.1:56828
Begin MonoManager ReloadAssembly
Registering precompiled unity dll's ...
Register platform support module: C:/Program Files/Unity/Hub/Editor/2021.1.0f1/Editor/Data/PlaybackEngines/WindowsStandaloneSupport/UnityEditor.WindowsStandalone.Extensions.dll
Registered in 0.005242 seconds.
Native extension for WindowsStandalone target not found
Refreshing native plugins compatible for Editor in 128.39 ms, found 1 plugins.
Preloading 0 native plugins for Editor in 0.00 ms.
Mono: successfully reloaded assembly
- Completed reload, in  4.218 seconds
Platform modules already initialized, skipping
Registering precompiled user dll's ...
Registered in 0.008958 seconds.
Begin MonoManager ReloadAssembly
Native extension for WindowsStandalone target not found
Refreshing native plugins compatible for Editor in 1.22 ms, found 1 plugins.
Preloading 0 native plugins for Editor in 0.00 ms.
Mono: successfully reloaded assembly
- Completed reload, in  2.357 seconds
Platform modules already initialized, skipping
========================================================================
Worker process is ready to serve import requests
Launched and connected shader compiler UnityShaderCompiler.exe after 0.13 seconds
Refreshing native plugins compatible for Editor in 0.89 ms, found 1 plugins.
Preloading 0 native plugins for Editor in 0.00 ms.
Unloading 2670 Unused Serialized files (Serialized files now loaded: 0)
System memory in use before: 98.1 MB.
System memory in use after: 98.3 MB.

Unloading 15 unused Assets to reduce memory usage. Loaded Objects now: 3120.
Total: 6.351900 ms (FindLiveObjects: 1.006900 ms CreateObjectMapping: 0.404200 ms MarkObjects: 4.767700 ms  DeleteObjects: 0.169300 ms)

========================================================================
Received Import Request.
  path: Assets/Challenge 1
  artifactKey: Guid(76c4151b200124c0ca7b9eb615ff5846) Importer(815301076,1909f56bfc062723c751e8b465ee728b)
Start importing Assets/Challenge 1 using Guid(76c4151b200124c0ca7b9eb615ff5846) Importer(815301076,1909f56bfc062723c751e8b465ee728b)  -> (artifact id: '07ba93ec4531606697a4d7534daf03c6') in 0.028283 seconds 
========================================================================
Received Import Request.
  Time since last request: 0.000833 seconds.
  path: Assets/Challenge 1/Challenge 1.unity
  artifactKey: Guid(b6cc3e14dbc3342c8ab192babf679766) Importer(815301076,1909f56bfc062723c751e8b465ee728b)
Start importing Assets/Challenge 1/Challenge 1.unity using Guid(b6cc3e14dbc3342c8ab192babf679766) Importer(815301076,1909f56bfc062723c751e8b465ee728b)  -> (artifact id: '67c6d4ff416008639684a683cfee6fcd') in 0.042306 seconds 
========================================================================
Received Import Request.
  Time since last request: 0.000359 seconds.
  path: Assets/Scenes
  artifactKey: Guid(fb18c70e5c5b24d4eafa16360b465bdd) Importer(815301076,1909f56bfc062723c751e8b465ee728b)
Start importing Assets/Scenes using Guid(fb18c70e5c5b24d4eafa16360b465bdd) Importer(815301076,1909f56bfc062723c751e8b465ee728b)  -> (artifact id: 'd70577b0c035238cc5fd212ae5e01301') in 0.029725 seconds 
========================================================================
Received Import Request.
  Time since last request: 0.000348 seconds.
  path: Assets/Course Library
  artifactKey: Guid(10a492cb0e85ae145b9cc221cc7928fa) Importer(815301076,1909f56bfc062723c751e8b465ee728b)
Start importing Assets/Course Library using Guid(10a492cb0e85ae145b9cc221cc7928fa) Importer(815301076,1909f56bfc062723c751e8b465ee728b)  -> (artifact id: '93b065dde7b0cb2c3fd01f70573a8cf0') in 0.018372 seconds 
========================================================================
Received Import Request.
  Time since last request: 0.000708 seconds.
  path: Assets/Scenes/SampleScene.unity
  artifactKey: Guid(9fc0d4010bbf28b4594072e72b8655ab) Importer(815301076,1909f56bfc062723c751e8b465ee728b)
Start importing Assets/Scenes/SampleScene.unity using Guid(9fc0d4010bbf28b4594072e72b8655ab) Importer(815301076,1909f56bfc062723c751e8b465ee728b)  -> (artifact id: '83a8f13bf08ad0e51b838c696f233c89') in 0.028234 seconds 
========================================================================
Received Prepare
Registering precompiled user dll's ...
Registered in 0.008486 seconds.
Begin MonoManager ReloadAssembly
Native extension for WindowsStandalone target not found
Refreshing native plugins compatible for Editor in 1.00 ms, found 1 plugins.
Preloading 0 native plugins for Editor in 0.00 ms.
Mono: successfully reloaded assembly
- Completed reload, in  1.947 seconds
Platform modules already initialized, skipping
Refreshing native plugins compatible for Editor in 1.07 ms, found 1 plugins.
Preloading 0 native plugins for Editor in 0.00 ms.
Unloading 2665 Unused Serialized files (Serialized files now loaded: 0)
System memory in use before: 98.1 MB.
System memory in use after: 98.3 MB.

Unloading 10 unused Assets to reduce memory usage. Loaded Objects now: 3122.
Total: 4.743300 ms (FindLiveObjects: 0.521100 ms CreateObjectMapping: 0.357700 ms MarkObjects: 3.650400 ms  DeleteObjects: 0.210400 ms)

========================================================================
Received Prepare
Registering precompiled user dll's ...
Registered in 0.008157 seconds.
Begin MonoManager ReloadAssembly
Native extension for WindowsStandalone target not found
Refreshing native plugins compatible for Editor in 1.07 ms, found 1 plugins.
Preloading 0 native plugins for Editor in 0.00 ms.
Mono: successfully reloaded assembly
- Completed reload, in  1.893 seconds
Platform modules already initialized, skipping
Refreshing native plugins compatible for Editor in 0.91 ms, found 1 plugins.
Preloading 0 native plugins for Editor in 0.00 ms.
Unloading 2665 Unused Serialized files (Serialized files now loaded: 0)
System memory in use before: 98.2 MB.
System memory in use after: 98.4 MB.

Unloading 10 unused Assets to reduce memory usage. Loaded Objects now: 3124.
Total: 7.531600 ms (FindLiveObjects: 0.997500 ms CreateObjectMapping: 0.416600 ms MarkObjects: 5.933000 ms  DeleteObjects: 0.178800 ms)

========================================================================
Received Prepare
Registering precompiled user dll's ...
Registered in 0.011021 seconds.
Begin MonoManager ReloadAssembly
Native extension for WindowsStandalone target not found
Refreshing native plugins compatible for Editor in 1.34 ms, found 1 plugins.
Preloading 0 native plugins for Editor in 0.00 ms.
Mono: successfully reloaded assembly
- Completed reload, in  1.940 seconds
Platform modules already initialized, skipping
Refreshing native plugins compatible for Editor in 0.98 ms, found 1 plugins.
Preloading 0 native plugins for Editor in 0.00 ms.
Unloading 2665 Unused Serialized files (Serialized files now loaded: 0)
System memory in use before: 98.2 MB.
System memory in use after: 98.4 MB.

Unloading 10 unused Assets to reduce memory usage. Loaded Objects now: 3126.
Total: 4.648300 ms (FindLiveObjects: 0.484000 ms CreateObjectMapping: 0.220500 ms MarkObjects: 3.822600 ms  DeleteObjects: 0.118100 ms)

========================================================================
Received Prepare
Registering precompiled user dll's ...
Registered in 0.009626 seconds.
Begin MonoManager ReloadAssembly
Native extension for WindowsStandalone target not found
Refreshing native plugins compatible for Editor in 1.20 ms, found 1 plugins.
Preloading 0 native plugins for Editor in 0.00 ms.
Mono: successfully reloaded assembly
- Completed reload, in  1.967 seconds
Platform modules already initialized, skipping
Refreshing native plugins compatible for Editor in 0.97 ms, found 1 plugins.
Preloading 0 native plugins for Editor in 0.00 ms.
Unloading 2665 Unused Serialized files (Serialized files now loaded: 0)
System memory in use before: 98.2 MB.
System memory in use after: 98.4 MB.

Unloading 10 unused Assets to reduce memory usage. Loaded Objects now: 3128.
Total: 4.981200 ms (FindLiveObjects: 0.721400 ms CreateObjectMapping: 0.258500 ms MarkObjects: 3.848800 ms  DeleteObjects: 0.148300 ms)

========================================================================
Received Prepare
Registering precompiled user dll's ...
Registered in 0.009602 seconds.
Begin MonoManager ReloadAssembly
Native extension for WindowsStandalone target not found
Refreshing native plugins compatible for Editor in 1.10 ms, found 1 plugins.
Preloading 0 native plugins for Editor in 0.00 ms.
Mono: successfully reloaded assembly
- Completed reload, in  1.920 seconds
Platform modules already initialized, skipping
Refreshing native plugins compatible for Editor in 0.94 ms, found 1 plugins.
Preloading 0 native plugins for Editor in 0.00 ms.
Unloading 2665 Unused Serialized files (Serialized files now loaded: 0)
System memory in use before: 98.2 MB.
System memory in use after: 98.4 MB.

Unloading 10 unused Assets to reduce memory usage. Loaded Objects now: 3130.
Total: 4.803800 ms (FindLiveObjects: 0.470900 ms CreateObjectMapping: 0.263300 ms MarkObjects: 3.956300 ms  DeleteObjects: 0.106700 ms)

========================================================================
Received Prepare
Registering precompiled user dll's ...
Registered in 0.007785 seconds.
Begin MonoManager ReloadAssembly
Native extension for WindowsStandalone target not found
Refreshing native plugins compatible for Editor in 0.96 ms, found 1 plugins.
Preloading 0 native plugins for Editor in 0.00 ms.
Mono: successfully reloaded assembly
- Completed reload, in  1.890 seconds
Platform modules already initialized, skipping
Refreshing native plugins compatible for Editor in 1.13 ms, found 1 plugins.
Preloading 0 native plugins for Editor in 0.00 ms.
Unloading 2665 Unused Serialized files (Serialized files now loaded: 0)
System memory in use before: 98.2 MB.
System memory in use after: 98.4 MB.

Unloading 10 unused Assets to reduce memory usage. Loaded Objects now: 3132.
Total: 4.470500 ms (FindLiveObjects: 0.513500 ms CreateObjectMapping: 0.266700 ms MarkObjects: 3.585300 ms  DeleteObjects: 0.102200 ms)

========================================================================
Received Prepare
Registering precompiled user dll's ...
Registered in 0.010918 seconds.
Begin MonoManager ReloadAssembly
Native extension for WindowsStandalone target not found
Refreshing native plugins compatible for Editor in 1.08 ms, found 1 plugins.
Preloading 0 native plugins for Editor in 0.00 ms.
Mono: successfully reloaded assembly
- Completed reload, in  1.942 seconds
Platform modules already initialized, skipping
Refreshing native plugins compatible for Editor in 0.95 ms, found 1 plugins.
Preloading 0 native plugins for Editor in 0.00 ms.
Unloading 2665 Unused Serialized files (Serialized files now loaded: 0)
System memory in use before: 98.2 MB.
System memory in use after: 98.4 MB.

Unloading 10 unused Assets to reduce memory usage. Loaded Objects now: 3134.
Total: 3.920100 ms (FindLiveObjects: 0.477800 ms CreateObjectMapping: 0.212200 ms MarkObjects: 3.133700 ms  DeleteObjects: 0.093400 ms)

========================================================================
Received Prepare
Registering precompiled user dll's ...
Registered in 0.007379 seconds.
Begin MonoManager ReloadAssembly
Native extension for WindowsStandalone target not found
Refreshing native plugins compatible for Editor in 1.01 ms, found 1 plugins.
Preloading 0 native plugins for Editor in 0.00 ms.
Mono: successfully reloaded assembly
- Completed reload, in  1.994 seconds
Platform modules already initialized, skipping
Refreshing native plugins compatible for Editor in 1.02 ms, found 1 plugins.
Preloading 0 native plugins for Editor in 0.00 ms.
Unloading 2665 Unused Serialized files (Serialized files now loaded: 0)
System memory in use before: 98.3 MB.
System memory in use after: 98.5 MB.

Unloading 10 unused Assets to reduce memory usage. Loaded Objects now: 3136.
Total: 4.386700 ms (FindLiveObjects: 0.473100 ms CreateObjectMapping: 0.270500 ms MarkObjects: 3.526500 ms  DeleteObjects: 0.113200 ms)

========================================================================
Received Prepare
Registering precompiled user dll's ...
Registered in 0.008719 seconds.
Begin MonoManager ReloadAssembly
Native extension for WindowsStandalone target not found
Refreshing native plugins compatible for Editor in 0.94 ms, found 1 plugins.
Preloading 0 native plugins for Editor in 0.00 ms.
Mono: successfully reloaded assembly
- Completed reload, in  1.837 seconds
Platform modules already initialized, skipping
Refreshing native plugins compatible for Editor in 1.35 ms, found 1 plugins.
Preloading 0 native plugins for Editor in 0.00 ms.
Unloading 2665 Unused Serialized files (Serialized files now loaded: 0)
System memory in use before: 98.3 MB.
System memory in use after: 98.5 MB.

Unloading 10 unused Assets to reduce memory usage. Loaded Objects now: 3138.
Total: 6.659100 ms (FindLiveObjects: 0.616500 ms CreateObjectMapping: 0.483500 ms MarkObjects: 5.451400 ms  DeleteObjects: 0.104100 ms)

========================================================================
Received Prepare
Registering precompiled user dll's ...
Registered in 0.010816 seconds.
Begin MonoManager ReloadAssembly
Native extension for WindowsStandalone target not found
Refreshing native plugins compatible for Editor in 0.93 ms, found 1 plugins.
Preloading 0 native plugins for Editor in 0.00 ms.
Mono: successfully reloaded assembly
- Completed reload, in  1.856 seconds
Platform modules already initialized, skipping
Refreshing native plugins compatible for Editor in 0.93 ms, found 1 plugins.
Preloading 0 native plugins for Editor in 0.00 ms.
Unloading 2665 Unused Serialized files (Serialized files now loaded: 0)
System memory in use before: 98.3 MB.
System memory in use after: 98.5 MB.

Unloading 10 unused Assets to reduce memory usage. Loaded Objects now: 3140.
Total: 3.936700 ms (FindLiveObjects: 0.463800 ms CreateObjectMapping: 0.201400 ms MarkObjects: 3.175000 ms  DeleteObjects: 0.093800 ms)

========================================================================
Received Prepare
Registering precompiled user dll's ...
Registered in 0.008178 seconds.
Begin MonoManager ReloadAssembly
Native extension for WindowsStandalone target not found
Refreshing native plugins compatible for Editor in 0.93 ms, found 1 plugins.
Preloading 0 native plugins for Editor in 0.00 ms.
Mono: successfully reloaded assembly
- Completed reload, in  1.910 seconds
Platform modules already initialized, skipping
Refreshing native plugins compatible for Editor in 1.32 ms, found 1 plugins.
Preloading 0 native plugins for Editor in 0.00 ms.
Unloading 2665 Unused Serialized files (Serialized files now loaded: 0)
System memory in use before: 98.3 MB.
System memory in use after: 98.5 MB.

Unloading 10 unused Assets to reduce memory usage. Loaded Objects now: 3142.
Total: 4.289200 ms (FindLiveObjects: 0.613300 ms CreateObjectMapping: 0.299200 ms MarkObjects: 3.250700 ms  DeleteObjects: 0.122400 ms)

========================================================================
Received Prepare
Registering precompiled user dll's ...
Registered in 0.011517 seconds.
Begin MonoManager ReloadAssembly
Native extension for WindowsStandalone target not found
Refreshing native plugins compatible for Editor in 1.12 ms, found 1 plugins.
Preloading 0 native plugins for Editor in 0.00 ms.
Mono: successfully reloaded assembly
- Completed reload, in  1.989 seconds
Platform modules already initialized, skipping
Refreshing native plugins compatible for Editor in 0.94 ms, found 1 plugins.
Preloading 0 native plugins for Editor in 0.00 ms.
Unloading 2665 Unused Serialized files (Serialized files now loaded: 0)
System memory in use before: 98.3 MB.
System memory in use after: 98.5 MB.

Unloading 10 unused Assets to reduce memory usage. Loaded Objects now: 3144.
Total: 4.443900 ms (FindLiveObjects: 0.828800 ms CreateObjectMapping: 0.276000 ms MarkObjects: 3.238700 ms  DeleteObjects: 0.097600 ms)

========================================================================
Received Prepare
Registering precompiled user dll's ...
Registered in 0.006715 seconds.
Begin MonoManager ReloadAssembly
Native extension for WindowsStandalone target not found
Refreshing native plugins compatible for Editor in 0.93 ms, found 1 plugins.
Preloading 0 native plugins for Editor in 0.00 ms.
Mono: successfully reloaded assembly
- Completed reload, in  1.903 seconds
Platform modules already initialized, skipping
Refreshing native plugins compatible for Editor in 1.26 ms, found 1 plugins.
Preloading 0 native plugins for Editor in 0.00 ms.
Unloading 2665 Unused Serialized files (Serialized files now loaded: 0)
System memory in use before: 98.3 MB.
System memory in use after: 98.5 MB.

Unloading 10 unused Assets to reduce memory usage. Loaded Objects now: 3146.
Total: 3.823500 ms (FindLiveObjects: 0.491900 ms CreateObjectMapping: 0.259300 ms MarkObjects: 2.975900 ms  DeleteObjects: 0.087300 ms)

========================================================================
Received Prepare
Registering precompiled user dll's ...
Registered in 0.008940 seconds.
Begin MonoManager ReloadAssembly
Native extension for WindowsStandalone target not found
Refreshing native plugins compatible for Editor in 0.95 ms, found 1 plugins.
Preloading 0 native plugins for Editor in 0.00 ms.
Mono: successfully reloaded assembly
- Completed reload, in  1.802 seconds
Platform modules already initialized, skipping
Refreshing native plugins compatible for Editor in 0.90 ms, found 1 plugins.
Preloading 0 native plugins for Editor in 0.00 ms.
Unloading 2665 Unused Serialized files (Serialized files now loaded: 0)
System memory in use before: 98.3 MB.
System memory in use after: 98.5 MB.

Unloading 10 unused Assets to reduce memory usage. Loaded Objects now: 3148.
Total: 4.286000 ms (FindLiveObjects: 0.717700 ms CreateObjectMapping: 0.213600 ms MarkObjects: 3.233900 ms  DeleteObjects: 0.118200 ms)

========================================================================
Received Prepare
Registering precompiled user dll's ...
Registered in 0.009292 seconds.
Begin MonoManager ReloadAssembly
Native extension for WindowsStandalone target not found
Refreshing native plugins compatible for Editor in 0.93 ms, found 1 plugins.
Preloading 0 native plugins for Editor in 0.00 ms.
Mono: successfully reloaded assembly
- Completed reload, in  1.856 seconds
Platform modules already initialized, skipping
Refreshing native plugins compatible for Editor in 1.09 ms, found 1 plugins.
Preloading 0 native plugins for Editor in 0.00 ms.
Unloading 2665 Unused Serialized files (Serialized files now loaded: 0)
System memory in use before: 98.3 MB.
System memory in use after: 98.5 MB.

Unloading 10 unused Assets to reduce memory usage. Loaded Objects now: 3150.
Total: 6.431100 ms (FindLiveObjects: 0.895800 ms CreateObjectMapping: 0.286300 ms MarkObjects: 5.144200 ms  DeleteObjects: 0.101200 ms)

========================================================================
Received Prepare
Registering precompiled user dll's ...
Registered in 0.011203 seconds.
Begin MonoManager ReloadAssembly
Native extension for WindowsStandalone target not found
Refreshing native plugins compatible for Editor in 1.09 ms, found 1 plugins.
Preloading 0 native plugins for Editor in 0.00 ms.
Mono: successfully reloaded assembly
- Completed reload, in  1.939 seconds
Platform modules already initialized, skipping
Refreshing native plugins compatible for Editor in 1.11 ms, found 1 plugins.
Preloading 0 native plugins for Editor in 0.00 ms.
Unloading 2665 Unused Serialized files (Serialized files now loaded: 0)
System memory in use before: 98.3 MB.
System memory in use after: 98.5 MB.

Unloading 10 unused Assets to reduce memory usage. Loaded Objects now: 3152.
Total: 4.324100 ms (FindLiveObjects: 0.745200 ms CreateObjectMapping: 0.341100 ms MarkObjects: 3.118500 ms  DeleteObjects: 0.116400 ms)

========================================================================
Received Import Request.
  Time since last request: 1320.310090 seconds.
  path: Assets/Challenge 1/Scripts/PlayerControllerX.cs
  artifactKey: Guid(0232a093d67e448b7a80e945acf8e227) Importer(815301076,1909f56bfc062723c751e8b465ee728b)
Start importing Assets/Challenge 1/Scripts/PlayerControllerX.cs using Guid(0232a093d67e448b7a80e945acf8e227) Importer(815301076,1909f56bfc062723c751e8b465ee728b)  -> (artifact id: 'a67acd9dd0da8b01af01515002cde882') in 0.059940 seconds 
========================================================================
Received Prepare
Registering precompiled user dll's ...
Registered in 0.007823 seconds.
Begin MonoManager ReloadAssembly
Native extension for WindowsStandalone target not found
Refreshing native plugins compatible for Editor in 2.51 ms, found 1 plugins.
Preloading 0 native plugins for Editor in 0.00 ms.
Mono: successfully reloaded assembly
- Completed reload, in  1.830 seconds
Platform modules already initialized, skipping
Refreshing native plugins compatible for Editor in 1.77 ms, found 1 plugins.
Preloading 0 native plugins for Editor in 0.00 ms.
Unloading 2664 Unused Serialized files (Serialized files now loaded: 0)
System memory in use before: 98.3 MB.
System memory in use after: 98.5 MB.

Unloading 11 unused Assets to reduce memory usage. Loaded Objects now: 3153.
Total: 7.171200 ms (FindLiveObjects: 0.482400 ms CreateObjectMapping: 0.316800 ms MarkObjects: 6.235200 ms  DeleteObjects: 0.133600 ms)

========================================================================
Received Import Request.
  Time since last request: 16.939618 seconds.
  path: Assets/Challenge 1/Scripts/FollowPlayerX.cs
  artifactKey: Guid(573453567e55b468d959b66ab676a102) Importer(815301076,1909f56bfc062723c751e8b465ee728b)
Start importing Assets/Challenge 1/Scripts/FollowPlayerX.cs using Guid(573453567e55b468d959b66ab676a102) Importer(815301076,1909f56bfc062723c751e8b465ee728b)  -> (artifact id: 'be168c321a0411c34fb8801cee39c9ea') in 0.036490 seconds 
========================================================================
Received Prepare
Registering precompiled user dll's ...
Registered in 0.006725 seconds.
Begin MonoManager ReloadAssembly
Native extension for WindowsStandalone target not found
Refreshing native plugins compatible for Editor in 1.13 ms, found 1 plugins.
Preloading 0 native plugins for Editor in 0.00 ms.
Mono: successfully reloaded assembly
- Completed reload, in  1.965 seconds
Platform modules already initialized, skipping
Refreshing native plugins compatible for Editor in 0.96 ms, found 1 plugins.
Preloading 0 native plugins for Editor in 0.00 ms.
Unloading 2663 Unused Serialized files (Serialized files now loaded: 0)
System memory in use before: 98.3 MB.
System memory in use after: 98.5 MB.

Unloading 11 unused Assets to reduce memory usage. Loaded Objects now: 3154.
Total: 4.050300 ms (FindLiveObjects: 0.466800 ms CreateObjectMapping: 0.243000 ms MarkObjects: 3.229400 ms  DeleteObjects: 0.108600 ms)

========================================================================
Received Import Request.
  Time since last request: 46.005129 seconds.
  path: Assets/Challenge 1/Scripts
  artifactKey: Guid(b80c3aa18becc4e8fa6d7888cadff7b6) Importer(815301076,1909f56bfc062723c751e8b465ee728b)
Start importing Assets/Challenge 1/Scripts using Guid(b80c3aa18becc4e8fa6d7888cadff7b6) Importer(815301076,1909f56bfc062723c751e8b465ee728b)  -> (artifact id: '907e3a1d59033693718d46fd32408ce1') in 0.022209 seconds 
========================================================================
Received Import Request.
  Time since last request: 11.245012 seconds.
  path: Assets/Challenge 1/Scripts/Follow.cs
  artifactKey: Guid(eb6d594616e2a25458fccfb003e3f749) Importer(815301076,1909f56bfc062723c751e8b465ee728b)
Start importing Assets/Challenge 1/Scripts/Follow.cs using Guid(eb6d594616e2a25458fccfb003e3f749) Importer(815301076,1909f56bfc062723c751e8b465ee728b)  -> (artifact id: '984b707f4fb389da9b78a5d9ddade18f') in 0.013865 seconds 
========================================================================
Received Prepare
Registering precompiled user dll's ...
Registered in 0.006815 seconds.
Begin MonoManager ReloadAssembly
Native extension for WindowsStandalone target not found
Refreshing native plugins compatible for Editor in 0.99 ms, found 1 plugins.
Preloading 0 native plugins for Editor in 0.00 ms.
Mono: successfully reloaded assembly
- Completed reload, in  1.832 seconds
Platform modules already initialized, skipping
Refreshing native plugins compatible for Editor in 0.92 ms, found 1 plugins.
Preloading 0 native plugins for Editor in 0.00 ms.
Unloading 2664 Unused Serialized files (Serialized files now loaded: 0)
System memory in use before: 98.3 MB.
System memory in use after: 98.5 MB.

Unloading 10 unused Assets to reduce memory usage. Loaded Objects now: 3157.
Total: 5.750700 ms (FindLiveObjects: 0.541000 ms CreateObjectMapping: 0.437700 ms MarkObjects: 4.661000 ms  DeleteObjects: 0.107400 ms)

========================================================================
Received Import Request.
  Time since last request: 196.641946 seconds.
  path: Assets/Challenge 1/Scripts/Follow.cs
  artifactKey: Guid(eb6d594616e2a25458fccfb003e3f749) Importer(815301076,1909f56bfc062723c751e8b465ee728b)
Start importing Assets/Challenge 1/Scripts/Follow.cs using Guid(eb6d594616e2a25458fccfb003e3f749) Importer(815301076,1909f56bfc062723c751e8b465ee728b)  -> (artifact id: '6367ac2860579606bfb518935881e103') in 0.032279 seconds 
========================================================================
Received Prepare
Registering precompiled user dll's ...
Registered in 0.006980 seconds.
Begin MonoManager ReloadAssembly
Native extension for WindowsStandalone target not found
Refreshing native plugins compatible for Editor in 0.94 ms, found 1 plugins.
Preloading 0 native plugins for Editor in 0.00 ms.
Mono: successfully reloaded assembly
- Completed reload, in  1.819 seconds
Platform modules already initialized, skipping
Refreshing native plugins compatible for Editor in 0.97 ms, found 1 plugins.
Preloading 0 native plugins for Editor in 0.00 ms.
Unloading 2664 Unused Serialized files (Serialized files now loaded: 0)
System memory in use before: 98.3 MB.
System memory in use after: 98.5 MB.

Unloading 10 unused Assets to reduce memory usage. Loaded Objects now: 3159.
Total: 6.625000 ms (FindLiveObjects: 0.514800 ms CreateObjectMapping: 0.318700 ms MarkObjects: 5.680900 ms  DeleteObjects: 0.106700 ms)

========================================================================
Received Import Request.
  Time since last request: 48.745686 seconds.
  path: Assets/Challenge 1/Scripts/Mov.cs
  artifactKey: Guid(d5cccc8059c201142bae017b4ab6ddfa) Importer(815301076,1909f56bfc062723c751e8b465ee728b)
Start importing Assets/Challenge 1/Scripts/Mov.cs using Guid(d5cccc8059c201142bae017b4ab6ddfa) Importer(815301076,1909f56bfc062723c751e8b465ee728b)  -> (artifact id: '50d727d88ed39789cd75b2d416241324') in 0.025850 seconds 
========================================================================
Received Prepare
Registering precompiled user dll's ...
Registered in 0.008292 seconds.
Begin MonoManager ReloadAssembly
Native extension for WindowsStandalone target not found
Refreshing native plugins compatible for Editor in 1.13 ms, found 1 plugins.
Preloading 0 native plugins for Editor in 0.00 ms.
Mono: successfully reloaded assembly
- Completed reload, in  1.956 seconds
Platform modules already initialized, skipping
Refreshing native plugins compatible for Editor in 0.97 ms, found 1 plugins.
Preloading 0 native plugins for Editor in 0.00 ms.
Unloading 2665 Unused Serialized files (Serialized files now loaded: 0)
System memory in use before: 98.3 MB.
System memory in use after: 98.5 MB.

Unloading 10 unused Assets to reduce memory usage. Loaded Objects now: 3162.
Total: 4.374200 ms (FindLiveObjects: 0.509200 ms CreateObjectMapping: 0.249400 ms MarkObjects: 3.481000 ms  DeleteObjects: 0.131000 ms)

========================================================================
Received Import Request.
  Time since last request: 377.830715 seconds.
  path: Assets/Challenge 1/Scripts/Mov.cs
  artifactKey: Guid(d5cccc8059c201142bae017b4ab6ddfa) Importer(815301076,1909f56bfc062723c751e8b465ee728b)
Start importing Assets/Challenge 1/Scripts/Mov.cs using Guid(d5cccc8059c201142bae017b4ab6ddfa) Importer(815301076,1909f56bfc062723c751e8b465ee728b)  -> (artifact id: '0ac3c8898a02fc5c5d89e6e7e4fb3020') in 0.016726 seconds 
========================================================================
Received Prepare
Registering precompiled user dll's ...
Registered in 0.010315 seconds.
Begin MonoManager ReloadAssembly
Native extension for WindowsStandalone target not found
Refreshing native plugins compatible for Editor in 1.14 ms, found 1 plugins.
Preloading 0 native plugins for Editor in 0.00 ms.
Mono: successfully reloaded assembly
- Completed reload, in  1.738 seconds
Platform modules already initialized, skipping
Refreshing native plugins compatible for Editor in 0.95 ms, found 1 plugins.
Preloading 0 native plugins for Editor in 0.00 ms.
Unloading 2665 Unused Serialized files (Serialized files now loaded: 0)
System memory in use before: 98.3 MB.
System memory in use after: 98.5 MB.

Unloading 10 unused Assets to reduce memory usage. Loaded Objects now: 3164.
Total: 4.147500 ms (FindLiveObjects: 0.547500 ms CreateObjectMapping: 0.235200 ms MarkObjects: 3.250800 ms  DeleteObjects: 0.111400 ms)

========================================================================
Received Prepare
Registering precompiled user dll's ...
Registered in 0.010799 seconds.
Begin MonoManager ReloadAssembly
Native extension for WindowsStandalone target not found
Refreshing native plugins compatible for Editor in 1.22 ms, found 1 plugins.
Preloading 0 native plugins for Editor in 0.00 ms.
Mono: successfully reloaded assembly
- Completed reload, in  2.082 seconds
Platform modules already initialized, skipping
Refreshing native plugins compatible for Editor in 1.10 ms, found 1 plugins.
Preloading 0 native plugins for Editor in 0.00 ms.
Unloading 2665 Unused Serialized files (Serialized files now loaded: 0)
System memory in use before: 98.3 MB.
System memory in use after: 98.5 MB.

Unloading 10 unused Assets to reduce memory usage. Loaded Objects now: 3166.
Total: 5.279300 ms (FindLiveObjects: 0.506500 ms CreateObjectMapping: 0.250900 ms MarkObjects: 4.374900 ms  DeleteObjects: 0.133400 ms)

========================================================================
Received Prepare
Registering precompiled user dll's ...
Registered in 0.007181 seconds.
Begin MonoManager ReloadAssembly
Native extension for WindowsStandalone target not found
Refreshing native plugins compatible for Editor in 1.24 ms, found 1 plugins.
Preloading 0 native plugins for Editor in 0.00 ms.
Mono: successfully reloaded assembly
- Completed reload, in  1.894 seconds
Platform modules already initialized, skipping
Refreshing native plugins compatible for Editor in 1.56 ms, found 1 plugins.
Preloading 0 native plugins for Editor in 0.00 ms.
Unloading 2665 Unused Serialized files (Serialized files now loaded: 0)
System memory in use before: 98.3 MB.
System memory in use after: 98.5 MB.

Unloading 10 unused Assets to reduce memory usage. Loaded Objects now: 3168.
Total: 5.694000 ms (FindLiveObjects: 0.774200 ms CreateObjectMapping: 0.216400 ms MarkObjects: 4.558400 ms  DeleteObjects: 0.141600 ms)

========================================================================
Received Prepare
Registering precompiled user dll's ...
Registered in 0.007271 seconds.
Begin MonoManager ReloadAssembly
Native extension for WindowsStandalone target not found
Refreshing native plugins compatible for Editor in 1.43 ms, found 1 plugins.
Preloading 0 native plugins for Editor in 0.00 ms.
Mono: successfully reloaded assembly
- Completed reload, in  1.977 seconds
Platform modules already initialized, skipping
Refreshing native plugins compatible for Editor in 2.78 ms, found 1 plugins.
Preloading 0 native plugins for Editor in 0.00 ms.
Unloading 2665 Unused Serialized files (Serialized files now loaded: 0)
System memory in use before: 98.3 MB.
System memory in use after: 98.5 MB.

Unloading 10 unused Assets to reduce memory usage. Loaded Objects now: 3170.
Total: 10.951400 ms (FindLiveObjects: 1.814500 ms CreateObjectMapping: 2.421900 ms MarkObjects: 6.553900 ms  DeleteObjects: 0.156800 ms)

========================================================================
Received Prepare
Registering precompiled user dll's ...
Registered in 0.010443 seconds.
Begin MonoManager ReloadAssembly
Native extension for WindowsStandalone target not found
Refreshing native plugins compatible for Editor in 0.92 ms, found 1 plugins.
Preloading 0 native plugins for Editor in 0.00 ms.
Mono: successfully reloaded assembly
- Completed reload, in  2.316 seconds
Platform modules already initialized, skipping
Refreshing native plugins compatible for Editor in 1.03 ms, found 1 plugins.
Preloading 0 native plugins for Editor in 0.00 ms.
Unloading 2665 Unused Serialized files (Serialized files now loaded: 0)
System memory in use before: 98.3 MB.
System memory in use after: 98.5 MB.

Unloading 10 unused Assets to reduce memory usage. Loaded Objects now: 3172.
Total: 4.703400 ms (FindLiveObjects: 0.579200 ms CreateObjectMapping: 0.213200 ms MarkObjects: 3.798500 ms  DeleteObjects: 0.109500 ms)

========================================================================
Received Prepare
Registering precompiled user dll's ...
Registered in 0.007334 seconds.
Begin MonoManager ReloadAssembly
Native extension for WindowsStandalone target not found
Refreshing native plugins compatible for Editor in 1.01 ms, found 1 plugins.
Preloading 0 native plugins for Editor in 0.00 ms.
Mono: successfully reloaded assembly
- Completed reload, in  1.724 seconds
Platform modules already initialized, skipping
Refreshing native plugins compatible for Editor in 2.06 ms, found 1 plugins.
Preloading 0 native plugins for Editor in 0.00 ms.
Unloading 2665 Unused Serialized files (Serialized files now loaded: 0)
System memory in use before: 98.3 MB.
System memory in use after: 98.5 MB.

Unloading 10 unused Assets to reduce memory usage. Loaded Objects now: 3174.
Total: 4.827000 ms (FindLiveObjects: 0.516200 ms CreateObjectMapping: 0.373200 ms MarkObjects: 3.807400 ms  DeleteObjects: 0.127500 ms)

========================================================================
Received Prepare
Registering precompiled user dll's ...
Registered in 0.009900 seconds.
Begin MonoManager ReloadAssembly
Native extension for WindowsStandalone target not found
Refreshing native plugins compatible for Editor in 0.93 ms, found 1 plugins.
Preloading 0 native plugins for Editor in 0.00 ms.
Mono: successfully reloaded assembly
- Completed reload, in  1.956 seconds
Platform modules already initialized, skipping
Refreshing native plugins compatible for Editor in 0.93 ms, found 1 plugins.
Preloading 0 native plugins for Editor in 0.00 ms.
Unloading 2665 Unused Serialized files (Serialized files now loaded: 0)
System memory in use before: 98.3 MB.
System memory in use after: 98.5 MB.

Unloading 10 unused Assets to reduce memory usage. Loaded Objects now: 3176.
Total: 3.843800 ms (FindLiveObjects: 0.442200 ms CreateObjectMapping: 0.212300 ms MarkObjects: 3.094300 ms  DeleteObjects: 0.093000 ms)

========================================================================
Received Prepare
Registering precompiled user dll's ...
Registered in 0.007500 seconds.
Begin MonoManager ReloadAssembly
Native extension for WindowsStandalone target not found
Refreshing native plugins compatible for Editor in 1.03 ms, found 1 plugins.
Preloading 0 native plugins for Editor in 0.00 ms.
Mono: successfully reloaded assembly
- Completed reload, in  1.751 seconds
Platform modules already initialized, skipping
Refreshing native plugins compatible for Editor in 1.18 ms, found 1 plugins.
Preloading 0 native plugins for Editor in 0.00 ms.
Unloading 2665 Unused Serialized files (Serialized files now loaded: 0)
System memory in use before: 98.4 MB.
System memory in use after: 98.5 MB.

Unloading 10 unused Assets to reduce memory usage. Loaded Objects now: 3178.
Total: 4.541400 ms (FindLiveObjects: 0.607500 ms CreateObjectMapping: 0.238900 ms MarkObjects: 3.535000 ms  DeleteObjects: 0.157600 ms)

========================================================================
Received Prepare
Registering precompiled user dll's ...
Registered in 0.008190 seconds.
Begin MonoManager ReloadAssembly
Native extension for WindowsStandalone target not found
Refreshing native plugins compatible for Editor in 0.96 ms, found 1 plugins.
Preloading 0 native plugins for Editor in 0.00 ms.
Mono: successfully reloaded assembly
- Completed reload, in  1.995 seconds
Platform modules already initialized, skipping
Refreshing native plugins compatible for Editor in 0.95 ms, found 1 plugins.
Preloading 0 native plugins for Editor in 0.00 ms.
Unloading 2665 Unused Serialized files (Serialized files now loaded: 0)
System memory in use before: 98.3 MB.
System memory in use after: 98.5 MB.

Unloading 10 unused Assets to reduce memory usage. Loaded Objects now: 3180.
Total: 4.909200 ms (FindLiveObjects: 0.523000 ms CreateObjectMapping: 0.346600 ms MarkObjects: 3.892300 ms  DeleteObjects: 0.144400 ms)

========================================================================
Received Prepare
Registering precompiled user dll's ...
Registered in 0.008686 seconds.
Begin MonoManager ReloadAssembly
Native extension for WindowsStandalone target not found
Refreshing native plugins compatible for Editor in 0.97 ms, found 1 plugins.
Preloading 0 native plugins for Editor in 0.00 ms.
Mono: successfully reloaded assembly
- Completed reload, in  1.885 seconds
Platform modules already initialized, skipping
Refreshing native plugins compatible for Editor in 1.11 ms, found 1 plugins.
Preloading 0 native plugins for Editor in 0.00 ms.
Unloading 2665 Unused Serialized files (Serialized files now loaded: 0)
System memory in use before: 98.4 MB.
System memory in use after: 98.6 MB.

Unloading 10 unused Assets to reduce memory usage. Loaded Objects now: 3182.
Total: 4.691000 ms (FindLiveObjects: 0.487100 ms CreateObjectMapping: 0.201100 ms MarkObjects: 3.894900 ms  DeleteObjects: 0.105000 ms)

========================================================================
Received Prepare
Registering precompiled user dll's ...
Registered in 0.008266 seconds.
Begin MonoManager ReloadAssembly
Native extension for WindowsStandalone target not found
Refreshing native plugins compatible for Editor in 1.07 ms, found 1 plugins.
Preloading 0 native plugins for Editor in 0.00 ms.
Mono: successfully reloaded assembly
- Completed reload, in  1.983 seconds
Platform modules already initialized, skipping
Refreshing native plugins compatible for Editor in 1.34 ms, found 1 plugins.
Preloading 0 native plugins for Editor in 0.00 ms.
Unloading 2665 Unused Serialized files (Serialized files now loaded: 0)
System memory in use before: 98.4 MB.
System memory in use after: 98.6 MB.

Unloading 10 unused Assets to reduce memory usage. Loaded Objects now: 3184.
Total: 4.940700 ms (FindLiveObjects: 0.620000 ms CreateObjectMapping: 0.420900 ms MarkObjects: 3.794200 ms  DeleteObjects: 0.101700 ms)

========================================================================
Received Prepare
Registering precompiled user dll's ...
Registered in 0.008101 seconds.
Begin MonoManager ReloadAssembly
Native extension for WindowsStandalone target not found
Refreshing native plugins compatible for Editor in 1.07 ms, found 1 plugins.
Preloading 0 native plugins for Editor in 0.00 ms.
Mono: successfully reloaded assembly
- Completed reload, in  2.356 seconds
Platform modules already initialized, skipping
Refreshing native plugins compatible for Editor in 0.94 ms, found 1 plugins.
Preloading 0 native plugins for Editor in 0.00 ms.
Unloading 2665 Unused Serialized files (Serialized files now loaded: 0)
System memory in use before: 98.4 MB.
System memory in use after: 98.6 MB.

Unloading 10 unused Assets to reduce memory usage. Loaded Objects now: 3186.
Total: 4.282600 ms (FindLiveObjects: 0.476100 ms CreateObjectMapping: 0.343200 ms MarkObjects: 3.349200 ms  DeleteObjects: 0.111600 ms)

========================================================================
Received Prepare
Registering precompiled user dll's ...
Registered in 0.010007 seconds.
Begin MonoManager ReloadAssembly
Native extension for WindowsStandalone target not found
Refreshing native plugins compatible for Editor in 1.09 ms, found 1 plugins.
Preloading 0 native plugins for Editor in 0.00 ms.
Mono: successfully reloaded assembly
- Completed reload, in  1.923 seconds
Platform modules already initialized, skipping
Refreshing native plugins compatible for Editor in 0.94 ms, found 1 plugins.
Preloading 0 native plugins for Editor in 0.00 ms.
Unloading 2665 Unused Serialized files (Serialized files now loaded: 0)
System memory in use before: 98.4 MB.
System memory in use after: 98.6 MB.

Unloading 10 unused Assets to reduce memory usage. Loaded Objects now: 3188.
Total: 5.391200 ms (FindLiveObjects: 0.691000 ms CreateObjectMapping: 0.388000 ms MarkObjects: 4.189200 ms  DeleteObjects: 0.120000 ms)

========================================================================
Received Prepare
Registering precompiled user dll's ...
Registered in 0.007586 seconds.
Begin MonoManager ReloadAssembly
Native extension for WindowsStandalone target not found
Refreshing native plugins compatible for Editor in 1.02 ms, found 1 plugins.
Preloading 0 native plugins for Editor in 0.00 ms.
Mono: successfully reloaded assembly
- Completed reload, in  1.901 seconds
Platform modules already initialized, skipping
Refreshing native plugins compatible for Editor in 1.14 ms, found 1 plugins.
Preloading 0 native plugins for Editor in 0.00 ms.
Unloading 2665 Unused Serialized files (Serialized files now loaded: 0)
System memory in use before: 98.4 MB.
System memory in use after: 98.6 MB.

Unloading 10 unused Assets to reduce memory usage. Loaded Objects now: 3190.
Total: 4.805000 ms (FindLiveObjects: 0.557500 ms CreateObjectMapping: 0.258400 ms MarkObjects: 3.807200 ms  DeleteObjects: 0.179200 ms)

========================================================================
Received Prepare
Registering precompiled user dll's ...
Registered in 0.009276 seconds.
Begin MonoManager ReloadAssembly
Native extension for WindowsStandalone target not found
Refreshing native plugins compatible for Editor in 0.99 ms, found 1 plugins.
Preloading 0 native plugins for Editor in 0.00 ms.
Mono: successfully reloaded assembly
- Completed reload, in  1.719 seconds
Platform modules already initialized, skipping
Refreshing native plugins compatible for Editor in 0.96 ms, found 1 plugins.
Preloading 0 native plugins for Editor in 0.00 ms.
Unloading 2665 Unused Serialized files (Serialized files now loaded: 0)
System memory in use before: 98.4 MB.
System memory in use after: 98.6 MB.

Unloading 10 unused Assets to reduce memory usage. Loaded Objects now: 3192.
Total: 4.675600 ms (FindLiveObjects: 0.454600 ms CreateObjectMapping: 0.240800 ms MarkObjects: 3.844500 ms  DeleteObjects: 0.132400 ms)

========================================================================
Received Prepare
Registering precompiled user dll's ...
Registered in 0.009573 seconds.
Begin MonoManager ReloadAssembly
Native extension for WindowsStandalone target not found
Refreshing native plugins compatible for Editor in 1.15 ms, found 1 plugins.
Preloading 0 native plugins for Editor in 0.00 ms.
Mono: successfully reloaded assembly
- Completed reload, in  1.822 seconds
Platform modules already initialized, skipping
Refreshing native plugins compatible for Editor in 0.98 ms, found 1 plugins.
Preloading 0 native plugins for Editor in 0.00 ms.
Unloading 2665 Unused Serialized files (Serialized files now loaded: 0)
System memory in use before: 98.4 MB.
System memory in use after: 98.6 MB.

Unloading 10 unused Assets to reduce memory usage. Loaded Objects now: 3194.
Total: 4.194800 ms (FindLiveObjects: 0.644200 ms CreateObjectMapping: 0.234400 ms MarkObjects: 3.221700 ms  DeleteObjects: 0.091700 ms)

========================================================================
Received Prepare
Registering precompiled user dll's ...
Registered in 0.006754 seconds.
Begin MonoManager ReloadAssembly
Native extension for WindowsStandalone target not found
Refreshing native plugins compatible for Editor in 0.94 ms, found 1 plugins.
Preloading 0 native plugins for Editor in 0.00 ms.
Mono: successfully reloaded assembly
- Completed reload, in  1.907 seconds
Platform modules already initialized, skipping
Refreshing native plugins compatible for Editor in 1.05 ms, found 1 plugins.
Preloading 0 native plugins for Editor in 0.00 ms.
Unloading 2665 Unused Serialized files (Serialized files now loaded: 0)
System memory in use before: 98.4 MB.
System memory in use after: 98.6 MB.

Unloading 10 unused Assets to reduce memory usage. Loaded Objects now: 3196.
Total: 5.960500 ms (FindLiveObjects: 0.733400 ms CreateObjectMapping: 0.487200 ms MarkObjects: 4.643900 ms  DeleteObjects: 0.093000 ms)

========================================================================
Received Prepare
Registering precompiled user dll's ...
Registered in 0.007856 seconds.
Begin MonoManager ReloadAssembly
Native extension for WindowsStandalone target not found
Refreshing native plugins compatible for Editor in 1.03 ms, found 1 plugins.
Preloading 0 native plugins for Editor in 0.00 ms.
Mono: successfully reloaded assembly
- Completed reload, in  1.726 seconds
Platform modules already initialized, skipping
Refreshing native plugins compatible for Editor in 0.92 ms, found 1 plugins.
Preloading 0 native plugins for Editor in 0.00 ms.
Unloading 2665 Unused Serialized files (Serialized files now loaded: 0)
System memory in use before: 98.4 MB.
System memory in use after: 98.6 MB.

Unloading 10 unused Assets to reduce memory usage. Loaded Objects now: 3198.
Total: 4.030600 ms (FindLiveObjects: 0.447700 ms CreateObjectMapping: 0.229100 ms MarkObjects: 3.261500 ms  DeleteObjects: 0.090300 ms)

========================================================================
Received Prepare
Registering precompiled user dll's ...
Registered in 0.008570 seconds.
Begin MonoManager ReloadAssembly
Native extension for WindowsStandalone target not found
Refreshing native plugins compatible for Editor in 1.36 ms, found 1 plugins.
Preloading 0 native plugins for Editor in 0.00 ms.
Mono: successfully reloaded assembly
- Completed reload, in  1.922 seconds
Platform modules already initialized, skipping
Refreshing native plugins compatible for Editor in 1.02 ms, found 1 plugins.
Preloading 0 native plugins for Editor in 0.00 ms.
Unloading 2665 Unused Serialized files (Serialized files now loaded: 0)
System memory in use before: 98.4 MB.
System memory in use after: 98.6 MB.

Unloading 10 unused Assets to reduce memory usage. Loaded Objects now: 3200.
Total: 4.635700 ms (FindLiveObjects: 0.446500 ms CreateObjectMapping: 0.204000 ms MarkObjects: 3.770000 ms  DeleteObjects: 0.211700 ms)

========================================================================
Received Prepare
Registering precompiled user dll's ...
Registered in 0.006969 seconds.
Begin MonoManager ReloadAssembly
Native extension for WindowsStandalone target not found
Refreshing native plugins compatible for Editor in 0.91 ms, found 1 plugins.
Preloading 0 native plugins for Editor in 0.00 ms.
Mono: successfully reloaded assembly
- Completed reload, in  1.859 seconds
Platform modules already initialized, skipping
Refreshing native plugins compatible for Editor in 1.07 ms, found 1 plugins.
Preloading 0 native plugins for Editor in 0.00 ms.
Unloading 2665 Unused Serialized files (Serialized files now loaded: 0)
System memory in use before: 98.4 MB.
System memory in use after: 98.6 MB.

Unloading 10 unused Assets to reduce memory usage. Loaded Objects now: 3202.
Total: 4.038400 ms (FindLiveObjects: 0.467000 ms CreateObjectMapping: 0.209000 ms MarkObjects: 3.265500 ms  DeleteObjects: 0.094800 ms)

========================================================================
Received Prepare
Registering precompiled user dll's ...
Registered in 0.006798 seconds.
Begin MonoManager ReloadAssembly
Native extension for WindowsStandalone target not found
Refreshing native plugins compatible for Editor in 0.99 ms, found 1 plugins.
Preloading 0 native plugins for Editor in 0.00 ms.
Mono: successfully reloaded assembly
- Completed reload, in  1.875 seconds
Platform modules already initialized, skipping
Refreshing native plugins compatible for Editor in 0.88 ms, found 1 plugins.
Preloading 0 native plugins for Editor in 0.00 ms.
Unloading 2665 Unused Serialized files (Serialized files now loaded: 0)
System memory in use before: 98.4 MB.
System memory in use after: 98.6 MB.

Unloading 10 unused Assets to reduce memory usage. Loaded Objects now: 3204.
Total: 5.441900 ms (FindLiveObjects: 0.910600 ms CreateObjectMapping: 0.306500 ms MarkObjects: 3.967200 ms  DeleteObjects: 0.254100 ms)

========================================================================
Received Prepare
Registering precompiled user dll's ...
Registered in 0.007361 seconds.
Begin MonoManager ReloadAssembly
Native extension for WindowsStandalone target not found
Refreshing native plugins compatible for Editor in 1.01 ms, found 1 plugins.
Preloading 0 native plugins for Editor in 0.00 ms.
Mono: successfully reloaded assembly
- Completed reload, in  1.759 seconds
Platform modules already initialized, skipping
Refreshing native plugins compatible for Editor in 0.91 ms, found 1 plugins.
Preloading 0 native plugins for Editor in 0.00 ms.
Unloading 2665 Unused Serialized files (Serialized files now loaded: 0)
System memory in use before: 98.4 MB.
System memory in use after: 98.6 MB.

Unloading 10 unused Assets to reduce memory usage. Loaded Objects now: 3206.
Total: 4.761300 ms (FindLiveObjects: 0.562900 ms CreateObjectMapping: 0.338000 ms MarkObjects: 3.745200 ms  DeleteObjects: 0.111500 ms)

========================================================================
Received Prepare
Registering precompiled user dll's ...
Registered in 0.006647 seconds.
Begin MonoManager ReloadAssembly
Native extension for WindowsStandalone target not found
Refreshing native plugins compatible for Editor in 0.97 ms, found 1 plugins.
Preloading 0 native plugins for Editor in 0.00 ms.
Mono: successfully reloaded assembly
- Completed reload, in  1.853 seconds
Platform modules already initialized, skipping
Refreshing native plugins compatible for Editor in 1.09 ms, found 1 plugins.
Preloading 0 native plugins for Editor in 0.00 ms.
Unloading 2665 Unused Serialized files (Serialized files now loaded: 0)
System memory in use before: 98.4 MB.
System memory in use after: 98.6 MB.

Unloading 10 unused Assets to reduce memory usage. Loaded Objects now: 3208.
Total: 4.019200 ms (FindLiveObjects: 0.476700 ms CreateObjectMapping: 0.250300 ms MarkObjects: 3.195900 ms  DeleteObjects: 0.093900 ms)

========================================================================
Received Prepare
Registering precompiled user dll's ...
Registered in 0.008768 seconds.
Begin MonoManager ReloadAssembly
Native extension for WindowsStandalone target not found
Refreshing native plugins compatible for Editor in 1.09 ms, found 1 plugins.
Preloading 0 native plugins for Editor in 0.00 ms.
Mono: successfully reloaded assembly
- Completed reload, in  2.037 seconds
Platform modules already initialized, skipping
Refreshing native plugins compatible for Editor in 0.91 ms, found 1 plugins.
Preloading 0 native plugins for Editor in 0.00 ms.
Unloading 2665 Unused Serialized files (Serialized files now loaded: 0)
System memory in use before: 98.4 MB.
System memory in use after: 98.6 MB.

Unloading 10 unused Assets to reduce memory usage. Loaded Objects now: 3210.
Total: 4.282400 ms (FindLiveObjects: 0.684100 ms CreateObjectMapping: 0.361700 ms MarkObjects: 3.128700 ms  DeleteObjects: 0.104900 ms)

========================================================================
Received Prepare
Registering precompiled user dll's ...
Registered in 0.009947 seconds.
Begin MonoManager ReloadAssembly
Native extension for WindowsStandalone target not found
Refreshing native plugins compatible for Editor in 0.94 ms, found 1 plugins.
Preloading 0 native plugins for Editor in 0.00 ms.
Mono: successfully reloaded assembly
- Completed reload, in  1.827 seconds
Platform modules already initialized, skipping
Refreshing native plugins compatible for Editor in 0.96 ms, found 1 plugins.
Preloading 0 native plugins for Editor in 0.00 ms.
Unloading 2665 Unused Serialized files (Serialized files now loaded: 0)
System memory in use before: 98.4 MB.
System memory in use after: 98.6 MB.

Unloading 10 unused Assets to reduce memory usage. Loaded Objects now: 3212.
Total: 4.148500 ms (FindLiveObjects: 0.462900 ms CreateObjectMapping: 0.211100 ms MarkObjects: 3.356500 ms  DeleteObjects: 0.115100 ms)

========================================================================
Received Prepare
Registering precompiled user dll's ...
Registered in 0.011824 seconds.
Begin MonoManager ReloadAssembly
Native extension for WindowsStandalone target not found
Refreshing native plugins compatible for Editor in 1.05 ms, found 1 plugins.
Preloading 0 native plugins for Editor in 0.00 ms.
Mono: successfully reloaded assembly
- Completed reload, in  2.032 seconds
Platform modules already initialized, skipping
Refreshing native plugins compatible for Editor in 1.05 ms, found 1 plugins.
Preloading 0 native plugins for Editor in 0.00 ms.
Unloading 2665 Unused Serialized files (Serialized files now loaded: 0)
System memory in use before: 98.4 MB.
System memory in use after: 98.6 MB.

Unloading 10 unused Assets to reduce memory usage. Loaded Objects now: 3214.
Total: 4.591100 ms (FindLiveObjects: 0.488800 ms CreateObjectMapping: 0.206900 ms MarkObjects: 3.780000 ms  DeleteObjects: 0.111600 ms)

========================================================================
Received Prepare
Registering precompiled user dll's ...
Registered in 0.007743 seconds.
Begin MonoManager ReloadAssembly
Native extension for WindowsStandalone target not found
Refreshing native plugins compatible for Editor in 0.96 ms, found 1 plugins.
Preloading 0 native plugins for Editor in 0.00 ms.
Mono: successfully reloaded assembly
- Completed reload, in  1.815 seconds
Platform modules already initialized, skipping
Refreshing native plugins compatible for Editor in 1.37 ms, found 1 plugins.
Preloading 0 native plugins for Editor in 0.00 ms.
Unloading 2665 Unused Serialized files (Serialized files now loaded: 0)
System memory in use before: 98.4 MB.
System memory in use after: 98.6 MB.

Unloading 10 unused Assets to reduce memory usage. Loaded Objects now: 3216.
Total: 5.640400 ms (FindLiveObjects: 0.586400 ms CreateObjectMapping: 0.264400 ms MarkObjects: 4.655600 ms  DeleteObjects: 0.131100 ms)

========================================================================
Received Prepare
Registering precompiled user dll's ...
Registered in 0.007831 seconds.
Begin MonoManager ReloadAssembly
Native extension for WindowsStandalone target not found
Refreshing native plugins compatible for Editor in 1.18 ms, found 1 plugins.
Preloading 0 native plugins for Editor in 0.00 ms.
Mono: successfully reloaded assembly
- Completed reload, in  1.787 seconds
Platform modules already initialized, skipping
Refreshing native plugins compatible for Editor in 0.91 ms, found 1 plugins.
Preloading 0 native plugins for Editor in 0.00 ms.
Unloading 2665 Unused Serialized files (Serialized files now loaded: 0)
System memory in use before: 98.4 MB.
System memory in use after: 98.6 MB.

Unloading 10 unused Assets to reduce memory usage. Loaded Objects now: 3218.
Total: 4.069300 ms (FindLiveObjects: 0.465700 ms CreateObjectMapping: 0.228900 ms MarkObjects: 3.279400 ms  DeleteObjects: 0.093100 ms)

========================================================================
Received Prepare
Registering precompiled user dll's ...
Registered in 0.007434 seconds.
Begin MonoManager ReloadAssembly
Native extension for WindowsStandalone target not found
Refreshing native plugins compatible for Editor in 1.09 ms, found 1 plugins.
Preloading 0 native plugins for Editor in 0.00 ms.
Mono: successfully reloaded assembly
- Completed reload, in  1.760 seconds
Platform modules already initialized, skipping
Refreshing native plugins compatible for Editor in 0.99 ms, found 1 plugins.
Preloading 0 native plugins for Editor in 0.00 ms.
Unloading 2665 Unused Serialized files (Serialized files now loaded: 0)
System memory in use before: 98.4 MB.
System memory in use after: 98.6 MB.

Unloading 10 unused Assets to reduce memory usage. Loaded Objects now: 3220.
Total: 4.072200 ms (FindLiveObjects: 0.480300 ms CreateObjectMapping: 0.200200 ms MarkObjects: 3.271100 ms  DeleteObjects: 0.118500 ms)

========================================================================
Received Prepare
Registering precompiled user dll's ...
Registered in 0.010484 seconds.
Begin MonoManager ReloadAssembly
Native extension for WindowsStandalone target not found
Refreshing native plugins compatible for Editor in 1.06 ms, found 1 plugins.
Preloading 0 native plugins for Editor in 0.00 ms.
Mono: successfully reloaded assembly
- Completed reload, in  2.238 seconds
Platform modules already initialized, skipping
Refreshing native plugins compatible for Editor in 0.97 ms, found 1 plugins.
Preloading 0 native plugins for Editor in 0.00 ms.
Unloading 2665 Unused Serialized files (Serialized files now loaded: 0)
System memory in use before: 98.4 MB.
System memory in use after: 98.6 MB.

Unloading 10 unused Assets to reduce memory usage. Loaded Objects now: 3222.
Total: 4.068400 ms (FindLiveObjects: 0.554900 ms CreateObjectMapping: 0.291200 ms MarkObjects: 3.121300 ms  DeleteObjects: 0.098000 ms)

========================================================================
Received Prepare
Registering precompiled user dll's ...
Registered in 0.007280 seconds.
Begin MonoManager ReloadAssembly
Native extension for WindowsStandalone target not found
Refreshing native plugins compatible for Editor in 1.06 ms, found 1 plugins.
Preloading 0 native plugins for Editor in 0.00 ms.
Mono: successfully reloaded assembly
- Completed reload, in  1.854 seconds
Platform modules already initialized, skipping
Refreshing native plugins compatible for Editor in 0.99 ms, found 1 plugins.
Preloading 0 native plugins for Editor in 0.00 ms.
Unloading 2665 Unused Serialized files (Serialized files now loaded: 0)
System memory in use before: 98.5 MB.
System memory in use after: 98.6 MB.

Unloading 10 unused Assets to reduce memory usage. Loaded Objects now: 3224.
Total: 7.720000 ms (FindLiveObjects: 0.796700 ms CreateObjectMapping: 0.497400 ms MarkObjects: 6.124200 ms  DeleteObjects: 0.297300 ms)

========================================================================
Received Prepare
Registering precompiled user dll's ...
Registered in 0.007668 seconds.
Begin MonoManager ReloadAssembly
Native extension for WindowsStandalone target not found
Refreshing native plugins compatible for Editor in 1.03 ms, found 1 plugins.
Preloading 0 native plugins for Editor in 0.00 ms.
Mono: successfully reloaded assembly
- Completed reload, in  1.888 seconds
Platform modules already initialized, skipping
Refreshing native plugins compatible for Editor in 0.91 ms, found 1 plugins.
Preloading 0 native plugins for Editor in 0.00 ms.
Unloading 2665 Unused Serialized files (Serialized files now loaded: 0)
System memory in use before: 98.5 MB.
System memory in use after: 98.7 MB.

Unloading 10 unused Assets to reduce memory usage. Loaded Objects now: 3226.
Total: 4.883700 ms (FindLiveObjects: 0.539500 ms CreateObjectMapping: 0.339000 ms MarkObjects: 3.898700 ms  DeleteObjects: 0.102700 ms)

========================================================================
Received Prepare
Registering precompiled user dll's ...
Registered in 0.006859 seconds.
Begin MonoManager ReloadAssembly
Native extension for WindowsStandalone target not found
Refreshing native plugins compatible for Editor in 1.02 ms, found 1 plugins.
Preloading 0 native plugins for Editor in 0.00 ms.
Mono: successfully reloaded assembly
- Completed reload, in  1.766 seconds
Platform modules already initialized, skipping
Refreshing native plugins compatible for Editor in 1.01 ms, found 1 plugins.
Preloading 0 native plugins for Editor in 0.00 ms.
Unloading 2665 Unused Serialized files (Serialized files now loaded: 0)
System memory in use before: 98.5 MB.
System memory in use after: 98.7 MB.

Unloading 10 unused Assets to reduce memory usage. Loaded Objects now: 3228.
Total: 4.142100 ms (FindLiveObjects: 0.494100 ms CreateObjectMapping: 0.252100 ms MarkObjects: 3.306100 ms  DeleteObjects: 0.087700 ms)

========================================================================
Received Prepare
Registering precompiled user dll's ...
Registered in 0.008820 seconds.
Begin MonoManager ReloadAssembly
Native extension for WindowsStandalone target not found
Refreshing native plugins compatible for Editor in 0.98 ms, found 1 plugins.
Preloading 0 native plugins for Editor in 0.00 ms.
Mono: successfully reloaded assembly
- Completed reload, in  1.863 seconds
Platform modules already initialized, skipping
Refreshing native plugins compatible for Editor in 0.90 ms, found 1 plugins.
Preloading 0 native plugins for Editor in 0.00 ms.
Unloading 2665 Unused Serialized files (Serialized files now loaded: 0)
System memory in use before: 98.5 MB.
System memory in use after: 98.7 MB.

Unloading 10 unused Assets to reduce memory usage. Loaded Objects now: 3230.
Total: 4.040800 ms (FindLiveObjects: 0.522000 ms CreateObjectMapping: 0.238800 ms MarkObjects: 3.184700 ms  DeleteObjects: 0.092300 ms)

========================================================================
Received Prepare
Registering precompiled user dll's ...
Registered in 0.006639 seconds.
Begin MonoManager ReloadAssembly
Native extension for WindowsStandalone target not found
Refreshing native plugins compatible for Editor in 0.96 ms, found 1 plugins.
Preloading 0 native plugins for Editor in 0.00 ms.
Mono: successfully reloaded assembly
- Completed reload, in  1.993 seconds
Platform modules already initialized, skipping
Refreshing native plugins compatible for Editor in 1.03 ms, found 1 plugins.
Preloading 0 native plugins for Editor in 0.00 ms.
Unloading 2665 Unused Serialized files (Serialized files now loaded: 0)
System memory in use before: 98.5 MB.
System memory in use after: 98.7 MB.

Unloading 10 unused Assets to reduce memory usage. Loaded Objects now: 3232.
Total: 4.192300 ms (FindLiveObjects: 0.484600 ms CreateObjectMapping: 0.200400 ms MarkObjects: 3.411100 ms  DeleteObjects: 0.094200 ms)

========================================================================
Received Prepare
Registering precompiled user dll's ...
Registered in 0.007359 seconds.
Begin MonoManager ReloadAssembly
Native extension for WindowsStandalone target not found
Refreshing native plugins compatible for Editor in 0.96 ms, found 1 plugins.
Preloading 0 native plugins for Editor in 0.00 ms.
Mono: successfully reloaded assembly
- Completed reload, in  1.981 seconds
Platform modules already initialized, skipping
Refreshing native plugins compatible for Editor in 0.92 ms, found 1 plugins.
Preloading 0 native plugins for Editor in 0.00 ms.
Unloading 2665 Unused Serialized files (Serialized files now loaded: 0)
System memory in use before: 98.5 MB.
System memory in use after: 98.7 MB.

Unloading 10 unused Assets to reduce memory usage. Loaded Objects now: 3234.
Total: 5.070500 ms (FindLiveObjects: 0.563400 ms CreateObjectMapping: 0.269100 ms MarkObjects: 4.143900 ms  DeleteObjects: 0.091500 ms)

========================================================================
Received Prepare
Registering precompiled user dll's ...
Registered in 0.049255 seconds.
Begin MonoManager ReloadAssembly
Native extension for WindowsStandalone target not found
Refreshing native plugins compatible for Editor in 1.07 ms, found 1 plugins.
Preloading 0 native plugins for Editor in 0.00 ms.
Mono: successfully reloaded assembly
- Completed reload, in  2.260 seconds
Platform modules already initialized, skipping
Refreshing native plugins compatible for Editor in 1.16 ms, found 1 plugins.
Preloading 0 native plugins for Editor in 0.00 ms.
Unloading 2666 Unused Serialized files (Serialized files now loaded: 0)
System memory in use before: 98.5 MB.
System memory in use after: 98.7 MB.

Unloading 10 unused Assets to reduce memory usage. Loaded Objects now: 3237.
Total: 5.075500 ms (FindLiveObjects: 0.480800 ms CreateObjectMapping: 0.223900 ms MarkObjects: 4.275800 ms  DeleteObjects: 0.093000 ms)

========================================================================
Received Import Request.
  Time since last request: 2005.459850 seconds.
  path: Assets/Challenge 1/Scripts/Rotation.cs
  artifactKey: Guid(bc2c69576134b204facc325840e6cde9) Importer(815301076,1909f56bfc062723c751e8b465ee728b)
Start importing Assets/Challenge 1/Scripts/Rotation.cs using Guid(bc2c69576134b204facc325840e6cde9) Importer(815301076,1909f56bfc062723c751e8b465ee728b)  -> (artifact id: 'fbfd20a03d44a59ad49446d3bfc03fad') in 0.020280 seconds 
========================================================================
Received Prepare
Registering precompiled user dll's ...
Registered in 0.014889 seconds.
Begin MonoManager ReloadAssembly
Native extension for WindowsStandalone target not found
Refreshing native plugins compatible for Editor in 1.19 ms, found 1 plugins.
Preloading 0 native plugins for Editor in 0.00 ms.
Mono: successfully reloaded assembly
- Completed reload, in  2.013 seconds
Platform modules already initialized, skipping
Refreshing native plugins compatible for Editor in 1.07 ms, found 1 plugins.
Preloading 0 native plugins for Editor in 0.00 ms.
Unloading 2666 Unused Serialized files (Serialized files now loaded: 0)
System memory in use before: 98.5 MB.
System memory in use after: 98.7 MB.

Unloading 10 unused Assets to reduce memory usage. Loaded Objects now: 3239.
Total: 4.178100 ms (FindLiveObjects: 0.465700 ms CreateObjectMapping: 0.198500 ms MarkObjects: 3.393900 ms  DeleteObjects: 0.116700 ms)

========================================================================
Received Prepare
Registering precompiled user dll's ...
Registered in 0.007151 seconds.
Begin MonoManager ReloadAssembly
Native extension for WindowsStandalone target not found
Refreshing native plugins compatible for Editor in 1.11 ms, found 1 plugins.
Preloading 0 native plugins for Editor in 0.00 ms.
Mono: successfully reloaded assembly
- Completed reload, in  1.935 seconds
Platform modules already initialized, skipping
Refreshing native plugins compatible for Editor in 0.98 ms, found 1 plugins.
Preloading 0 native plugins for Editor in 0.00 ms.
Unloading 2666 Unused Serialized files (Serialized files now loaded: 0)
System memory in use before: 98.5 MB.
System memory in use after: 98.7 MB.

Unloading 10 unused Assets to reduce memory usage. Loaded Objects now: 3241.
Total: 5.124200 ms (FindLiveObjects: 0.612500 ms CreateObjectMapping: 0.459300 ms MarkObjects: 3.939600 ms  DeleteObjects: 0.109800 ms)

========================================================================
Received Prepare
Registering precompiled user dll's ...
Registered in 0.008638 seconds.
Begin MonoManager ReloadAssembly
Native extension for WindowsStandalone target not found
Refreshing native plugins compatible for Editor in 0.94 ms, found 1 plugins.
Preloading 0 native plugins for Editor in 0.00 ms.
Mono: successfully reloaded assembly
- Completed reload, in  1.945 seconds
Platform modules already initialized, skipping
Refreshing native plugins compatible for Editor in 0.95 ms, found 1 plugins.
Preloading 0 native plugins for Editor in 0.00 ms.
Unloading 2666 Unused Serialized files (Serialized files now loaded: 0)
System memory in use before: 98.5 MB.
System memory in use after: 98.7 MB.

Unloading 10 unused Assets to reduce memory usage. Loaded Objects now: 3243.
Total: 4.142100 ms (FindLiveObjects: 0.488600 ms CreateObjectMapping: 0.223800 ms MarkObjects: 3.313100 ms  DeleteObjects: 0.113300 ms)

========================================================================
Received Prepare
Registering precompiled user dll's ...
Registered in 0.007373 seconds.
Begin MonoManager ReloadAssembly
Native extension for WindowsStandalone target not found
Refreshing native plugins compatible for Editor in 1.14 ms, found 1 plugins.
Preloading 0 native plugins for Editor in 0.00 ms.
Mono: successfully reloaded assembly
- Completed reload, in  1.885 seconds
Platform modules already initialized, skipping
Refreshing native plugins compatible for Editor in 0.93 ms, found 1 plugins.
Preloading 0 native plugins for Editor in 0.00 ms.
Unloading 2666 Unused Serialized files (Serialized files now loaded: 0)
System memory in use before: 98.5 MB.
System memory in use after: 98.7 MB.

Unloading 10 unused Assets to reduce memory usage. Loaded Objects now: 3245.
Total: 7.971500 ms (FindLiveObjects: 0.774900 ms CreateObjectMapping: 0.501200 ms MarkObjects: 6.096500 ms  DeleteObjects: 0.595200 ms)

========================================================================
Received Prepare
Registering precompiled user dll's ...
Registered in 0.007036 seconds.
Begin MonoManager ReloadAssembly
Native extension for WindowsStandalone target not found
Refreshing native plugins compatible for Editor in 1.04 ms, found 1 plugins.
Preloading 0 native plugins for Editor in 0.00 ms.
Mono: successfully reloaded assembly
- Completed reload, in  1.921 seconds
Platform modules already initialized, skipping
Refreshing native plugins compatible for Editor in 1.02 ms, found 1 plugins.
Preloading 0 native plugins for Editor in 0.00 ms.
Unloading 2666 Unused Serialized files (Serialized files now loaded: 0)
System memory in use before: 98.5 MB.
System memory in use after: 98.7 MB.

Unloading 10 unused Assets to reduce memory usage. Loaded Objects now: 3247.
Total: 4.274000 ms (FindLiveObjects: 0.634900 ms CreateObjectMapping: 0.253200 ms MarkObjects: 3.255000 ms  DeleteObjects: 0.127300 ms)

========================================================================
Received Prepare
Registering precompiled user dll's ...
Registered in 0.009438 seconds.
Begin MonoManager ReloadAssembly
Native extension for WindowsStandalone target not found
Refreshing native plugins compatible for Editor in 1.11 ms, found 1 plugins.
Preloading 0 native plugins for Editor in 0.00 ms.
Mono: successfully reloaded assembly
- Completed reload, in  1.858 seconds
Platform modules already initialized, skipping
Refreshing native plugins compatible for Editor in 0.90 ms, found 1 plugins.
Preloading 0 native plugins for Editor in 0.00 ms.
Unloading 2666 Unused Serialized files (Serialized files now loaded: 0)
System memory in use before: 98.5 MB.
System memory in use after: 98.7 MB.

Unloading 10 unused Assets to reduce memory usage. Loaded Objects now: 3249.
Total: 5.594000 ms (FindLiveObjects: 0.659700 ms CreateObjectMapping: 0.374000 ms MarkObjects: 4.401400 ms  DeleteObjects: 0.155600 ms)

========================================================================
Received Prepare
Registering precompiled user dll's ...
Registered in 0.010296 seconds.
Begin MonoManager ReloadAssembly
Native extension for WindowsStandalone target not found
Refreshing native plugins compatible for Editor in 1.12 ms, found 1 plugins.
Preloading 0 native plugins for Editor in 0.00 ms.
Mono: successfully reloaded assembly
- Completed reload, in  2.021 seconds
Platform modules already initialized, skipping
Refreshing native plugins compatible for Editor in 0.95 ms, found 1 plugins.
Preloading 0 native plugins for Editor in 0.00 ms.
Unloading 2666 Unused Serialized files (Serialized files now loaded: 0)
System memory in use before: 98.5 MB.
System memory in use after: 98.7 MB.

Unloading 10 unused Assets to reduce memory usage. Loaded Objects now: 3251.
Total: 4.034300 ms (FindLiveObjects: 0.540700 ms CreateObjectMapping: 0.223700 ms MarkObjects: 3.171600 ms  DeleteObjects: 0.095600 ms)

========================================================================
Received Prepare
Registering precompiled user dll's ...
Registered in 0.009138 seconds.
Begin MonoManager ReloadAssembly
Native extension for WindowsStandalone target not found
Refreshing native plugins compatible for Editor in 1.11 ms, found 1 plugins.
Preloading 0 native plugins for Editor in 0.00 ms.
Mono: successfully reloaded assembly
- Completed reload, in  1.959 seconds
Platform modules already initialized, skipping
Refreshing native plugins compatible for Editor in 0.97 ms, found 1 plugins.
Preloading 0 native plugins for Editor in 0.00 ms.
Unloading 2666 Unused Serialized files (Serialized files now loaded: 0)
System memory in use before: 98.5 MB.
System memory in use after: 98.7 MB.

Unloading 10 unused Assets to reduce memory usage. Loaded Objects now: 3253.
Total: 4.148100 ms (FindLiveObjects: 0.489100 ms CreateObjectMapping: 0.247100 ms MarkObjects: 3.316700 ms  DeleteObjects: 0.093000 ms)

========================================================================
Received Prepare
Registering precompiled user dll's ...
Registered in 0.014495 seconds.
Begin MonoManager ReloadAssembly
Native extension for WindowsStandalone target not found
Refreshing native plugins compatible for Editor in 1.24 ms, found 1 plugins.
Preloading 0 native plugins for Editor in 0.00 ms.
Mono: successfully reloaded assembly
- Completed reload, in  2.041 seconds
Platform modules already initialized, skipping
Refreshing native plugins compatible for Editor in 1.33 ms, found 1 plugins.
Preloading 0 native plugins for Editor in 0.00 ms.
Unloading 2666 Unused Serialized files (Serialized files now loaded: 0)
System memory in use before: 98.5 MB.
System memory in use after: 98.7 MB.

Unloading 10 unused Assets to reduce memory usage. Loaded Objects now: 3255.
Total: 4.058200 ms (FindLiveObjects: 0.474000 ms CreateObjectMapping: 0.237900 ms MarkObjects: 3.220400 ms  DeleteObjects: 0.123600 ms)

========================================================================
Received Prepare
Registering precompiled user dll's ...
Registered in 0.010744 seconds.
Begin MonoManager ReloadAssembly
Native extension for WindowsStandalone target not found
Refreshing native plugins compatible for Editor in 1.09 ms, found 1 plugins.
Preloading 0 native plugins for Editor in 0.00 ms.
Mono: successfully reloaded assembly
- Completed reload, in  1.966 seconds
Platform modules already initialized, skipping
Refreshing native plugins compatible for Editor in 2.17 ms, found 1 plugins.
Preloading 0 native plugins for Editor in 0.00 ms.
Unloading 2666 Unused Serialized files (Serialized files now loaded: 0)
System memory in use before: 98.5 MB.
System memory in use after: 98.7 MB.

Unloading 10 unused Assets to reduce memory usage. Loaded Objects now: 3257.
Total: 8.931700 ms (FindLiveObjects: 1.985400 ms CreateObjectMapping: 0.510100 ms MarkObjects: 6.273500 ms  DeleteObjects: 0.158300 ms)

========================================================================
Received Prepare
Registering precompiled user dll's ...
Registered in 0.007741 seconds.
Begin MonoManager ReloadAssembly
Native extension for WindowsStandalone target not found
Refreshing native plugins compatible for Editor in 1.02 ms, found 1 plugins.
Preloading 0 native plugins for Editor in 0.00 ms.
Mono: successfully reloaded assembly
- Completed reload, in  1.808 seconds
Platform modules already initialized, skipping
Refreshing native plugins compatible for Editor in 0.91 ms, found 1 plugins.
Preloading 0 native plugins for Editor in 0.00 ms.
Unloading 2666 Unused Serialized files (Serialized files now loaded: 0)
System memory in use before: 98.6 MB.
System memory in use after: 98.8 MB.

Unloading 10 unused Assets to reduce memory usage. Loaded Objects now: 3259.
Total: 5.796300 ms (FindLiveObjects: 0.659900 ms CreateObjectMapping: 0.262600 ms MarkObjects: 4.384900 ms  DeleteObjects: 0.485000 ms)

========================================================================
Received Prepare
Registering precompiled user dll's ...
Registered in 0.008936 seconds.
Begin MonoManager ReloadAssembly
Native extension for WindowsStandalone target not found
Refreshing native plugins compatible for Editor in 1.12 ms, found 1 plugins.
Preloading 0 native plugins for Editor in 0.00 ms.
Mono: successfully reloaded assembly
- Completed reload, in  2.018 seconds
Platform modules already initialized, skipping
Refreshing native plugins compatible for Editor in 0.93 ms, found 1 plugins.
Preloading 0 native plugins for Editor in 0.00 ms.
Unloading 2666 Unused Serialized files (Serialized files now loaded: 0)
System memory in use before: 98.6 MB.
System memory in use after: 98.8 MB.

Unloading 10 unused Assets to reduce memory usage. Loaded Objects now: 3261.
Total: 4.642200 ms (FindLiveObjects: 0.547600 ms CreateObjectMapping: 0.220000 ms MarkObjects: 3.773700 ms  DeleteObjects: 0.098600 ms)

========================================================================
Received Prepare
Registering precompiled user dll's ...
Registered in 0.011262 seconds.
Begin MonoManager ReloadAssembly
Native extension for WindowsStandalone target not found
Refreshing native plugins compatible for Editor in 1.12 ms, found 1 plugins.
Preloading 0 native plugins for Editor in 0.00 ms.
Mono: successfully reloaded assembly
- Completed reload, in  1.780 seconds
Platform modules already initialized, skipping
Refreshing native plugins compatible for Editor in 0.91 ms, found 1 plugins.
Preloading 0 native plugins for Editor in 0.00 ms.
Unloading 2666 Unused Serialized files (Serialized files now loaded: 0)
System memory in use before: 98.6 MB.
System memory in use after: 98.8 MB.

Unloading 10 unused Assets to reduce memory usage. Loaded Objects now: 3263.
Total: 4.128300 ms (FindLiveObjects: 0.480300 ms CreateObjectMapping: 0.257400 ms MarkObjects: 3.267200 ms  DeleteObjects: 0.121100 ms)

========================================================================
Received Prepare
Registering precompiled user dll's ...
Registered in 0.009345 seconds.
Begin MonoManager ReloadAssembly
Native extension for WindowsStandalone target not found
Refreshing native plugins compatible for Editor in 0.93 ms, found 1 plugins.
Preloading 0 native plugins for Editor in 0.00 ms.
Mono: successfully reloaded assembly
- Completed reload, in  1.921 seconds
Platform modules already initialized, skipping
Refreshing native plugins compatible for Editor in 0.93 ms, found 1 plugins.
Preloading 0 native plugins for Editor in 0.00 ms.
Unloading 2666 Unused Serialized files (Serialized files now loaded: 0)
System memory in use before: 98.6 MB.
System memory in use after: 98.8 MB.

Unloading 10 unused Assets to reduce memory usage. Loaded Objects now: 3265.
Total: 4.455700 ms (FindLiveObjects: 0.526200 ms CreateObjectMapping: 0.240600 ms MarkObjects: 3.589300 ms  DeleteObjects: 0.097000 ms)

========================================================================
Received Prepare
Registering precompiled user dll's ...
Registered in 0.007243 seconds.
Begin MonoManager ReloadAssembly
Native extension for WindowsStandalone target not found
Refreshing native plugins compatible for Editor in 0.96 ms, found 1 plugins.
Preloading 0 native plugins for Editor in 0.00 ms.
Mono: successfully reloaded assembly
- Completed reload, in  1.900 seconds
Platform modules already initialized, skipping
Refreshing native plugins compatible for Editor in 0.99 ms, found 1 plugins.
Preloading 0 native plugins for Editor in 0.00 ms.
Unloading 2666 Unused Serialized files (Serialized files now loaded: 0)
System memory in use before: 98.6 MB.
System memory in use after: 98.8 MB.

Unloading 10 unused Assets to reduce memory usage. Loaded Objects now: 3267.
Total: 7.321000 ms (FindLiveObjects: 1.438900 ms CreateObjectMapping: 0.482900 ms MarkObjects: 5.291800 ms  DeleteObjects: 0.104200 ms)

========================================================================
Received Prepare
Registering precompiled user dll's ...
Registered in 0.010844 seconds.
Begin MonoManager ReloadAssembly
Native extension for WindowsStandalone target not found
Refreshing native plugins compatible for Editor in 1.06 ms, found 1 plugins.
Preloading 0 native plugins for Editor in 0.00 ms.
Mono: successfully reloaded assembly
- Completed reload, in  2.016 seconds
Platform modules already initialized, skipping
Refreshing native plugins compatible for Editor in 0.96 ms, found 1 plugins.
Preloading 0 native plugins for Editor in 0.00 ms.
Unloading 2666 Unused Serialized files (Serialized files now loaded: 0)
System memory in use before: 98.6 MB.
System memory in use after: 98.8 MB.

Unloading 10 unused Assets to reduce memory usage. Loaded Objects now: 3269.
Total: 4.337500 ms (FindLiveObjects: 0.513400 ms CreateObjectMapping: 0.202200 ms MarkObjects: 3.513900 ms  DeleteObjects: 0.105500 ms)

========================================================================
Received Prepare
Registering precompiled user dll's ...
Registered in 0.008427 seconds.
Begin MonoManager ReloadAssembly
Native extension for WindowsStandalone target not found
Refreshing native plugins compatible for Editor in 1.09 ms, found 1 plugins.
Preloading 0 native plugins for Editor in 0.00 ms.
Mono: successfully reloaded assembly
- Completed reload, in  1.870 seconds
Platform modules already initialized, skipping
Refreshing native plugins compatible for Editor in 0.96 ms, found 1 plugins.
Preloading 0 native plugins for Editor in 0.00 ms.
Unloading 2666 Unused Serialized files (Serialized files now loaded: 0)
System memory in use before: 98.6 MB.
System memory in use after: 98.8 MB.

Unloading 10 unused Assets to reduce memory usage. Loaded Objects now: 3271.
Total: 4.443400 ms (FindLiveObjects: 0.710500 ms CreateObjectMapping: 0.324400 ms MarkObjects: 3.289200 ms  DeleteObjects: 0.116700 ms)

AssetImportWorkerClient::OnTransportError - code=2 error=End of file
