Using pre-set license
Built from '2021.1/release' branch; Version is '2021.1.0f1 (61a549675243) revision 6399305'; Using compiler version '192528614'; Build Type 'Release'
OS: 'Windows 10 Pro; OS build 19044.1586; Version 2009; 64bit' Language: 'es' Physical Memory: 14283 MB
BatchMode: 1, IsHumanControllingUs: 0, StartBugReporterOnCrash: 0, Is64bit: 1, IsPro: 0

 COMMAND LINE ARGUMENTS:
C:\Program Files\Unity\Hub\Editor\2021.1.0f1\Editor\Unity.exe
-adb2
-batchMode
-noUpm
-name
AssetImportWorker0
-projectPath
C:/Users/BTO/Documents/Unity_Proyecto1/Curso-Unity-2020/5_FruitNinja
-logFile
Logs/AssetImportWorker0.log
-srvPort
58225
Successfully changed project path to: C:/Users/BTO/Documents/Unity_Proyecto1/Curso-Unity-2020/5_FruitNinja
C:/Users/BTO/Documents/Unity_Proyecto1/Curso-Unity-2020/5_FruitNinja
Using Asset Import Pipeline V2.
Refreshing native plugins compatible for Editor in 181.87 ms, found 1 plugins.
Preloading 0 native plugins for Editor in 0.00 ms.
Initialize engine version: 2021.1.0f1 (61a549675243)
[Subsystems] Discovering subsystems at path C:/Program Files/Unity/Hub/Editor/2021.1.0f1/Editor/Data/Resources/UnitySubsystems
[Subsystems] Discovering subsystems at path C:/Users/BTO/Documents/Unity_Proyecto1/Curso-Unity-2020/5_FruitNinja/Assets
GfxDevice: creating device client; threaded=0; jobified=0
Direct3D:
    Version:  Direct3D 11.0 [level 11.1]
    Renderer: AMD Radeon R7 Graphics (ID=0x9874)
    Vendor:   ATI
    VRAM:     7141 MB
    Driver:   27.20.20903.8001
Initialize mono
Mono path[0] = 'C:/Program Files/Unity/Hub/Editor/2021.1.0f1/Editor/Data/Managed'
Mono path[1] = 'C:/Program Files/Unity/Hub/Editor/2021.1.0f1/Editor/Data/MonoBleedingEdge/lib/mono/unityjit'
Mono config path = 'C:/Program Files/Unity/Hub/Editor/2021.1.0f1/Editor/Data/MonoBleedingEdge/etc'
Using monoOptions --debugger-agent=transport=dt_socket,embedding=1,server=y,suspend=n,address=127.0.0.1:56704
Begin MonoManager ReloadAssembly
Registering precompiled unity dll's ...
Register platform support module: C:/Program Files/Unity/Hub/Editor/2021.1.0f1/Editor/Data/PlaybackEngines/WindowsStandaloneSupport/UnityEditor.WindowsStandalone.Extensions.dll
Registered in 0.008570 seconds.
Native extension for WindowsStandalone target not found
Refreshing native plugins compatible for Editor in 212.31 ms, found 1 plugins.
Preloading 0 native plugins for Editor in 0.00 ms.
Mono: successfully reloaded assembly
- Completed reload, in  5.025 seconds
Platform modules already initialized, skipping
Registering precompiled user dll's ...
Registered in 0.009535 seconds.
Begin MonoManager ReloadAssembly
Native extension for WindowsStandalone target not found
Refreshing native plugins compatible for Editor in 0.95 ms, found 1 plugins.
Preloading 0 native plugins for Editor in 0.00 ms.
Mono: successfully reloaded assembly
- Completed reload, in  4.350 seconds
Platform modules already initialized, skipping
========================================================================
Worker process is ready to serve import requests
Launched and connected shader compiler UnityShaderCompiler.exe after 0.19 seconds
Refreshing native plugins compatible for Editor in 1.14 ms, found 1 plugins.
Preloading 0 native plugins for Editor in 0.00 ms.
Unloading 2716 Unused Serialized files (Serialized files now loaded: 0)
System memory in use before: 101.4 MB.
System memory in use after: 101.6 MB.

Unloading 15 unused Assets to reduce memory usage. Loaded Objects now: 3168.
Total: 4.898000 ms (FindLiveObjects: 0.752700 ms CreateObjectMapping: 0.380400 ms MarkObjects: 3.387300 ms  DeleteObjects: 0.373700 ms)

========================================================================
Received Import Request.
  path: Assets/Course Library/_Scripts/GameManager.cs
  artifactKey: Guid(984fdd4d4f246c348b57c40229617bd6) Importer(815301076,1909f56bfc062723c751e8b465ee728b)
Start importing Assets/Course Library/_Scripts/GameManager.cs using Guid(984fdd4d4f246c348b57c40229617bd6) Importer(815301076,1909f56bfc062723c751e8b465ee728b)  -> (artifact id: '67896ae76eff0fb350409f44398cdfbf') in 0.164635 seconds 
========================================================================
Received Import Request.
  Time since last request: 288.034438 seconds.
  path: Assets/Course Library/_Scripts/DifficultyButton.cs
  artifactKey: Guid(8e89a18e3be0bb1468ff83925672b7e7) Importer(815301076,1909f56bfc062723c751e8b465ee728b)
Start importing Assets/Course Library/_Scripts/DifficultyButton.cs using Guid(8e89a18e3be0bb1468ff83925672b7e7) Importer(815301076,1909f56bfc062723c751e8b465ee728b)  -> (artifact id: '52e312eed2d47c53f94b48767187611c') in 0.031671 seconds 
========================================================================
Received Prepare
Registering precompiled user dll's ...
Registered in 0.008938 seconds.
Begin MonoManager ReloadAssembly
Native extension for WindowsStandalone target not found
Refreshing native plugins compatible for Editor in 1.07 ms, found 1 plugins.
Preloading 0 native plugins for Editor in 0.00 ms.
Mono: successfully reloaded assembly
- Completed reload, in  1.853 seconds
Platform modules already initialized, skipping
Refreshing native plugins compatible for Editor in 0.99 ms, found 1 plugins.
Preloading 0 native plugins for Editor in 0.00 ms.
Unloading 2698 Unused Serialized files (Serialized files now loaded: 0)
System memory in use before: 100.4 MB.
System memory in use after: 100.6 MB.

Unloading 10 unused Assets to reduce memory usage. Loaded Objects now: 3172.
Total: 4.980200 ms (FindLiveObjects: 0.711800 ms CreateObjectMapping: 0.409100 ms MarkObjects: 3.727100 ms  DeleteObjects: 0.129400 ms)

========================================================================
Received Prepare
Registering precompiled user dll's ...
Registered in 0.051152 seconds.
Begin MonoManager ReloadAssembly
Native extension for WindowsStandalone target not found
Refreshing native plugins compatible for Editor in 1.42 ms, found 1 plugins.
Preloading 0 native plugins for Editor in 0.00 ms.
Mono: successfully reloaded assembly
- Completed reload, in  2.494 seconds
Platform modules already initialized, skipping
Refreshing native plugins compatible for Editor in 1.00 ms, found 1 plugins.
Preloading 0 native plugins for Editor in 0.00 ms.
Unloading 2698 Unused Serialized files (Serialized files now loaded: 0)
System memory in use before: 100.4 MB.
System memory in use after: 100.6 MB.

Unloading 10 unused Assets to reduce memory usage. Loaded Objects now: 3175.
Total: 4.301700 ms (FindLiveObjects: 0.450000 ms CreateObjectMapping: 0.252100 ms MarkObjects: 3.473400 ms  DeleteObjects: 0.122800 ms)

========================================================================
Received Import Request.
  Time since last request: 447.162795 seconds.
  path: Assets/Course Library/_Scripts/DifficultyButton.cs
  artifactKey: Guid(8e89a18e3be0bb1468ff83925672b7e7) Importer(815301076,1909f56bfc062723c751e8b465ee728b)
Start importing Assets/Course Library/_Scripts/DifficultyButton.cs using Guid(8e89a18e3be0bb1468ff83925672b7e7) Importer(815301076,1909f56bfc062723c751e8b465ee728b)  -> (artifact id: '589160278b8c536e4ab4f0419d4d45f4') in 0.027129 seconds 
========================================================================
Received Prepare
Registering precompiled user dll's ...
Registered in 0.007018 seconds.
Begin MonoManager ReloadAssembly
Native extension for WindowsStandalone target not found
Refreshing native plugins compatible for Editor in 1.19 ms, found 1 plugins.
Preloading 0 native plugins for Editor in 0.00 ms.
Mono: successfully reloaded assembly
- Completed reload, in  1.837 seconds
Platform modules already initialized, skipping
Refreshing native plugins compatible for Editor in 1.52 ms, found 1 plugins.
Preloading 0 native plugins for Editor in 0.00 ms.
Unloading 2698 Unused Serialized files (Serialized files now loaded: 0)
System memory in use before: 100.4 MB.
System memory in use after: 100.6 MB.

Unloading 10 unused Assets to reduce memory usage. Loaded Objects now: 3178.
Total: 4.696700 ms (FindLiveObjects: 0.495200 ms CreateObjectMapping: 0.218500 ms MarkObjects: 3.869000 ms  DeleteObjects: 0.110700 ms)

========================================================================
Received Import Request.
  Time since last request: 194.768257 seconds.
  path: Assets/Course Library/_Scripts/DifficultyButton.cs
  artifactKey: Guid(8e89a18e3be0bb1468ff83925672b7e7) Importer(815301076,1909f56bfc062723c751e8b465ee728b)
Start importing Assets/Course Library/_Scripts/DifficultyButton.cs using Guid(8e89a18e3be0bb1468ff83925672b7e7) Importer(815301076,1909f56bfc062723c751e8b465ee728b)  -> (artifact id: '1d8a222584c28d6566d7b5f558042b91') in 0.025729 seconds 
========================================================================
Received Prepare
Registering precompiled user dll's ...
Registered in 0.013709 seconds.
Begin MonoManager ReloadAssembly
Native extension for WindowsStandalone target not found
Refreshing native plugins compatible for Editor in 1.25 ms, found 1 plugins.
Preloading 0 native plugins for Editor in 0.00 ms.
Mono: successfully reloaded assembly
- Completed reload, in  7.785 seconds
Platform modules already initialized, skipping
Refreshing native plugins compatible for Editor in 1.67 ms, found 1 plugins.
Preloading 0 native plugins for Editor in 0.00 ms.
Unloading 2698 Unused Serialized files (Serialized files now loaded: 0)
System memory in use before: 100.4 MB.
System memory in use after: 100.6 MB.

Unloading 10 unused Assets to reduce memory usage. Loaded Objects now: 3181.
Total: 10.201300 ms (FindLiveObjects: 0.514400 ms CreateObjectMapping: 1.801400 ms MarkObjects: 7.764300 ms  DeleteObjects: 0.118700 ms)

========================================================================
Received Import Request.
  Time since last request: 353.670379 seconds.
  path: Assets/Course Library/_Scripts/DifficultyButton.cs
  artifactKey: Guid(8e89a18e3be0bb1468ff83925672b7e7) Importer(815301076,1909f56bfc062723c751e8b465ee728b)
Start importing Assets/Course Library/_Scripts/DifficultyButton.cs using Guid(8e89a18e3be0bb1468ff83925672b7e7) Importer(815301076,1909f56bfc062723c751e8b465ee728b)  -> (artifact id: '606edd9a3d5177ba1eb831102cd013a4') in 0.025268 seconds 
========================================================================
Received Prepare
Registering precompiled user dll's ...
Registered in 0.013685 seconds.
Begin MonoManager ReloadAssembly
Native extension for WindowsStandalone target not found
Refreshing native plugins compatible for Editor in 0.99 ms, found 1 plugins.
Preloading 0 native plugins for Editor in 0.00 ms.
Mono: successfully reloaded assembly
- Completed reload, in  3.834 seconds
Platform modules already initialized, skipping
Refreshing native plugins compatible for Editor in 1.14 ms, found 1 plugins.
Preloading 0 native plugins for Editor in 0.00 ms.
Unloading 2698 Unused Serialized files (Serialized files now loaded: 0)
System memory in use before: 100.5 MB.
System memory in use after: 100.7 MB.

Unloading 10 unused Assets to reduce memory usage. Loaded Objects now: 3184.
Total: 5.401700 ms (FindLiveObjects: 1.362100 ms CreateObjectMapping: 0.303400 ms MarkObjects: 3.612400 ms  DeleteObjects: 0.120900 ms)

========================================================================
Received Import Request.
  Time since last request: 1941.098657 seconds.
  path: Assets/Course Library/_Scripts/DifficultyButton.cs
  artifactKey: Guid(8e89a18e3be0bb1468ff83925672b7e7) Importer(815301076,1909f56bfc062723c751e8b465ee728b)
Start importing Assets/Course Library/_Scripts/DifficultyButton.cs using Guid(8e89a18e3be0bb1468ff83925672b7e7) Importer(815301076,1909f56bfc062723c751e8b465ee728b)  -> (artifact id: '786c4de031a6f256d95fbfa8ab44f975') in 0.016350 seconds 
========================================================================
Received Prepare
Registering precompiled user dll's ...
Registered in 0.008794 seconds.
Begin MonoManager ReloadAssembly
Native extension for WindowsStandalone target not found
Refreshing native plugins compatible for Editor in 1.58 ms, found 1 plugins.
Preloading 0 native plugins for Editor in 0.00 ms.
Mono: successfully reloaded assembly
- Completed reload, in  2.149 seconds
Platform modules already initialized, skipping
Refreshing native plugins compatible for Editor in 0.97 ms, found 1 plugins.
Preloading 0 native plugins for Editor in 0.00 ms.
Unloading 2698 Unused Serialized files (Serialized files now loaded: 0)
System memory in use before: 100.5 MB.
System memory in use after: 100.7 MB.

Unloading 10 unused Assets to reduce memory usage. Loaded Objects now: 3187.
Total: 4.774400 ms (FindLiveObjects: 0.732000 ms CreateObjectMapping: 0.302700 ms MarkObjects: 3.644800 ms  DeleteObjects: 0.092100 ms)

========================================================================
Received Import Request.
  Time since last request: 64.321528 seconds.
  path: Assets/Course Library/_Scripts/GameManager.cs
  artifactKey: Guid(984fdd4d4f246c348b57c40229617bd6) Importer(815301076,1909f56bfc062723c751e8b465ee728b)
Start importing Assets/Course Library/_Scripts/GameManager.cs using Guid(984fdd4d4f246c348b57c40229617bd6) Importer(815301076,1909f56bfc062723c751e8b465ee728b)  -> (artifact id: 'ec1dbce61b81874619165cbcbeb927fe') in 0.019653 seconds 
========================================================================
Received Prepare
Registering precompiled user dll's ...
Registered in 0.008943 seconds.
Begin MonoManager ReloadAssembly
Native extension for WindowsStandalone target not found
Refreshing native plugins compatible for Editor in 1.01 ms, found 1 plugins.
Preloading 0 native plugins for Editor in 0.00 ms.
Mono: successfully reloaded assembly
- Completed reload, in  7.203 seconds
Platform modules already initialized, skipping
Refreshing native plugins compatible for Editor in 0.98 ms, found 1 plugins.
Preloading 0 native plugins for Editor in 0.00 ms.
Unloading 2698 Unused Serialized files (Serialized files now loaded: 0)
System memory in use before: 100.5 MB.
System memory in use after: 100.7 MB.

Unloading 10 unused Assets to reduce memory usage. Loaded Objects now: 3190.
Total: 4.212700 ms (FindLiveObjects: 0.497300 ms CreateObjectMapping: 0.241900 ms MarkObjects: 3.340400 ms  DeleteObjects: 0.129800 ms)

========================================================================
Received Import Request.
  Time since last request: 270.595733 seconds.
  path: Assets/Course Library/_Scripts/GameManager.cs
  artifactKey: Guid(984fdd4d4f246c348b57c40229617bd6) Importer(815301076,1909f56bfc062723c751e8b465ee728b)
Start importing Assets/Course Library/_Scripts/GameManager.cs using Guid(984fdd4d4f246c348b57c40229617bd6) Importer(815301076,1909f56bfc062723c751e8b465ee728b)  -> (artifact id: '54db54cc75be6bca924be411eb095303') in 0.012077 seconds 
========================================================================
Received Import Request.
  Time since last request: 0.000436 seconds.
  path: Assets/Course Library/_Scripts/Target.cs
  artifactKey: Guid(f6670ec7bbdae9e45a2a65cf4dd23780) Importer(815301076,1909f56bfc062723c751e8b465ee728b)
Start importing Assets/Course Library/_Scripts/Target.cs using Guid(f6670ec7bbdae9e45a2a65cf4dd23780) Importer(815301076,1909f56bfc062723c751e8b465ee728b)  -> (artifact id: 'ca198ba9c8e62880bf294adb6450c166') in 0.013622 seconds 
========================================================================
Received Prepare
Registering precompiled user dll's ...
Registered in 0.009320 seconds.
Begin MonoManager ReloadAssembly
Native extension for WindowsStandalone target not found
Refreshing native plugins compatible for Editor in 1.07 ms, found 1 plugins.
Preloading 0 native plugins for Editor in 0.00 ms.
Mono: successfully reloaded assembly
- Completed reload, in  6.621 seconds
Platform modules already initialized, skipping
Refreshing native plugins compatible for Editor in 1.06 ms, found 1 plugins.
Preloading 0 native plugins for Editor in 0.00 ms.
Unloading 2698 Unused Serialized files (Serialized files now loaded: 0)
System memory in use before: 100.5 MB.
System memory in use after: 100.7 MB.

Unloading 10 unused Assets to reduce memory usage. Loaded Objects now: 3193.
Total: 5.887400 ms (FindLiveObjects: 0.467900 ms CreateObjectMapping: 0.271200 ms MarkObjects: 4.837600 ms  DeleteObjects: 0.306100 ms)

========================================================================
Received Prepare
Registering precompiled user dll's ...
Registered in 0.008642 seconds.
Begin MonoManager ReloadAssembly
Native extension for WindowsStandalone target not found
Refreshing native plugins compatible for Editor in 10.29 ms, found 1 plugins.
Preloading 0 native plugins for Editor in 0.00 ms.
Mono: successfully reloaded assembly
- Completed reload, in  9.323 seconds
Platform modules already initialized, skipping
Refreshing native plugins compatible for Editor in 1.01 ms, found 1 plugins.
Preloading 0 native plugins for Editor in 0.00 ms.
Unloading 2698 Unused Serialized files (Serialized files now loaded: 0)
System memory in use before: 100.5 MB.
System memory in use after: 100.7 MB.

Unloading 10 unused Assets to reduce memory usage. Loaded Objects now: 3196.
Total: 6.887000 ms (FindLiveObjects: 0.857700 ms CreateObjectMapping: 0.538200 ms MarkObjects: 5.326900 ms  DeleteObjects: 0.158400 ms)

AssetImportWorkerClient::OnTransportError - code=2 error=End of file
