Using pre-set license
Built from '2021.1/release' branch; Version is '2021.1.0f1 (61a549675243) revision 6399305'; Using compiler version '192528614'; Build Type 'Release'
OS: 'Windows 10 Pro; OS build 19044.1586; Version 2009; 64bit' Language: 'es' Physical Memory: 14283 MB
BatchMode: 1, IsHumanControllingUs: 0, StartBugReporterOnCrash: 0, Is64bit: 1, IsPro: 0

 COMMAND LINE ARGUMENTS:
C:\Program Files\Unity\Hub\Editor\2021.1.0f1\Editor\Unity.exe
-adb2
-batchMode
-noUpm
-name
AssetImportWorker3
-projectPath
C:/Users/BTO/Documents/Unity_Proyecto1/Curso-Unity-2020/5_FruitNinja
-logFile
Logs/AssetImportWorker3.log
-srvPort
64491
Successfully changed project path to: C:/Users/BTO/Documents/Unity_Proyecto1/Curso-Unity-2020/5_FruitNinja
C:/Users/BTO/Documents/Unity_Proyecto1/Curso-Unity-2020/5_FruitNinja
Using Asset Import Pipeline V2.
Refreshing native plugins compatible for Editor in 261.23 ms, found 1 plugins.
Preloading 0 native plugins for Editor in 0.00 ms.
Initialize engine version: 2021.1.0f1 (61a549675243)
[Subsystems] Discovering subsystems at path C:/Program Files/Unity/Hub/Editor/2021.1.0f1/Editor/Data/Resources/UnitySubsystems
[Subsystems] Discovering subsystems at path C:/Users/BTO/Documents/Unity_Proyecto1/Curso-Unity-2020/5_FruitNinja/Assets
GfxDevice: creating device client; threaded=0; jobified=0
Direct3D:
    Version:  Direct3D 11.0 [level 11.1]
    Renderer: AMD Radeon R7 Graphics (ID=0x9874)
    Vendor:   ATI
    VRAM:     7141 MB
    Driver:   27.20.20903.8001
Initialize mono
Mono path[0] = 'C:/Program Files/Unity/Hub/Editor/2021.1.0f1/Editor/Data/Managed'
Mono path[1] = 'C:/Program Files/Unity/Hub/Editor/2021.1.0f1/Editor/Data/MonoBleedingEdge/lib/mono/unityjit'
Mono config path = 'C:/Program Files/Unity/Hub/Editor/2021.1.0f1/Editor/Data/MonoBleedingEdge/etc'
Using monoOptions --debugger-agent=transport=dt_socket,embedding=1,server=y,suspend=n,address=127.0.0.1:56576
Begin MonoManager ReloadAssembly
Registering precompiled unity dll's ...
Register platform support module: C:/Program Files/Unity/Hub/Editor/2021.1.0f1/Editor/Data/PlaybackEngines/WindowsStandaloneSupport/UnityEditor.WindowsStandalone.Extensions.dll
Registered in 0.014784 seconds.
Native extension for WindowsStandalone target not found
Refreshing native plugins compatible for Editor in 279.43 ms, found 1 plugins.
Preloading 0 native plugins for Editor in 0.00 ms.
Mono: successfully reloaded assembly
- Completed reload, in 17.679 seconds
Platform modules already initialized, skipping
Registering precompiled user dll's ...
Registered in 0.010259 seconds.
Begin MonoManager ReloadAssembly
Native extension for WindowsStandalone target not found
Refreshing native plugins compatible for Editor in 1.52 ms, found 1 plugins.
Preloading 0 native plugins for Editor in 0.00 ms.
Mono: successfully reloaded assembly
- Completed reload, in  3.444 seconds
Platform modules already initialized, skipping
========================================================================
Worker process is ready to serve import requests
Launched and connected shader compiler UnityShaderCompiler.exe after 0.14 seconds
Refreshing native plugins compatible for Editor in 2.73 ms, found 1 plugins.
Preloading 0 native plugins for Editor in 0.00 ms.
Unloading 2669 Unused Serialized files (Serialized files now loaded: 0)
System memory in use before: 98.3 MB.
System memory in use after: 98.4 MB.

Unloading 15 unused Assets to reduce memory usage. Loaded Objects now: 3120.
Total: 5.396800 ms (FindLiveObjects: 0.518800 ms CreateObjectMapping: 0.305500 ms MarkObjects: 4.410200 ms  DeleteObjects: 0.159600 ms)

========================================================================
Received Import Request.
  path: Assets/Course Library/_Scripts/FolowMouse.cs
  artifactKey: Guid(f53c62ca945e60a47bb85df9e88f77d4) Importer(815301076,1909f56bfc062723c751e8b465ee728b)
Start importing Assets/Course Library/_Scripts/FolowMouse.cs using Guid(f53c62ca945e60a47bb85df9e88f77d4) Importer(815301076,1909f56bfc062723c751e8b465ee728b)  -> (artifact id: 'f5baed109e0283c2d0bb37d5eb64497a') in 0.066456 seconds 
========================================================================
Received Prepare
Registering precompiled user dll's ...
Registered in 0.014060 seconds.
Begin MonoManager ReloadAssembly
Native extension for WindowsStandalone target not found
Refreshing native plugins compatible for Editor in 3.40 ms, found 1 plugins.
Preloading 0 native plugins for Editor in 0.00 ms.
Mono: successfully reloaded assembly
- Completed reload, in  8.992 seconds
Platform modules already initialized, skipping
Refreshing native plugins compatible for Editor in 1.78 ms, found 1 plugins.
Preloading 0 native plugins for Editor in 0.00 ms.
Unloading 2676 Unused Serialized files (Serialized files now loaded: 0)
System memory in use before: 99.9 MB.
System memory in use after: 99.4 MB.

Unloading 23 unused Assets to reduce memory usage. Loaded Objects now: 3123.
Total: 6.056800 ms (FindLiveObjects: 1.302700 ms CreateObjectMapping: 0.509100 ms MarkObjects: 3.645400 ms  DeleteObjects: 0.595000 ms)

========================================================================
Received Import Request.
  Time since last request: 4350.612570 seconds.
  path: Assets/TextMesh Pro/Resources/Fonts & Materials/LiberationSans SDF - Drop Shadow.mat
  artifactKey: Guid(e73a58f6e2794ae7b1b7e50b7fb811b0) Importer(815301076,1909f56bfc062723c751e8b465ee728b)
Start importing Assets/TextMesh Pro/Resources/Fonts & Materials/LiberationSans SDF - Drop Shadow.mat using Guid(e73a58f6e2794ae7b1b7e50b7fb811b0) Importer(815301076,1909f56bfc062723c751e8b465ee728b)  -> (artifact id: 'b1bede492ee26836192c6e4eb01d6161') in 0.497903 seconds 
========================================================================
Received Import Request.
  Time since last request: 0.000486 seconds.
  path: Assets/TextMesh Pro/Resources/Fonts & Materials/LiberationSans SDF - Outline.mat
  artifactKey: Guid(79459efec17a4d00a321bdcc27bbc385) Importer(815301076,1909f56bfc062723c751e8b465ee728b)
Start importing Assets/TextMesh Pro/Resources/Fonts & Materials/LiberationSans SDF - Outline.mat using Guid(79459efec17a4d00a321bdcc27bbc385) Importer(815301076,1909f56bfc062723c751e8b465ee728b)  -> (artifact id: '84945745832c1e51db10edba69303986') in 0.108029 seconds 
========================================================================
Received Import Request.
  Time since last request: 0.000407 seconds.
  path: Assets/TextMesh Pro/Resources/Fonts & Materials/LiberationSans SDF - Fallback.asset
  artifactKey: Guid(2e498d1c8094910479dc3e1b768306a4) Importer(815301076,1909f56bfc062723c751e8b465ee728b)
Start importing Assets/TextMesh Pro/Resources/Fonts & Materials/LiberationSans SDF - Fallback.asset using Guid(2e498d1c8094910479dc3e1b768306a4) Importer(815301076,1909f56bfc062723c751e8b465ee728b)  -> (artifact id: '5b3656c08bb076f182532508a4852abf') in 0.148818 seconds 
========================================================================
Received Import Request.
  Time since last request: 0.000447 seconds.
  path: Assets/TextMesh Pro/Resources/Fonts & Materials/LiberationSans SDF.asset
  artifactKey: Guid(8f586378b4e144a9851e7b34d9b748ee) Importer(815301076,1909f56bfc062723c751e8b465ee728b)
Start importing Assets/TextMesh Pro/Resources/Fonts & Materials/LiberationSans SDF.asset using Guid(8f586378b4e144a9851e7b34d9b748ee) Importer(815301076,1909f56bfc062723c751e8b465ee728b)  -> (artifact id: '3f4fd5d71775aab4f852abd4fedaf5ac') in 0.117883 seconds 
========================================================================
Received Import Request.
  Time since last request: 4.678201 seconds.
  path: Assets/TextMesh Pro/Resources/Fonts & Materials/EnglishTowne.ttf
  artifactKey: Guid(b18832028b35fcc4e86fc0777fa6736c) Importer(815301076,1909f56bfc062723c751e8b465ee728b)
Start importing Assets/TextMesh Pro/Resources/Fonts & Materials/EnglishTowne.ttf using Guid(b18832028b35fcc4e86fc0777fa6736c) Importer(815301076,1909f56bfc062723c751e8b465ee728b)  -> (artifact id: '4fea500fe1fbdea08c64b43ce8566cdc') in 0.087739 seconds 
========================================================================
Received Import Request.
  Time since last request: 146.904762 seconds.
  path: Assets/TextMesh Pro/Fonts
  artifactKey: Guid(6ab70aee4d56447429c680537fbf93ed) Importer(815301076,1909f56bfc062723c751e8b465ee728b)
Start importing Assets/TextMesh Pro/Fonts using Guid(6ab70aee4d56447429c680537fbf93ed) Importer(815301076,1909f56bfc062723c751e8b465ee728b)  -> (artifact id: '6996ae6470c7a21753da3bef283971ac') in 0.024738 seconds 
========================================================================
Received Import Request.
  Time since last request: 0.047930 seconds.
  path: Assets/TextMesh Pro/Fonts/LiberationSans.ttf
  artifactKey: Guid(e3265ab4bf004d28a9537516768c1c75) Importer(815301076,1909f56bfc062723c751e8b465ee728b)
Start importing Assets/TextMesh Pro/Fonts/LiberationSans.ttf using Guid(e3265ab4bf004d28a9537516768c1c75) Importer(815301076,1909f56bfc062723c751e8b465ee728b)  -> (artifact id: '5d78c1a22574eb41ad09df13d6df784c') in 0.034585 seconds 
========================================================================
Received Import Request.
  Time since last request: 18.530009 seconds.
  path: Assets
  artifactKey: Guid(00000000000000001000000000000000) Importer(815301076,1909f56bfc062723c751e8b465ee728b)
Start importing Assets using Guid(00000000000000001000000000000000) Importer(815301076,1909f56bfc062723c751e8b465ee728b)  -> (artifact id: 'c1e3b0d4d28e3570eb9237b2a8027d38') in 0.116574 seconds 
========================================================================
Received Import Request.
  Time since last request: 5.032979 seconds.
  path: Assets/Fonts
  artifactKey: Guid(4f45026efbc5c254ca4ee9909e16781b) Importer(815301076,1909f56bfc062723c751e8b465ee728b)
Start importing Assets/Fonts using Guid(4f45026efbc5c254ca4ee9909e16781b) Importer(815301076,1909f56bfc062723c751e8b465ee728b)  -> (artifact id: '1f0a0c17aa5df9ee97a600d2a1cedac9') in 0.019262 seconds 
========================================================================
Received Import Request.
  Time since last request: 6.796133 seconds.
  path: Assets/Fonts/EnglishTowne.ttf
  artifactKey: Guid(b6f932022c7080948b9b5800cdac1229) Importer(815301076,1909f56bfc062723c751e8b465ee728b)
Start importing Assets/Fonts/EnglishTowne.ttf using Guid(b6f932022c7080948b9b5800cdac1229) Importer(815301076,1909f56bfc062723c751e8b465ee728b)  -> (artifact id: '34b57178d76e9ed58c95e6e25da061c3') in 0.036427 seconds 
========================================================================
Received Import Request.
  Time since last request: 336.720934 seconds.
  path: Assets/Fonts/EnglishTowne SDF.asset
  artifactKey: Guid(fdecbb47c5aa04c439b6f39062595dcb) Importer(815301076,1909f56bfc062723c751e8b465ee728b)
Start importing Assets/Fonts/EnglishTowne SDF.asset using Guid(fdecbb47c5aa04c439b6f39062595dcb) Importer(815301076,1909f56bfc062723c751e8b465ee728b)  -> (artifact id: '7bdd91699f862a6440139573ac10fdc3') in 0.178073 seconds 
========================================================================
Received Import Request.
  Time since last request: 29.569176 seconds.
  path: Assets/Fonts/TMP
  artifactKey: Guid(8c767a087548a5e47b5457b4e7dc42bb) Importer(815301076,1909f56bfc062723c751e8b465ee728b)
Start importing Assets/Fonts/TMP using Guid(8c767a087548a5e47b5457b4e7dc42bb) Importer(815301076,1909f56bfc062723c751e8b465ee728b)  -> (artifact id: 'a466f4d1518bb19f84be8f13eb884027') in 0.034225 seconds 
========================================================================
Received Prepare
Registering precompiled user dll's ...
Registered in 0.014239 seconds.
Begin MonoManager ReloadAssembly
Native extension for WindowsStandalone target not found
Refreshing native plugins compatible for Editor in 1.02 ms, found 1 plugins.
Preloading 0 native plugins for Editor in 0.00 ms.
Mono: successfully reloaded assembly
- Completed reload, in  2.479 seconds
Platform modules already initialized, skipping
Refreshing native plugins compatible for Editor in 0.96 ms, found 1 plugins.
Preloading 0 native plugins for Editor in 0.00 ms.
Unloading 2681 Unused Serialized files (Serialized files now loaded: 0)
System memory in use before: 108.6 MB.
System memory in use after: 108.3 MB.

Unloading 21 unused Assets to reduce memory usage. Loaded Objects now: 3261.
Total: 10.531900 ms (FindLiveObjects: 1.562000 ms CreateObjectMapping: 2.616700 ms MarkObjects: 5.848300 ms  DeleteObjects: 0.500900 ms)

========================================================================
Received Prepare
Registering precompiled user dll's ...
Registered in 0.008470 seconds.
Begin MonoManager ReloadAssembly
Native extension for WindowsStandalone target not found
Refreshing native plugins compatible for Editor in 1.15 ms, found 1 plugins.
Preloading 0 native plugins for Editor in 0.00 ms.
Mono: successfully reloaded assembly
- Completed reload, in  2.064 seconds
Platform modules already initialized, skipping
Refreshing native plugins compatible for Editor in 4.27 ms, found 1 plugins.
Preloading 0 native plugins for Editor in 0.00 ms.
Unloading 2674 Unused Serialized files (Serialized files now loaded: 0)
System memory in use before: 108.3 MB.
System memory in use after: 108.0 MB.

Unloading 21 unused Assets to reduce memory usage. Loaded Objects now: 3264.
Total: 12.697800 ms (FindLiveObjects: 3.602800 ms CreateObjectMapping: 0.424600 ms MarkObjects: 7.911400 ms  DeleteObjects: 0.755600 ms)

========================================================================
Received Prepare
Registering precompiled user dll's ...
Registered in 0.007017 seconds.
Begin MonoManager ReloadAssembly
Native extension for WindowsStandalone target not found
Refreshing native plugins compatible for Editor in 2.44 ms, found 1 plugins.
Preloading 0 native plugins for Editor in 0.00 ms.
Mono: successfully reloaded assembly
- Completed reload, in  3.848 seconds
Platform modules already initialized, skipping
Refreshing native plugins compatible for Editor in 1.06 ms, found 1 plugins.
Preloading 0 native plugins for Editor in 0.00 ms.
Unloading 2674 Unused Serialized files (Serialized files now loaded: 0)
System memory in use before: 108.3 MB.
System memory in use after: 108.0 MB.

Unloading 21 unused Assets to reduce memory usage. Loaded Objects now: 3267.
Total: 5.052900 ms (FindLiveObjects: 0.506300 ms CreateObjectMapping: 0.195700 ms MarkObjects: 3.865200 ms  DeleteObjects: 0.483000 ms)

========================================================================
Received Prepare
Registering precompiled user dll's ...
Registered in 0.008497 seconds.
Begin MonoManager ReloadAssembly
Native extension for WindowsStandalone target not found
Refreshing native plugins compatible for Editor in 7.92 ms, found 1 plugins.
Preloading 0 native plugins for Editor in 0.00 ms.
Mono: successfully reloaded assembly
- Completed reload, in  2.791 seconds
Platform modules already initialized, skipping
Refreshing native plugins compatible for Editor in 1.20 ms, found 1 plugins.
Preloading 0 native plugins for Editor in 0.00 ms.
Unloading 2674 Unused Serialized files (Serialized files now loaded: 0)
System memory in use before: 108.3 MB.
System memory in use after: 108.0 MB.

Unloading 21 unused Assets to reduce memory usage. Loaded Objects now: 3270.
Total: 6.350800 ms (FindLiveObjects: 0.717000 ms CreateObjectMapping: 0.241700 ms MarkObjects: 3.927200 ms  DeleteObjects: 1.458600 ms)

========================================================================
Received Import Request.
  Time since last request: 1807.190318 seconds.
  path: Assets/Course Library/_Scripts/GameManager.cs
  artifactKey: Guid(984fdd4d4f246c348b57c40229617bd6) Importer(815301076,1909f56bfc062723c751e8b465ee728b)
Start importing Assets/Course Library/_Scripts/GameManager.cs using Guid(984fdd4d4f246c348b57c40229617bd6) Importer(815301076,1909f56bfc062723c751e8b465ee728b)  -> (artifact id: '0f30e20d1034b0bd55ab7d562193c8bc') in 0.031980 seconds 
========================================================================
Received Prepare
Registering precompiled user dll's ...
Registered in 0.019897 seconds.
Begin MonoManager ReloadAssembly
Native extension for WindowsStandalone target not found
Refreshing native plugins compatible for Editor in 1.18 ms, found 1 plugins.
Preloading 0 native plugins for Editor in 0.00 ms.
Mono: successfully reloaded assembly
- Completed reload, in  9.760 seconds
Platform modules already initialized, skipping
Refreshing native plugins compatible for Editor in 1.72 ms, found 1 plugins.
Preloading 0 native plugins for Editor in 0.00 ms.
Unloading 2674 Unused Serialized files (Serialized files now loaded: 0)
System memory in use before: 108.4 MB.
System memory in use after: 108.0 MB.

Unloading 21 unused Assets to reduce memory usage. Loaded Objects now: 3273.
Total: 8.999400 ms (FindLiveObjects: 0.476800 ms CreateObjectMapping: 0.258000 ms MarkObjects: 7.716700 ms  DeleteObjects: 0.545900 ms)

========================================================================
Received Import Request.
  Time since last request: 430.343192 seconds.
  path: Assets/Course Library/_Scripts/GameManager.cs
  artifactKey: Guid(984fdd4d4f246c348b57c40229617bd6) Importer(815301076,1909f56bfc062723c751e8b465ee728b)
Start importing Assets/Course Library/_Scripts/GameManager.cs using Guid(984fdd4d4f246c348b57c40229617bd6) Importer(815301076,1909f56bfc062723c751e8b465ee728b)  -> (artifact id: '9a43cbcc2e16574b580df68a01599ba0') in 0.017354 seconds 
========================================================================
Received Prepare
Registering precompiled user dll's ...
Registered in 0.014812 seconds.
Begin MonoManager ReloadAssembly
Native extension for WindowsStandalone target not found
Refreshing native plugins compatible for Editor in 4.46 ms, found 1 plugins.
Preloading 0 native plugins for Editor in 0.00 ms.
Mono: successfully reloaded assembly
- Completed reload, in  4.813 seconds
Platform modules already initialized, skipping
Refreshing native plugins compatible for Editor in 1.30 ms, found 1 plugins.
Preloading 0 native plugins for Editor in 0.00 ms.
Unloading 2674 Unused Serialized files (Serialized files now loaded: 0)
System memory in use before: 108.4 MB.
System memory in use after: 108.1 MB.

Unloading 21 unused Assets to reduce memory usage. Loaded Objects now: 3276.
Total: 5.243400 ms (FindLiveObjects: 0.557700 ms CreateObjectMapping: 0.213100 ms MarkObjects: 4.020300 ms  DeleteObjects: 0.449700 ms)

========================================================================
Received Import Request.
  Time since last request: 154.137325 seconds.
  path: Assets/Course Library/_Scripts/GameManager.cs
  artifactKey: Guid(984fdd4d4f246c348b57c40229617bd6) Importer(815301076,1909f56bfc062723c751e8b465ee728b)
Start importing Assets/Course Library/_Scripts/GameManager.cs using Guid(984fdd4d4f246c348b57c40229617bd6) Importer(815301076,1909f56bfc062723c751e8b465ee728b)  -> (artifact id: '7326b125829d11c93eac31aaa3465438') in 0.015380 seconds 
========================================================================
Received Prepare
Registering precompiled user dll's ...
Registered in 0.030232 seconds.
Begin MonoManager ReloadAssembly
Native extension for WindowsStandalone target not found
Refreshing native plugins compatible for Editor in 0.99 ms, found 1 plugins.
Preloading 0 native plugins for Editor in 0.00 ms.
Mono: successfully reloaded assembly
- Completed reload, in  2.968 seconds
Platform modules already initialized, skipping
Refreshing native plugins compatible for Editor in 1.41 ms, found 1 plugins.
Preloading 0 native plugins for Editor in 0.00 ms.
Unloading 2674 Unused Serialized files (Serialized files now loaded: 0)
System memory in use before: 108.4 MB.
System memory in use after: 108.1 MB.

Unloading 21 unused Assets to reduce memory usage. Loaded Objects now: 3279.
Total: 5.193500 ms (FindLiveObjects: 0.471700 ms CreateObjectMapping: 0.210400 ms MarkObjects: 4.044500 ms  DeleteObjects: 0.464100 ms)

========================================================================
Received Prepare
Registering precompiled user dll's ...
Registered in 0.006637 seconds.
Begin MonoManager ReloadAssembly
Native extension for WindowsStandalone target not found
Refreshing native plugins compatible for Editor in 1.08 ms, found 1 plugins.
Preloading 0 native plugins for Editor in 0.00 ms.
Mono: successfully reloaded assembly
- Completed reload, in  2.838 seconds
Platform modules already initialized, skipping
Refreshing native plugins compatible for Editor in 0.94 ms, found 1 plugins.
Preloading 0 native plugins for Editor in 0.00 ms.
Unloading 2674 Unused Serialized files (Serialized files now loaded: 0)
System memory in use before: 108.4 MB.
System memory in use after: 108.1 MB.

Unloading 21 unused Assets to reduce memory usage. Loaded Objects now: 3282.
Total: 4.733000 ms (FindLiveObjects: 0.497600 ms CreateObjectMapping: 0.187500 ms MarkObjects: 3.539900 ms  DeleteObjects: 0.505700 ms)

========================================================================
Received Prepare
Registering precompiled user dll's ...
Registered in 0.008254 seconds.
Begin MonoManager ReloadAssembly
Native extension for WindowsStandalone target not found
Refreshing native plugins compatible for Editor in 1.14 ms, found 1 plugins.
Preloading 0 native plugins for Editor in 0.00 ms.
Mono: successfully reloaded assembly
- Completed reload, in  2.419 seconds
Platform modules already initialized, skipping
Refreshing native plugins compatible for Editor in 1.05 ms, found 1 plugins.
Preloading 0 native plugins for Editor in 0.00 ms.
Unloading 2674 Unused Serialized files (Serialized files now loaded: 0)
System memory in use before: 108.4 MB.
System memory in use after: 108.1 MB.

Unloading 21 unused Assets to reduce memory usage. Loaded Objects now: 3285.
Total: 10.607700 ms (FindLiveObjects: 0.937800 ms CreateObjectMapping: 0.636400 ms MarkObjects: 7.756500 ms  DeleteObjects: 1.271500 ms)

========================================================================
Received Prepare
Registering precompiled user dll's ...
Registered in 0.016036 seconds.
Begin MonoManager ReloadAssembly
Native extension for WindowsStandalone target not found
Refreshing native plugins compatible for Editor in 1.17 ms, found 1 plugins.
Preloading 0 native plugins for Editor in 0.00 ms.
Mono: successfully reloaded assembly
- Completed reload, in  2.541 seconds
Platform modules already initialized, skipping
Refreshing native plugins compatible for Editor in 2.08 ms, found 1 plugins.
Preloading 0 native plugins for Editor in 0.00 ms.
Unloading 2673 Unused Serialized files (Serialized files now loaded: 0)
System memory in use before: 108.4 MB.
System memory in use after: 108.1 MB.

Unloading 21 unused Assets to reduce memory usage. Loaded Objects now: 3287.
Total: 5.270400 ms (FindLiveObjects: 0.510600 ms CreateObjectMapping: 0.332100 ms MarkObjects: 3.809700 ms  DeleteObjects: 0.615200 ms)

========================================================================
Received Prepare
Registering precompiled user dll's ...
Registered in 0.011299 seconds.
Begin MonoManager ReloadAssembly
Native extension for WindowsStandalone target not found
Refreshing native plugins compatible for Editor in 0.99 ms, found 1 plugins.
Preloading 0 native plugins for Editor in 0.00 ms.
Mono: successfully reloaded assembly
- Completed reload, in  9.563 seconds
Platform modules already initialized, skipping
Refreshing native plugins compatible for Editor in 1.07 ms, found 1 plugins.
Preloading 0 native plugins for Editor in 0.00 ms.
Unloading 2673 Unused Serialized files (Serialized files now loaded: 0)
System memory in use before: 108.4 MB.
System memory in use after: 108.1 MB.

Unloading 21 unused Assets to reduce memory usage. Loaded Objects now: 3290.
Total: 11.644700 ms (FindLiveObjects: 0.800700 ms CreateObjectMapping: 0.426900 ms MarkObjects: 9.938800 ms  DeleteObjects: 0.474500 ms)

========================================================================
Received Prepare
Registering precompiled user dll's ...
Registered in 0.006736 seconds.
Begin MonoManager ReloadAssembly
Native extension for WindowsStandalone target not found
Refreshing native plugins compatible for Editor in 9.62 ms, found 1 plugins.
Preloading 0 native plugins for Editor in 0.00 ms.
Mono: successfully reloaded assembly
- Completed reload, in  2.559 seconds
Platform modules already initialized, skipping
Refreshing native plugins compatible for Editor in 1.11 ms, found 1 plugins.
Preloading 0 native plugins for Editor in 0.00 ms.
Unloading 2673 Unused Serialized files (Serialized files now loaded: 0)
System memory in use before: 108.4 MB.
System memory in use after: 108.1 MB.

Unloading 21 unused Assets to reduce memory usage. Loaded Objects now: 3293.
Total: 7.719300 ms (FindLiveObjects: 1.000700 ms CreateObjectMapping: 0.903000 ms MarkObjects: 5.294700 ms  DeleteObjects: 0.517500 ms)

========================================================================
Received Prepare
Registering precompiled user dll's ...
Registered in 0.009951 seconds.
Begin MonoManager ReloadAssembly
Native extension for WindowsStandalone target not found
Refreshing native plugins compatible for Editor in 1.20 ms, found 1 plugins.
Preloading 0 native plugins for Editor in 0.00 ms.
Mono: successfully reloaded assembly
- Completed reload, in  2.815 seconds
Platform modules already initialized, skipping
Refreshing native plugins compatible for Editor in 0.95 ms, found 1 plugins.
Preloading 0 native plugins for Editor in 0.00 ms.
Unloading 2673 Unused Serialized files (Serialized files now loaded: 0)
System memory in use before: 108.5 MB.
System memory in use after: 108.2 MB.

Unloading 21 unused Assets to reduce memory usage. Loaded Objects now: 3296.
Total: 5.983200 ms (FindLiveObjects: 0.718500 ms CreateObjectMapping: 0.312400 ms MarkObjects: 4.130200 ms  DeleteObjects: 0.817700 ms)

========================================================================
Received Prepare
Registering precompiled user dll's ...
Registered in 0.012455 seconds.
Begin MonoManager ReloadAssembly
Native extension for WindowsStandalone target not found
Refreshing native plugins compatible for Editor in 1.25 ms, found 1 plugins.
Preloading 0 native plugins for Editor in 0.00 ms.
Mono: successfully reloaded assembly
- Completed reload, in  2.427 seconds
Platform modules already initialized, skipping
Refreshing native plugins compatible for Editor in 0.91 ms, found 1 plugins.
Preloading 0 native plugins for Editor in 0.00 ms.
Unloading 2673 Unused Serialized files (Serialized files now loaded: 0)
System memory in use before: 108.5 MB.
System memory in use after: 108.2 MB.

Unloading 21 unused Assets to reduce memory usage. Loaded Objects now: 3299.
Total: 4.553100 ms (FindLiveObjects: 0.749700 ms CreateObjectMapping: 0.210500 ms MarkObjects: 3.125600 ms  DeleteObjects: 0.464900 ms)

AssetImportWorkerClient::OnTransportError - code=2 error=End of file
