Using pre-set license
Built from '2021.1/release' branch; Version is '2021.1.0f1 (61a549675243) revision 6399305'; Using compiler version '192528614'; Build Type 'Release'
OS: 'Windows 10 Pro; OS build 19044.1586; Version 2009; 64bit' Language: 'es' Physical Memory: 14283 MB
BatchMode: 1, IsHumanControllingUs: 0, StartBugReporterOnCrash: 0, Is64bit: 1, IsPro: 0

 COMMAND LINE ARGUMENTS:
C:\Program Files\Unity\Hub\Editor\2021.1.0f1\Editor\Unity.exe
-adb2
-batchMode
-noUpm
-name
AssetImportWorker3
-projectPath
C:/Users/BTO/Documents/Unity_Proyecto1/Curso-Unity-2020/5_FruitNinja
-logFile
Logs/AssetImportWorker3.log
-srvPort
64550
Successfully changed project path to: C:/Users/BTO/Documents/Unity_Proyecto1/Curso-Unity-2020/5_FruitNinja
C:/Users/BTO/Documents/Unity_Proyecto1/Curso-Unity-2020/5_FruitNinja
Using Asset Import Pipeline V2.
Refreshing native plugins compatible for Editor in 175.72 ms, found 1 plugins.
Preloading 0 native plugins for Editor in 0.00 ms.
Initialize engine version: 2021.1.0f1 (61a549675243)
[Subsystems] Discovering subsystems at path C:/Program Files/Unity/Hub/Editor/2021.1.0f1/Editor/Data/Resources/UnitySubsystems
[Subsystems] Discovering subsystems at path C:/Users/BTO/Documents/Unity_Proyecto1/Curso-Unity-2020/5_FruitNinja/Assets
GfxDevice: creating device client; threaded=0; jobified=0
Direct3D:
    Version:  Direct3D 11.0 [level 11.1]
    Renderer: AMD Radeon R7 Graphics (ID=0x9874)
    Vendor:   ATI
    VRAM:     7141 MB
    Driver:   27.20.20903.8001
Initialize mono
Mono path[0] = 'C:/Program Files/Unity/Hub/Editor/2021.1.0f1/Editor/Data/Managed'
Mono path[1] = 'C:/Program Files/Unity/Hub/Editor/2021.1.0f1/Editor/Data/MonoBleedingEdge/lib/mono/unityjit'
Mono config path = 'C:/Program Files/Unity/Hub/Editor/2021.1.0f1/Editor/Data/MonoBleedingEdge/etc'
Using monoOptions --debugger-agent=transport=dt_socket,embedding=1,server=y,suspend=n,address=127.0.0.1:56932
Begin MonoManager ReloadAssembly
Registering precompiled unity dll's ...
Register platform support module: C:/Program Files/Unity/Hub/Editor/2021.1.0f1/Editor/Data/PlaybackEngines/WindowsStandaloneSupport/UnityEditor.WindowsStandalone.Extensions.dll
Registered in 0.003306 seconds.
Native extension for WindowsStandalone target not found
Refreshing native plugins compatible for Editor in 132.85 ms, found 1 plugins.
Preloading 0 native plugins for Editor in 0.00 ms.
Mono: successfully reloaded assembly
- Completed reload, in  3.457 seconds
Platform modules already initialized, skipping
Registering precompiled user dll's ...
Registered in 0.006263 seconds.
Begin MonoManager ReloadAssembly
Native extension for WindowsStandalone target not found
Refreshing native plugins compatible for Editor in 0.94 ms, found 1 plugins.
Preloading 0 native plugins for Editor in 0.00 ms.
Mono: successfully reloaded assembly
- Completed reload, in  1.836 seconds
Platform modules already initialized, skipping
========================================================================
Worker process is ready to serve import requests
Launched and connected shader compiler UnityShaderCompiler.exe after 0.09 seconds
Refreshing native plugins compatible for Editor in 2.15 ms, found 1 plugins.
Preloading 0 native plugins for Editor in 0.00 ms.
Unloading 2681 Unused Serialized files (Serialized files now loaded: 0)
System memory in use before: 100.1 MB.
System memory in use after: 100.3 MB.

Unloading 15 unused Assets to reduce memory usage. Loaded Objects now: 3132.
Total: 4.753000 ms (FindLiveObjects: 0.491800 ms CreateObjectMapping: 0.281800 ms MarkObjects: 3.808100 ms  DeleteObjects: 0.168600 ms)

========================================================================
Received Import Request.
  path: Assets/Course Library/Prefabs/Good3.prefab
  artifactKey: Guid(d80b4e61b9eef3e45b1da954a31601d3) Importer(815301076,1909f56bfc062723c751e8b465ee728b)
Start importing Assets/Course Library/Prefabs/Good3.prefab using Guid(d80b4e61b9eef3e45b1da954a31601d3) Importer(815301076,1909f56bfc062723c751e8b465ee728b)  -> (artifact id: 'adfdc5e411a22adbc9e424ce745bf19a') in 0.239477 seconds 
========================================================================
Received Import Request.
  Time since last request: 0.000383 seconds.
  path: Assets/Course Library/Prefabs/Good4.prefab
  artifactKey: Guid(2ceabeb27529ded49ac1a9bc8701d4a6) Importer(815301076,1909f56bfc062723c751e8b465ee728b)
Start importing Assets/Course Library/Prefabs/Good4.prefab using Guid(2ceabeb27529ded49ac1a9bc8701d4a6) Importer(815301076,1909f56bfc062723c751e8b465ee728b)  -> (artifact id: 'd6fda833496227322a08c51cdcd86d88') in 0.067954 seconds 
========================================================================
Received Import Request.
  Time since last request: 0.000371 seconds.
  path: Assets/Course Library/Prefabs/Good2.prefab
  artifactKey: Guid(c9a509bc7ac74f2409642697f3298249) Importer(815301076,1909f56bfc062723c751e8b465ee728b)
Start importing Assets/Course Library/Prefabs/Good2.prefab using Guid(c9a509bc7ac74f2409642697f3298249) Importer(815301076,1909f56bfc062723c751e8b465ee728b)  -> (artifact id: '8396ed9d57341e1c53a4d92cacda0081') in 0.054107 seconds 
========================================================================
Received Import Request.
  Time since last request: 0.000633 seconds.
  path: Assets/Course Library/Prefabs/Good5.prefab
  artifactKey: Guid(e7bdade3b5344914baecd63bc103c7db) Importer(815301076,1909f56bfc062723c751e8b465ee728b)
Start importing Assets/Course Library/Prefabs/Good5.prefab using Guid(e7bdade3b5344914baecd63bc103c7db) Importer(815301076,1909f56bfc062723c751e8b465ee728b)  -> (artifact id: '66f8fb61a22742eeffb60aa0a220df31') in 0.033044 seconds 
========================================================================
Received Import Request.
  Time since last request: 0.000408 seconds.
  path: Assets/Course Library/Prefabs/Bad1.prefab
  artifactKey: Guid(8207e2d4285b4d94485c13e51e40a195) Importer(815301076,1909f56bfc062723c751e8b465ee728b)
Start importing Assets/Course Library/Prefabs/Bad1.prefab using Guid(8207e2d4285b4d94485c13e51e40a195) Importer(815301076,1909f56bfc062723c751e8b465ee728b)  -> (artifact id: 'cabf05c3b90e8071994ac9487f547cc0') in 0.074898 seconds 
========================================================================
Received Import Request.
  Time since last request: 0.000580 seconds.
  path: Assets/Course Library/Prefabs/Good1.prefab
  artifactKey: Guid(a463578001389ca49a3c98235e396e63) Importer(815301076,1909f56bfc062723c751e8b465ee728b)
Start importing Assets/Course Library/Prefabs/Good1.prefab using Guid(a463578001389ca49a3c98235e396e63) Importer(815301076,1909f56bfc062723c751e8b465ee728b)  -> (artifact id: '22227aefe8d257cb85fd2b9ce9cd8e43') in 0.047960 seconds 
========================================================================
Received Import Request.
  Time since last request: 0.000657 seconds.
  path: Assets/Course Library/_Scripts/Target.cs
  artifactKey: Guid(f6670ec7bbdae9e45a2a65cf4dd23780) Importer(815301076,1909f56bfc062723c751e8b465ee728b)
Start importing Assets/Course Library/_Scripts/Target.cs using Guid(f6670ec7bbdae9e45a2a65cf4dd23780) Importer(815301076,1909f56bfc062723c751e8b465ee728b)  -> (artifact id: '227fd3c1ae2463cec9aa98398847359b') in 0.021434 seconds 
========================================================================
Received Import Request.
  Time since last request: 15.615003 seconds.
  path: Assets/Course Library/Prefabs/Bad1.prefab
  artifactKey: Guid(8207e2d4285b4d94485c13e51e40a195) Importer(815301076,1909f56bfc062723c751e8b465ee728b)
Start importing Assets/Course Library/Prefabs/Bad1.prefab using Guid(8207e2d4285b4d94485c13e51e40a195) Importer(815301076,1909f56bfc062723c751e8b465ee728b)  -> (artifact id: 'e3dc7d65d898c8194a20a56b3911a53f') in 0.023946 seconds 
========================================================================
Received Import Request.
  Time since last request: 13.080065 seconds.
  path: Assets/Course Library/Prefabs/Good1.prefab
  artifactKey: Guid(a463578001389ca49a3c98235e396e63) Importer(815301076,1909f56bfc062723c751e8b465ee728b)
Start importing Assets/Course Library/Prefabs/Good1.prefab using Guid(a463578001389ca49a3c98235e396e63) Importer(815301076,1909f56bfc062723c751e8b465ee728b)  -> (artifact id: '26d4ad08a88559722f6a178b8083f13d') in 0.024312 seconds 
========================================================================
Received Import Request.
  Time since last request: 9.830613 seconds.
  path: Assets/Course Library/Prefabs/Good2.prefab
  artifactKey: Guid(c9a509bc7ac74f2409642697f3298249) Importer(815301076,1909f56bfc062723c751e8b465ee728b)
Start importing Assets/Course Library/Prefabs/Good2.prefab using Guid(c9a509bc7ac74f2409642697f3298249) Importer(815301076,1909f56bfc062723c751e8b465ee728b)  -> (artifact id: '502f0faa02dadfae62e1b0c720c2ff5e') in 0.023778 seconds 
========================================================================
Received Prepare
Registering precompiled user dll's ...
Registered in 0.008457 seconds.
Begin MonoManager ReloadAssembly
Native extension for WindowsStandalone target not found
Refreshing native plugins compatible for Editor in 1.84 ms, found 1 plugins.
Preloading 0 native plugins for Editor in 0.00 ms.
Mono: successfully reloaded assembly
- Completed reload, in  2.001 seconds
Platform modules already initialized, skipping
Refreshing native plugins compatible for Editor in 0.95 ms, found 1 plugins.
Preloading 0 native plugins for Editor in 0.00 ms.
Unloading 2662 Unused Serialized files (Serialized files now loaded: 0)
System memory in use before: 102.7 MB.
System memory in use after: 102.9 MB.

Unloading 10 unused Assets to reduce memory usage. Loaded Objects now: 3142.
Total: 4.338600 ms (FindLiveObjects: 0.440000 ms CreateObjectMapping: 0.201400 ms MarkObjects: 3.607800 ms  DeleteObjects: 0.087100 ms)

========================================================================
Received Import Request.
  Time since last request: 33.465324 seconds.
  path: Assets/Course Library/Prefabs/Good3.prefab
  artifactKey: Guid(d80b4e61b9eef3e45b1da954a31601d3) Importer(815301076,1909f56bfc062723c751e8b465ee728b)
Start importing Assets/Course Library/Prefabs/Good3.prefab using Guid(d80b4e61b9eef3e45b1da954a31601d3) Importer(815301076,1909f56bfc062723c751e8b465ee728b)  -> (artifact id: 'da822c14d23ce97c0199a2f1e9aba5b8') in 0.106539 seconds 
========================================================================
Received Import Request.
  Time since last request: 0.000536 seconds.
  path: Assets/Course Library/Prefabs/Good4.prefab
  artifactKey: Guid(2ceabeb27529ded49ac1a9bc8701d4a6) Importer(815301076,1909f56bfc062723c751e8b465ee728b)
Start importing Assets/Course Library/Prefabs/Good4.prefab using Guid(2ceabeb27529ded49ac1a9bc8701d4a6) Importer(815301076,1909f56bfc062723c751e8b465ee728b)  -> (artifact id: 'dda3add14e94264f0479b5cc54dba173') in 0.051301 seconds 
========================================================================
Received Import Request.
  Time since last request: 0.001231 seconds.
  path: Assets/Course Library/Prefabs/Good2.prefab
  artifactKey: Guid(c9a509bc7ac74f2409642697f3298249) Importer(815301076,1909f56bfc062723c751e8b465ee728b)
Start importing Assets/Course Library/Prefabs/Good2.prefab using Guid(c9a509bc7ac74f2409642697f3298249) Importer(815301076,1909f56bfc062723c751e8b465ee728b)  -> (artifact id: 'ab6e80a9915162d0420e11d7a1e90d69') in 0.037982 seconds 
========================================================================
Received Import Request.
  Time since last request: 0.000367 seconds.
  path: Assets/Course Library/Prefabs/Good5.prefab
  artifactKey: Guid(e7bdade3b5344914baecd63bc103c7db) Importer(815301076,1909f56bfc062723c751e8b465ee728b)
Start importing Assets/Course Library/Prefabs/Good5.prefab using Guid(e7bdade3b5344914baecd63bc103c7db) Importer(815301076,1909f56bfc062723c751e8b465ee728b)  -> (artifact id: 'fb862af4d61450a05a1e53ff8b99f12b') in 0.027302 seconds 
========================================================================
Received Import Request.
  Time since last request: 0.000611 seconds.
  path: Assets/Course Library/Prefabs/Bad1.prefab
  artifactKey: Guid(8207e2d4285b4d94485c13e51e40a195) Importer(815301076,1909f56bfc062723c751e8b465ee728b)
Start importing Assets/Course Library/Prefabs/Bad1.prefab using Guid(8207e2d4285b4d94485c13e51e40a195) Importer(815301076,1909f56bfc062723c751e8b465ee728b)  -> (artifact id: '03e8ac26ba87f04f00bfeb1011aa27da') in 0.040543 seconds 
========================================================================
Received Import Request.
  Time since last request: 0.000626 seconds.
  path: Assets/Course Library/Prefabs/Good1.prefab
  artifactKey: Guid(a463578001389ca49a3c98235e396e63) Importer(815301076,1909f56bfc062723c751e8b465ee728b)
Start importing Assets/Course Library/Prefabs/Good1.prefab using Guid(a463578001389ca49a3c98235e396e63) Importer(815301076,1909f56bfc062723c751e8b465ee728b)  -> (artifact id: '059a2f9d31779f40158b3a4525fbb69f') in 0.027094 seconds 
========================================================================
Received Import Request.
  Time since last request: 20.380766 seconds.
  path: Assets/Course Library/Prefabs/Bad1.prefab
  artifactKey: Guid(8207e2d4285b4d94485c13e51e40a195) Importer(815301076,1909f56bfc062723c751e8b465ee728b)
Start importing Assets/Course Library/Prefabs/Bad1.prefab using Guid(8207e2d4285b4d94485c13e51e40a195) Importer(815301076,1909f56bfc062723c751e8b465ee728b)  -> (artifact id: '2d784f7f262ba9942a287d95d8ad6742') in 0.033648 seconds 
========================================================================
Received Import Request.
  Time since last request: 149.396515 seconds.
  path: Assets/Course Library/Prefabs/SM_Prop_Bomb_01.prefab
  artifactKey: Guid(d6314b35d3631744483ba2cc7a1e256d) Importer(815301076,1909f56bfc062723c751e8b465ee728b)
Start importing Assets/Course Library/Prefabs/SM_Prop_Bomb_01.prefab using Guid(d6314b35d3631744483ba2cc7a1e256d) Importer(815301076,1909f56bfc062723c751e8b465ee728b)  -> (artifact id: 'fcf15de7e8feab16f2fa4c0975362297') in 0.076651 seconds 
========================================================================
Received Import Request.
  Time since last request: 11.915534 seconds.
  path: Assets/Course Library/Prefabs/SM_Prop_Bomb_01.prefab
  artifactKey: Guid(d6314b35d3631744483ba2cc7a1e256d) Importer(815301076,1909f56bfc062723c751e8b465ee728b)
Start importing Assets/Course Library/Prefabs/SM_Prop_Bomb_01.prefab using Guid(d6314b35d3631744483ba2cc7a1e256d) Importer(815301076,1909f56bfc062723c751e8b465ee728b)  -> (artifact id: '19bca182bd964ae1a488bc8ffc3fbe21') in 0.042386 seconds 
========================================================================
Received Import Request.
  Time since last request: 2.154792 seconds.
  path: Assets/Course Library/Prefabs/SM_Prop_Bomb_01.prefab
  artifactKey: Guid(d6314b35d3631744483ba2cc7a1e256d) Importer(815301076,1909f56bfc062723c751e8b465ee728b)
Start importing Assets/Course Library/Prefabs/SM_Prop_Bomb_01.prefab using Guid(d6314b35d3631744483ba2cc7a1e256d) Importer(815301076,1909f56bfc062723c751e8b465ee728b)  -> (artifact id: '0bf4f8f960b38ad4b515a3f2348536b4') in 0.037423 seconds 
========================================================================
Received Import Request.
  Time since last request: 3.026847 seconds.
  path: Assets/Course Library/Prefabs/SM_Prop_Bomb_01.prefab
  artifactKey: Guid(d6314b35d3631744483ba2cc7a1e256d) Importer(815301076,1909f56bfc062723c751e8b465ee728b)
Start importing Assets/Course Library/Prefabs/SM_Prop_Bomb_01.prefab using Guid(d6314b35d3631744483ba2cc7a1e256d) Importer(815301076,1909f56bfc062723c751e8b465ee728b)  -> (artifact id: '59adf2fe1a2a0fb2880d1724a6f7811b') in 0.037672 seconds 
========================================================================
Received Import Request.
  Time since last request: 5.861639 seconds.
  path: Assets/Course Library/Prefabs/SM_Prop_Bomb_01.prefab
  artifactKey: Guid(d6314b35d3631744483ba2cc7a1e256d) Importer(815301076,1909f56bfc062723c751e8b465ee728b)
Start importing Assets/Course Library/Prefabs/SM_Prop_Bomb_01.prefab using Guid(d6314b35d3631744483ba2cc7a1e256d) Importer(815301076,1909f56bfc062723c751e8b465ee728b)  -> (artifact id: 'a037716820c245ab61dcd169efaa9a03') in 0.044914 seconds 
========================================================================
Received Import Request.
  Time since last request: 4.779968 seconds.
  path: Assets/Course Library/Prefabs/SM_Prop_Bomb_01.prefab
  artifactKey: Guid(d6314b35d3631744483ba2cc7a1e256d) Importer(815301076,1909f56bfc062723c751e8b465ee728b)
Start importing Assets/Course Library/Prefabs/SM_Prop_Bomb_01.prefab using Guid(d6314b35d3631744483ba2cc7a1e256d) Importer(815301076,1909f56bfc062723c751e8b465ee728b)  -> (artifact id: '0b71ac50ceb67fe2c0c0b40ea4d63d52') in 0.034988 seconds 
========================================================================
Received Import Request.
  Time since last request: 30.897968 seconds.
  path: Assets/Course Library/Prefabs/SM_Prop_Bomb_01.prefab
  artifactKey: Guid(d6314b35d3631744483ba2cc7a1e256d) Importer(815301076,1909f56bfc062723c751e8b465ee728b)
Start importing Assets/Course Library/Prefabs/SM_Prop_Bomb_01.prefab using Guid(d6314b35d3631744483ba2cc7a1e256d) Importer(815301076,1909f56bfc062723c751e8b465ee728b)  -> (artifact id: '5244cbda4230e6232572ffbaa95a87ae') in 0.035702 seconds 
========================================================================
Received Import Request.
  Time since last request: 12.331742 seconds.
  path: Assets/Course Library/Prefabs/SM_Prop_Bomb_01.prefab
  artifactKey: Guid(d6314b35d3631744483ba2cc7a1e256d) Importer(815301076,1909f56bfc062723c751e8b465ee728b)
Start importing Assets/Course Library/Prefabs/SM_Prop_Bomb_01.prefab using Guid(d6314b35d3631744483ba2cc7a1e256d) Importer(815301076,1909f56bfc062723c751e8b465ee728b)  -> (artifact id: 'fd44a0d651c6a0f50ff2a321d6a3d197') in 0.034096 seconds 
========================================================================
Received Import Request.
  Time since last request: 21.561224 seconds.
  path: Assets/Course Library/Prefabs/SM_Prop_Bomb_01.prefab
  artifactKey: Guid(d6314b35d3631744483ba2cc7a1e256d) Importer(815301076,1909f56bfc062723c751e8b465ee728b)
Start importing Assets/Course Library/Prefabs/SM_Prop_Bomb_01.prefab using Guid(d6314b35d3631744483ba2cc7a1e256d) Importer(815301076,1909f56bfc062723c751e8b465ee728b)  -> (artifact id: '7a4cf966d7d892d9475e6cfbb9dc55ec') in 0.033240 seconds 
========================================================================
Received Import Request.
  Time since last request: 27.008781 seconds.
  path: Assets/Course Library/Prefabs/Good1.prefab
  artifactKey: Guid(a463578001389ca49a3c98235e396e63) Importer(815301076,1909f56bfc062723c751e8b465ee728b)
Start importing Assets/Course Library/Prefabs/Good1.prefab using Guid(a463578001389ca49a3c98235e396e63) Importer(815301076,1909f56bfc062723c751e8b465ee728b)  -> (artifact id: '715730609bb70645289d4bcf42a7ea12') in 0.023109 seconds 
========================================================================
Received Import Request.
  Time since last request: 4.306724 seconds.
  path: Assets/Course Library/Prefabs/Good2.prefab
  artifactKey: Guid(c9a509bc7ac74f2409642697f3298249) Importer(815301076,1909f56bfc062723c751e8b465ee728b)
Start importing Assets/Course Library/Prefabs/Good2.prefab using Guid(c9a509bc7ac74f2409642697f3298249) Importer(815301076,1909f56bfc062723c751e8b465ee728b)  -> (artifact id: '044d0c76113848a4fe432f336b95e321') in 0.022365 seconds 
========================================================================
Received Import Request.
  Time since last request: 8.153393 seconds.
  path: Assets/Course Library/Prefabs/Good3.prefab
  artifactKey: Guid(d80b4e61b9eef3e45b1da954a31601d3) Importer(815301076,1909f56bfc062723c751e8b465ee728b)
Start importing Assets/Course Library/Prefabs/Good3.prefab using Guid(d80b4e61b9eef3e45b1da954a31601d3) Importer(815301076,1909f56bfc062723c751e8b465ee728b)  -> (artifact id: 'd18eed37c5bb8d0fdb08feaa8a7ebf10') in 0.022578 seconds 
========================================================================
Received Import Request.
  Time since last request: 12.070791 seconds.
  path: Assets/Course Library/Prefabs/Good4.prefab
  artifactKey: Guid(2ceabeb27529ded49ac1a9bc8701d4a6) Importer(815301076,1909f56bfc062723c751e8b465ee728b)
Start importing Assets/Course Library/Prefabs/Good4.prefab using Guid(2ceabeb27529ded49ac1a9bc8701d4a6) Importer(815301076,1909f56bfc062723c751e8b465ee728b)  -> (artifact id: 'c649c120247a5895aa832b6c3bac4757') in 0.099055 seconds 
========================================================================
Received Import Request.
  Time since last request: 4.486236 seconds.
  path: Assets/Course Library/Prefabs/Good5.prefab
  artifactKey: Guid(e7bdade3b5344914baecd63bc103c7db) Importer(815301076,1909f56bfc062723c751e8b465ee728b)
Start importing Assets/Course Library/Prefabs/Good5.prefab using Guid(e7bdade3b5344914baecd63bc103c7db) Importer(815301076,1909f56bfc062723c751e8b465ee728b)  -> (artifact id: '359e6e5f1a7d9ea3ae61a4d462064cf3') in 0.035242 seconds 
========================================================================
Received Import Request.
  Time since last request: 76.665113 seconds.
  path: Assets/Course Library/Prefabs/Bad2.prefab
  artifactKey: Guid(d6314b35d3631744483ba2cc7a1e256d) Importer(815301076,1909f56bfc062723c751e8b465ee728b)
Start importing Assets/Course Library/Prefabs/Bad2.prefab using Guid(d6314b35d3631744483ba2cc7a1e256d) Importer(815301076,1909f56bfc062723c751e8b465ee728b)  -> (artifact id: '17c5be4574ad73887d375987224841a8') in 0.050048 seconds 
========================================================================
Received Prepare
Registering precompiled user dll's ...
Registered in 0.007487 seconds.
Begin MonoManager ReloadAssembly
Native extension for WindowsStandalone target not found
Refreshing native plugins compatible for Editor in 1.09 ms, found 1 plugins.
Preloading 0 native plugins for Editor in 0.00 ms.
Mono: successfully reloaded assembly
- Completed reload, in  7.097 seconds
Platform modules already initialized, skipping
Refreshing native plugins compatible for Editor in 0.97 ms, found 1 plugins.
Preloading 0 native plugins for Editor in 0.00 ms.
Unloading 2662 Unused Serialized files (Serialized files now loaded: 0)
System memory in use before: 102.7 MB.
System memory in use after: 102.9 MB.

Unloading 10 unused Assets to reduce memory usage. Loaded Objects now: 3146.
Total: 5.016300 ms (FindLiveObjects: 0.562400 ms CreateObjectMapping: 0.230200 ms MarkObjects: 4.090000 ms  DeleteObjects: 0.129800 ms)

========================================================================
Received Prepare
Registering precompiled user dll's ...
Registered in 0.009927 seconds.
Begin MonoManager ReloadAssembly
Native extension for WindowsStandalone target not found
Refreshing native plugins compatible for Editor in 1.18 ms, found 1 plugins.
Preloading 0 native plugins for Editor in 0.00 ms.
Mono: successfully reloaded assembly
- Completed reload, in 11.831 seconds
Platform modules already initialized, skipping
Refreshing native plugins compatible for Editor in 0.98 ms, found 1 plugins.
Preloading 0 native plugins for Editor in 0.00 ms.
Unloading 2662 Unused Serialized files (Serialized files now loaded: 0)
System memory in use before: 102.8 MB.
System memory in use after: 103.0 MB.

Unloading 10 unused Assets to reduce memory usage. Loaded Objects now: 3149.
Total: 12.289600 ms (FindLiveObjects: 7.749200 ms CreateObjectMapping: 0.595600 ms MarkObjects: 3.757100 ms  DeleteObjects: 0.182200 ms)

========================================================================
Received Prepare
Registering precompiled user dll's ...
Registered in 0.011017 seconds.
Begin MonoManager ReloadAssembly
Native extension for WindowsStandalone target not found
Refreshing native plugins compatible for Editor in 1.00 ms, found 1 plugins.
Preloading 0 native plugins for Editor in 0.00 ms.
Mono: successfully reloaded assembly
- Completed reload, in 10.752 seconds
Platform modules already initialized, skipping
Refreshing native plugins compatible for Editor in 0.91 ms, found 1 plugins.
Preloading 0 native plugins for Editor in 0.00 ms.
Unloading 2662 Unused Serialized files (Serialized files now loaded: 0)
System memory in use before: 102.8 MB.
System memory in use after: 103.0 MB.

Unloading 10 unused Assets to reduce memory usage. Loaded Objects now: 3152.
Total: 4.009100 ms (FindLiveObjects: 0.441700 ms CreateObjectMapping: 0.239400 ms MarkObjects: 3.172800 ms  DeleteObjects: 0.152700 ms)

========================================================================
Received Prepare
Registering precompiled user dll's ...
Registered in 0.006921 seconds.
Begin MonoManager ReloadAssembly
Native extension for WindowsStandalone target not found
Refreshing native plugins compatible for Editor in 1.11 ms, found 1 plugins.
Preloading 0 native plugins for Editor in 0.00 ms.
Mono: successfully reloaded assembly
- Completed reload, in  2.301 seconds
Platform modules already initialized, skipping
Refreshing native plugins compatible for Editor in 1.13 ms, found 1 plugins.
Preloading 0 native plugins for Editor in 0.00 ms.
Unloading 2662 Unused Serialized files (Serialized files now loaded: 0)
System memory in use before: 102.8 MB.
System memory in use after: 103.0 MB.

Unloading 10 unused Assets to reduce memory usage. Loaded Objects now: 3155.
Total: 4.549000 ms (FindLiveObjects: 0.496300 ms CreateObjectMapping: 0.254500 ms MarkObjects: 3.669500 ms  DeleteObjects: 0.124300 ms)

========================================================================
Received Prepare
Registering precompiled user dll's ...
Registered in 0.024663 seconds.
Begin MonoManager ReloadAssembly
Native extension for WindowsStandalone target not found
Refreshing native plugins compatible for Editor in 1.68 ms, found 1 plugins.
Preloading 0 native plugins for Editor in 0.00 ms.
Mono: successfully reloaded assembly
- Completed reload, in  2.391 seconds
Platform modules already initialized, skipping
Refreshing native plugins compatible for Editor in 0.96 ms, found 1 plugins.
Preloading 0 native plugins for Editor in 0.00 ms.
Unloading 2662 Unused Serialized files (Serialized files now loaded: 0)
System memory in use before: 102.8 MB.
System memory in use after: 103.0 MB.

Unloading 10 unused Assets to reduce memory usage. Loaded Objects now: 3158.
Total: 4.713100 ms (FindLiveObjects: 0.473300 ms CreateObjectMapping: 0.300000 ms MarkObjects: 3.838000 ms  DeleteObjects: 0.099100 ms)

========================================================================
Received Import Request.
  Time since last request: 2098.246036 seconds.
  path: Assets/Course Library/Prefabs/Bad1.prefab
  artifactKey: Guid(8207e2d4285b4d94485c13e51e40a195) Importer(815301076,1909f56bfc062723c751e8b465ee728b)
Start importing Assets/Course Library/Prefabs/Bad1.prefab using Guid(8207e2d4285b4d94485c13e51e40a195) Importer(815301076,1909f56bfc062723c751e8b465ee728b)  -> (artifact id: 'daacb167f373ffaf752dcd02c33a86d3') in 0.117367 seconds 
========================================================================
Received Import Request.
  Time since last request: 0.000480 seconds.
  path: Assets/Course Library/Prefabs/Good3.prefab
  artifactKey: Guid(d80b4e61b9eef3e45b1da954a31601d3) Importer(815301076,1909f56bfc062723c751e8b465ee728b)
Start importing Assets/Course Library/Prefabs/Good3.prefab using Guid(d80b4e61b9eef3e45b1da954a31601d3) Importer(815301076,1909f56bfc062723c751e8b465ee728b)  -> (artifact id: '3d9c72ae9ca223d5845a174da6d24d3b') in 0.031818 seconds 
========================================================================
Received Import Request.
  Time since last request: 0.000496 seconds.
  path: Assets/Course Library/Prefabs/Good4.prefab
  artifactKey: Guid(2ceabeb27529ded49ac1a9bc8701d4a6) Importer(815301076,1909f56bfc062723c751e8b465ee728b)
Start importing Assets/Course Library/Prefabs/Good4.prefab using Guid(2ceabeb27529ded49ac1a9bc8701d4a6) Importer(815301076,1909f56bfc062723c751e8b465ee728b)  -> (artifact id: 'f92e729c8697b88b46a57399625cd6c9') in 0.034485 seconds 
========================================================================
Received Import Request.
  Time since last request: 0.000236 seconds.
  path: Assets/Course Library/Prefabs/Bad2.prefab
  artifactKey: Guid(d6314b35d3631744483ba2cc7a1e256d) Importer(815301076,1909f56bfc062723c751e8b465ee728b)
Start importing Assets/Course Library/Prefabs/Bad2.prefab using Guid(d6314b35d3631744483ba2cc7a1e256d) Importer(815301076,1909f56bfc062723c751e8b465ee728b)  -> (artifact id: 'ed1df5971d3a5f16c4473393d0845e74') in 0.043958 seconds 
========================================================================
Received Import Request.
  Time since last request: 0.000428 seconds.
  path: Assets/Course Library/Prefabs/Good2.prefab
  artifactKey: Guid(c9a509bc7ac74f2409642697f3298249) Importer(815301076,1909f56bfc062723c751e8b465ee728b)
Start importing Assets/Course Library/Prefabs/Good2.prefab using Guid(c9a509bc7ac74f2409642697f3298249) Importer(815301076,1909f56bfc062723c751e8b465ee728b)  -> (artifact id: 'd8cfa4209ec68faf7b9aa58247d7ff61') in 0.025873 seconds 
========================================================================
Received Import Request.
  Time since last request: 0.000563 seconds.
  path: Assets/Course Library/Prefabs/Good5.prefab
  artifactKey: Guid(e7bdade3b5344914baecd63bc103c7db) Importer(815301076,1909f56bfc062723c751e8b465ee728b)
Start importing Assets/Course Library/Prefabs/Good5.prefab using Guid(e7bdade3b5344914baecd63bc103c7db) Importer(815301076,1909f56bfc062723c751e8b465ee728b)  -> (artifact id: 'a375bef3ba153a1ce81e00c078163501') in 0.026110 seconds 
========================================================================
Received Import Request.
  Time since last request: 0.000366 seconds.
  path: Assets/Course Library/Prefabs/Good1.prefab
  artifactKey: Guid(a463578001389ca49a3c98235e396e63) Importer(815301076,1909f56bfc062723c751e8b465ee728b)
Start importing Assets/Course Library/Prefabs/Good1.prefab using Guid(a463578001389ca49a3c98235e396e63) Importer(815301076,1909f56bfc062723c751e8b465ee728b)  -> (artifact id: '5051279537342c55fbe9cac91dabc590') in 0.026185 seconds 
========================================================================
Received Import Request.
  Time since last request: 32.792594 seconds.
  path: Assets/Course Library/Prefabs/Good5.prefab
  artifactKey: Guid(e7bdade3b5344914baecd63bc103c7db) Importer(815301076,1909f56bfc062723c751e8b465ee728b)
Start importing Assets/Course Library/Prefabs/Good5.prefab using Guid(e7bdade3b5344914baecd63bc103c7db) Importer(815301076,1909f56bfc062723c751e8b465ee728b)  -> (artifact id: 'e27b6f06438cff01bbc05fc90154a280') in 0.036704 seconds 
========================================================================
Received Import Request.
  Time since last request: 23.170535 seconds.
  path: Assets/Course Library/Prefabs/Good4.prefab
  artifactKey: Guid(2ceabeb27529ded49ac1a9bc8701d4a6) Importer(815301076,1909f56bfc062723c751e8b465ee728b)
Start importing Assets/Course Library/Prefabs/Good4.prefab using Guid(2ceabeb27529ded49ac1a9bc8701d4a6) Importer(815301076,1909f56bfc062723c751e8b465ee728b)  -> (artifact id: '4d951350e7b8000a29acaf72bff63783') in 0.025753 seconds 
========================================================================
Received Import Request.
  Time since last request: 22.032651 seconds.
  path: Assets/Course Library/Prefabs/Good3.prefab
  artifactKey: Guid(d80b4e61b9eef3e45b1da954a31601d3) Importer(815301076,1909f56bfc062723c751e8b465ee728b)
Start importing Assets/Course Library/Prefabs/Good3.prefab using Guid(d80b4e61b9eef3e45b1da954a31601d3) Importer(815301076,1909f56bfc062723c751e8b465ee728b)  -> (artifact id: '97f36e37c3448abe8c6cf4ace6bf2327') in 0.025450 seconds 
========================================================================
Received Import Request.
  Time since last request: 15.742007 seconds.
  path: Assets/Course Library/Prefabs/Good2.prefab
  artifactKey: Guid(c9a509bc7ac74f2409642697f3298249) Importer(815301076,1909f56bfc062723c751e8b465ee728b)
Start importing Assets/Course Library/Prefabs/Good2.prefab using Guid(c9a509bc7ac74f2409642697f3298249) Importer(815301076,1909f56bfc062723c751e8b465ee728b)  -> (artifact id: '90d09fe836e8151be176a4e70a30d51e') in 0.025564 seconds 
========================================================================
Received Import Request.
  Time since last request: 29.191670 seconds.
  path: Assets/Course Library/Prefabs/Good1.prefab
  artifactKey: Guid(a463578001389ca49a3c98235e396e63) Importer(815301076,1909f56bfc062723c751e8b465ee728b)
Start importing Assets/Course Library/Prefabs/Good1.prefab using Guid(a463578001389ca49a3c98235e396e63) Importer(815301076,1909f56bfc062723c751e8b465ee728b)  -> (artifact id: 'f8e59322916a4a637a70e9a74479586a') in 0.026482 seconds 
========================================================================
Received Import Request.
  Time since last request: 20.117425 seconds.
  path: Assets/Course Library/Prefabs/Bad2.prefab
  artifactKey: Guid(d6314b35d3631744483ba2cc7a1e256d) Importer(815301076,1909f56bfc062723c751e8b465ee728b)
Start importing Assets/Course Library/Prefabs/Bad2.prefab using Guid(d6314b35d3631744483ba2cc7a1e256d) Importer(815301076,1909f56bfc062723c751e8b465ee728b)  -> (artifact id: '00653e3b8f033921629c629527103cee') in 0.038959 seconds 
========================================================================
Received Import Request.
  Time since last request: 37.641945 seconds.
  path: Assets/Course Library/Particles/Explosion_Green 1.prefab
  artifactKey: Guid(236d5e7b49a273c4abc0a7ee3aa58317) Importer(815301076,1909f56bfc062723c751e8b465ee728b)
Start importing Assets/Course Library/Particles/Explosion_Green 1.prefab using Guid(236d5e7b49a273c4abc0a7ee3aa58317) Importer(815301076,1909f56bfc062723c751e8b465ee728b)  -> (artifact id: '79b783215e0a338acd889a85701fbe7f') in 0.017916 seconds 
========================================================================
Received Import Request.
  Time since last request: 14.330738 seconds.
  path: Assets/Course Library/Particles/Explosion_White.prefab
  artifactKey: Guid(307229a5540374aae98859caad2128a3) Importer(815301076,1909f56bfc062723c751e8b465ee728b)
Start importing Assets/Course Library/Particles/Explosion_White.prefab using Guid(307229a5540374aae98859caad2128a3) Importer(815301076,1909f56bfc062723c751e8b465ee728b)  -> (artifact id: '55438822b9485d3f937c45c1e91c9573') in 0.017340 seconds 
========================================================================
Received Import Request.
  Time since last request: 7.157578 seconds.
  path: Assets/Course Library/Particles/Explosion_White.prefab
  artifactKey: Guid(307229a5540374aae98859caad2128a3) Importer(815301076,1909f56bfc062723c751e8b465ee728b)
Start importing Assets/Course Library/Particles/Explosion_White.prefab using Guid(307229a5540374aae98859caad2128a3) Importer(815301076,1909f56bfc062723c751e8b465ee728b)  -> (artifact id: 'ebfc803ca0e8837974a4599798bc8547') in 0.013057 seconds 
========================================================================
Received Import Request.
  Time since last request: 22.431848 seconds.
  path: Assets/Course Library/Prefabs/Bad1.prefab
  artifactKey: Guid(8207e2d4285b4d94485c13e51e40a195) Importer(815301076,1909f56bfc062723c751e8b465ee728b)
Start importing Assets/Course Library/Prefabs/Bad1.prefab using Guid(8207e2d4285b4d94485c13e51e40a195) Importer(815301076,1909f56bfc062723c751e8b465ee728b)  -> (artifact id: 'e0dc91bb678d6b1ecba39c9f97f4e046') in 0.027315 seconds 
========================================================================
Received Prepare
Registering precompiled user dll's ...
Registered in 0.016029 seconds.
Begin MonoManager ReloadAssembly
Native extension for WindowsStandalone target not found
Refreshing native plugins compatible for Editor in 1.38 ms, found 1 plugins.
Preloading 0 native plugins for Editor in 0.00 ms.
Mono: successfully reloaded assembly
- Completed reload, in  2.485 seconds
Platform modules already initialized, skipping
Refreshing native plugins compatible for Editor in 0.98 ms, found 1 plugins.
Preloading 0 native plugins for Editor in 0.00 ms.
Unloading 2662 Unused Serialized files (Serialized files now loaded: 0)
System memory in use before: 102.9 MB.
System memory in use after: 103.1 MB.

Unloading 10 unused Assets to reduce memory usage. Loaded Objects now: 3163.
Total: 5.331900 ms (FindLiveObjects: 0.736300 ms CreateObjectMapping: 0.512400 ms MarkObjects: 3.947600 ms  DeleteObjects: 0.131600 ms)

========================================================================
Received Prepare
Registering precompiled user dll's ...
Registered in 0.018702 seconds.
Begin MonoManager ReloadAssembly
Native extension for WindowsStandalone target not found
Refreshing native plugins compatible for Editor in 0.99 ms, found 1 plugins.
Preloading 0 native plugins for Editor in 0.00 ms.
Mono: successfully reloaded assembly
- Completed reload, in  2.413 seconds
Platform modules already initialized, skipping
Refreshing native plugins compatible for Editor in 1.51 ms, found 1 plugins.
Preloading 0 native plugins for Editor in 0.00 ms.
Unloading 2662 Unused Serialized files (Serialized files now loaded: 0)
System memory in use before: 102.9 MB.
System memory in use after: 103.1 MB.

Unloading 10 unused Assets to reduce memory usage. Loaded Objects now: 3166.
Total: 4.413900 ms (FindLiveObjects: 0.616900 ms CreateObjectMapping: 0.221000 ms MarkObjects: 3.477300 ms  DeleteObjects: 0.096300 ms)

========================================================================
Received Prepare
Registering precompiled user dll's ...
Registered in 0.006818 seconds.
Begin MonoManager ReloadAssembly
Native extension for WindowsStandalone target not found
Refreshing native plugins compatible for Editor in 0.96 ms, found 1 plugins.
Preloading 0 native plugins for Editor in 0.00 ms.
Mono: successfully reloaded assembly
- Completed reload, in  1.966 seconds
Platform modules already initialized, skipping
Refreshing native plugins compatible for Editor in 1.62 ms, found 1 plugins.
Preloading 0 native plugins for Editor in 0.00 ms.
Unloading 2662 Unused Serialized files (Serialized files now loaded: 0)
System memory in use before: 102.9 MB.
System memory in use after: 103.1 MB.

Unloading 10 unused Assets to reduce memory usage. Loaded Objects now: 3169.
Total: 5.640000 ms (FindLiveObjects: 0.462600 ms CreateObjectMapping: 0.241600 ms MarkObjects: 4.829800 ms  DeleteObjects: 0.102400 ms)

========================================================================
Received Prepare
Registering precompiled user dll's ...
Registered in 0.008657 seconds.
Begin MonoManager ReloadAssembly
Native extension for WindowsStandalone target not found
Refreshing native plugins compatible for Editor in 1.15 ms, found 1 plugins.
Preloading 0 native plugins for Editor in 0.00 ms.
Mono: successfully reloaded assembly
- Completed reload, in  3.249 seconds
Platform modules already initialized, skipping
Refreshing native plugins compatible for Editor in 0.96 ms, found 1 plugins.
Preloading 0 native plugins for Editor in 0.00 ms.
Unloading 2662 Unused Serialized files (Serialized files now loaded: 0)
System memory in use before: 102.9 MB.
System memory in use after: 103.1 MB.

Unloading 10 unused Assets to reduce memory usage. Loaded Objects now: 3172.
Total: 8.310700 ms (FindLiveObjects: 0.496500 ms CreateObjectMapping: 0.274900 ms MarkObjects: 7.438300 ms  DeleteObjects: 0.097900 ms)

========================================================================
Received Import Request.
  Time since last request: 597.069117 seconds.
  path: Assets/Course Library/Prefabs/Good4.prefab
  artifactKey: Guid(2ceabeb27529ded49ac1a9bc8701d4a6) Importer(815301076,1909f56bfc062723c751e8b465ee728b)
Start importing Assets/Course Library/Prefabs/Good4.prefab using Guid(2ceabeb27529ded49ac1a9bc8701d4a6) Importer(815301076,1909f56bfc062723c751e8b465ee728b)  -> (artifact id: '8b015bc1ab3a1f8c54b07856c02e7237') in 0.165712 seconds 
========================================================================
Received Import Request.
  Time since last request: 82.143103 seconds.
  path: Assets/Course Library/Prefabs/Bad2.prefab
  artifactKey: Guid(d6314b35d3631744483ba2cc7a1e256d) Importer(815301076,1909f56bfc062723c751e8b465ee728b)
Start importing Assets/Course Library/Prefabs/Bad2.prefab using Guid(d6314b35d3631744483ba2cc7a1e256d) Importer(815301076,1909f56bfc062723c751e8b465ee728b)  -> (artifact id: '9839668ef6ba6b2f580e05f61ea274e3') in 0.057724 seconds 
========================================================================
Received Import Request.
  Time since last request: 14.501970 seconds.
  path: Assets/Course Library/Prefabs/Bad2.prefab
  artifactKey: Guid(d6314b35d3631744483ba2cc7a1e256d) Importer(815301076,1909f56bfc062723c751e8b465ee728b)
Start importing Assets/Course Library/Prefabs/Bad2.prefab using Guid(d6314b35d3631744483ba2cc7a1e256d) Importer(815301076,1909f56bfc062723c751e8b465ee728b)  -> (artifact id: 'd637b3ef504df9e4dec4abb77f911e67') in 0.049245 seconds 
========================================================================
Received Import Request.
  Time since last request: 1.444814 seconds.
  path: Assets/Course Library/Prefabs/Bad2.prefab
  artifactKey: Guid(d6314b35d3631744483ba2cc7a1e256d) Importer(815301076,1909f56bfc062723c751e8b465ee728b)
Start importing Assets/Course Library/Prefabs/Bad2.prefab using Guid(d6314b35d3631744483ba2cc7a1e256d) Importer(815301076,1909f56bfc062723c751e8b465ee728b)  -> (artifact id: '276428b392ebf8b0a89bfe3a3b5e60f7') in 0.036373 seconds 
========================================================================
Received Import Request.
  Time since last request: 7.649125 seconds.
  path: Assets/Course Library/Prefabs/Bad2.prefab
  artifactKey: Guid(d6314b35d3631744483ba2cc7a1e256d) Importer(815301076,1909f56bfc062723c751e8b465ee728b)
Start importing Assets/Course Library/Prefabs/Bad2.prefab using Guid(d6314b35d3631744483ba2cc7a1e256d) Importer(815301076,1909f56bfc062723c751e8b465ee728b)  -> (artifact id: '9096fa22b92f9bc1d67cc2ae7da94501') in 0.039548 seconds 
========================================================================
Received Import Request.
  Time since last request: 11.626424 seconds.
  path: Assets/Course Library/Prefabs/Bad1.prefab
  artifactKey: Guid(8207e2d4285b4d94485c13e51e40a195) Importer(815301076,1909f56bfc062723c751e8b465ee728b)
Start importing Assets/Course Library/Prefabs/Bad1.prefab using Guid(8207e2d4285b4d94485c13e51e40a195) Importer(815301076,1909f56bfc062723c751e8b465ee728b)  -> (artifact id: '2d0ee2bc078c8f160bbe73b0db626206') in 0.027966 seconds 
========================================================================
Received Import Request.
  Time since last request: 5.357174 seconds.
  path: Assets/Course Library/Prefabs/Bad1.prefab
  artifactKey: Guid(8207e2d4285b4d94485c13e51e40a195) Importer(815301076,1909f56bfc062723c751e8b465ee728b)
Start importing Assets/Course Library/Prefabs/Bad1.prefab using Guid(8207e2d4285b4d94485c13e51e40a195) Importer(815301076,1909f56bfc062723c751e8b465ee728b)  -> (artifact id: '9fdaaacb07a456bc03087970ed0f7b89') in 0.044001 seconds 
========================================================================
Received Import Request.
  Time since last request: 1.234454 seconds.
  path: Assets/Course Library/Prefabs/Bad1.prefab
  artifactKey: Guid(8207e2d4285b4d94485c13e51e40a195) Importer(815301076,1909f56bfc062723c751e8b465ee728b)
Start importing Assets/Course Library/Prefabs/Bad1.prefab using Guid(8207e2d4285b4d94485c13e51e40a195) Importer(815301076,1909f56bfc062723c751e8b465ee728b)  -> (artifact id: 'ede5397238015d501ce6ae5d232c9b41') in 0.036740 seconds 
========================================================================
Received Import Request.
  Time since last request: 6.750744 seconds.
  path: Assets/Course Library/Prefabs/Bad1.prefab
  artifactKey: Guid(8207e2d4285b4d94485c13e51e40a195) Importer(815301076,1909f56bfc062723c751e8b465ee728b)
Start importing Assets/Course Library/Prefabs/Bad1.prefab using Guid(8207e2d4285b4d94485c13e51e40a195) Importer(815301076,1909f56bfc062723c751e8b465ee728b)  -> (artifact id: '02a6f3605169241ad7335210ca031ed6') in 0.038384 seconds 
========================================================================
Received Prepare
Registering precompiled user dll's ...
Registered in 0.006234 seconds.
Begin MonoManager ReloadAssembly
Native extension for WindowsStandalone target not found
Refreshing native plugins compatible for Editor in 1.00 ms, found 1 plugins.
Preloading 0 native plugins for Editor in 0.00 ms.
Mono: successfully reloaded assembly
- Completed reload, in  1.924 seconds
Platform modules already initialized, skipping
Refreshing native plugins compatible for Editor in 0.96 ms, found 1 plugins.
Preloading 0 native plugins for Editor in 0.00 ms.
Unloading 2662 Unused Serialized files (Serialized files now loaded: 0)
System memory in use before: 102.9 MB.
System memory in use after: 103.1 MB.

Unloading 10 unused Assets to reduce memory usage. Loaded Objects now: 3176.
Total: 6.661900 ms (FindLiveObjects: 0.974200 ms CreateObjectMapping: 0.432900 ms MarkObjects: 5.129100 ms  DeleteObjects: 0.119700 ms)

========================================================================
Received Import Request.
  Time since last request: 61.706640 seconds.
  path: Assets/Course Library/Materials
  artifactKey: Guid(dd709f07860c949b89e27a3bbd65dbc3) Importer(815301076,1909f56bfc062723c751e8b465ee728b)
Start importing Assets/Course Library/Materials using Guid(dd709f07860c949b89e27a3bbd65dbc3) Importer(815301076,1909f56bfc062723c751e8b465ee728b)  -> (artifact id: '83b7a21f041d0565a0b7c0edb3fa83b3') in 0.029476 seconds 
========================================================================
Received Import Request.
  Time since last request: 10.215107 seconds.
  path: Assets/Course Library/Materials/Red.mat
  artifactKey: Guid(a96cddc444008df4a8dd734f9c215c32) Importer(815301076,1909f56bfc062723c751e8b465ee728b)
Start importing Assets/Course Library/Materials/Red.mat using Guid(a96cddc444008df4a8dd734f9c215c32) Importer(815301076,1909f56bfc062723c751e8b465ee728b)  -> (artifact id: '8f55dbc87d3b575ae5d5bc9185ff2dc6') in 0.163314 seconds 
========================================================================
Received Import Request.
  Time since last request: 31.505580 seconds.
  path: Assets/Course Library/Prefabs/Bad2.prefab
  artifactKey: Guid(d6314b35d3631744483ba2cc7a1e256d) Importer(815301076,1909f56bfc062723c751e8b465ee728b)
Start importing Assets/Course Library/Prefabs/Bad2.prefab using Guid(d6314b35d3631744483ba2cc7a1e256d) Importer(815301076,1909f56bfc062723c751e8b465ee728b)  -> (artifact id: '58de2cffb02f275c81c01e93389b0d0e') in 0.059065 seconds 
========================================================================
Received Import Request.
  Time since last request: 7.500916 seconds.
  path: Assets/Course Library/Fonts/Baloo_Chettan/BalooChettan-Regular SDF.asset
  artifactKey: Guid(31706cb8c8e1e4d99bb4d0a39c952ca2) Importer(815301076,1909f56bfc062723c751e8b465ee728b)
Start importing Assets/Course Library/Fonts/Baloo_Chettan/BalooChettan-Regular SDF.asset using Guid(31706cb8c8e1e4d99bb4d0a39c952ca2) Importer(815301076,1909f56bfc062723c751e8b465ee728b)  -> (artifact id: '4d1b12b36bc6c02bd953d58238526ba0') in 0.145781 seconds 
========================================================================
Received Import Request.
  Time since last request: 0.000368 seconds.
  path: Assets/Course Library/Fonts/Exo_2/Exo2-Medium.ttf
  artifactKey: Guid(2166c536fb3f3437a84ed2e583f883ef) Importer(815301076,1909f56bfc062723c751e8b465ee728b)
Start importing Assets/Course Library/Fonts/Exo_2/Exo2-Medium.ttf using Guid(2166c536fb3f3437a84ed2e583f883ef) Importer(815301076,1909f56bfc062723c751e8b465ee728b)  -> (artifact id: 'ca2456589578085ec19100d35a6f84ac') in 0.065856 seconds 
========================================================================
Received Import Request.
  Time since last request: 0.000246 seconds.
  path: Assets/Course Library/Fonts/Exo_2/Exo2-SemiBold SDF.asset
  artifactKey: Guid(8887514be60924b0ba1319bd10d63d0f) Importer(815301076,1909f56bfc062723c751e8b465ee728b)
Start importing Assets/Course Library/Fonts/Exo_2/Exo2-SemiBold SDF.asset using Guid(8887514be60924b0ba1319bd10d63d0f) Importer(815301076,1909f56bfc062723c751e8b465ee728b)  -> (artifact id: '3d0b8eaef788d8a64679549af48f061f') in 0.060394 seconds 
========================================================================
Received Import Request.
  Time since last request: 0.000425 seconds.
  path: Assets/Course Library/Fonts/Exo_2/Exo2-LightItalic.ttf
  artifactKey: Guid(d59e3c5d1247c45f0b70680dc868ed9d) Importer(815301076,1909f56bfc062723c751e8b465ee728b)
Start importing Assets/Course Library/Fonts/Exo_2/Exo2-LightItalic.ttf using Guid(d59e3c5d1247c45f0b70680dc868ed9d) Importer(815301076,1909f56bfc062723c751e8b465ee728b)  -> (artifact id: '2ed4b85414ebb005eca48ccc78b752b8') in 0.050383 seconds 
========================================================================
Received Import Request.
  Time since last request: 0.000300 seconds.
  path: Assets/Course Library/Fonts/Exo_2/Exo2-SemiBold.ttf
  artifactKey: Guid(07a4ab9300a394dcc9813a7907f1edba) Importer(815301076,1909f56bfc062723c751e8b465ee728b)
Start importing Assets/Course Library/Fonts/Exo_2/Exo2-SemiBold.ttf using Guid(07a4ab9300a394dcc9813a7907f1edba) Importer(815301076,1909f56bfc062723c751e8b465ee728b)  -> (artifact id: 'a6e5258892b576e3bd24af5985c6f0d2') in 0.064545 seconds 
========================================================================
Received Import Request.
  Time since last request: 0.000397 seconds.
  path: Assets/Course Library/Fonts/Exo_2/Exo2-Light.ttf
  artifactKey: Guid(b26e90a68ded1405f850d9355a62719d) Importer(815301076,1909f56bfc062723c751e8b465ee728b)
Start importing Assets/Course Library/Fonts/Exo_2/Exo2-Light.ttf using Guid(b26e90a68ded1405f850d9355a62719d) Importer(815301076,1909f56bfc062723c751e8b465ee728b)  -> (artifact id: 'b979ee3469f04d3097e5d0de8cfc1665') in 0.049085 seconds 
========================================================================
Received Import Request.
  Time since last request: 0.000690 seconds.
  path: Assets/Fonts/TMP/EnglishTowne SDF.asset
  artifactKey: Guid(fdecbb47c5aa04c439b6f39062595dcb) Importer(815301076,1909f56bfc062723c751e8b465ee728b)
Start importing Assets/Fonts/TMP/EnglishTowne SDF.asset using Guid(fdecbb47c5aa04c439b6f39062595dcb) Importer(815301076,1909f56bfc062723c751e8b465ee728b)  -> (artifact id: '68f76968cb547fec142d0330a123a388') in 0.087488 seconds 
========================================================================
Received Import Request.
  Time since last request: 1.432253 seconds.
  path: Assets/Course Library/Fonts/Exo_2/Exo2-MediumItalic.ttf
  artifactKey: Guid(73c5c3792c4ec4d28816461c108c09ab) Importer(815301076,1909f56bfc062723c751e8b465ee728b)
Start importing Assets/Course Library/Fonts/Exo_2/Exo2-MediumItalic.ttf using Guid(73c5c3792c4ec4d28816461c108c09ab) Importer(815301076,1909f56bfc062723c751e8b465ee728b)  -> (artifact id: '36a642622f576486acc27abc50b8f01b') in 0.051914 seconds 
========================================================================
Received Import Request.
  Time since last request: 0.000931 seconds.
  path: Assets/Course Library/Fonts/Exo_2/Exo2-Regular.ttf
  artifactKey: Guid(3a70ad0bbaee8473c80840c8766769c1) Importer(815301076,1909f56bfc062723c751e8b465ee728b)
Start importing Assets/Course Library/Fonts/Exo_2/Exo2-Regular.ttf using Guid(3a70ad0bbaee8473c80840c8766769c1) Importer(815301076,1909f56bfc062723c751e8b465ee728b)  -> (artifact id: '9ecdc80c8b7a37ad235e05d787c7181c') in 0.060456 seconds 
========================================================================
Received Import Request.
  Time since last request: 0.069624 seconds.
  path: Assets/Course Library/Fonts/Oswald/Oswald-SemiBold.ttf
  artifactKey: Guid(03bf6e71d92a548e1b627146a08ecc0b) Importer(815301076,1909f56bfc062723c751e8b465ee728b)
Start importing Assets/Course Library/Fonts/Oswald/Oswald-SemiBold.ttf using Guid(03bf6e71d92a548e1b627146a08ecc0b) Importer(815301076,1909f56bfc062723c751e8b465ee728b)  -> (artifact id: '4e81270dec48a5b16e484ddd18e23c0a') in 0.042192 seconds 
========================================================================
Received Import Request.
  Time since last request: 0.000732 seconds.
  path: Assets/Course Library/Fonts/Exo_2/Exo2-SemiBoldItalic.ttf
  artifactKey: Guid(c40fa27c60b3c426f8eac511b6401ab2) Importer(815301076,1909f56bfc062723c751e8b465ee728b)
Start importing Assets/Course Library/Fonts/Exo_2/Exo2-SemiBoldItalic.ttf using Guid(c40fa27c60b3c426f8eac511b6401ab2) Importer(815301076,1909f56bfc062723c751e8b465ee728b)  -> (artifact id: '8ea29eab38e1e3d6b3979b99b4e99d0b') in 0.050968 seconds 
========================================================================
Received Import Request.
  Time since last request: 0.055962 seconds.
  path: Assets/Course Library/Fonts/Exo_2/Exo2-Thin.ttf
  artifactKey: Guid(409f4048a2425400dbf8cf0fb9eb0f24) Importer(815301076,1909f56bfc062723c751e8b465ee728b)
Start importing Assets/Course Library/Fonts/Exo_2/Exo2-Thin.ttf using Guid(409f4048a2425400dbf8cf0fb9eb0f24) Importer(815301076,1909f56bfc062723c751e8b465ee728b)  -> (artifact id: 'cb6375ed8ac74deae901207413c4ed40') in 0.047583 seconds 
========================================================================
Received Import Request.
  Time since last request: 0.000574 seconds.
  path: Assets/Course Library/Fonts/Exo_2/Exo2-ThinItalic.ttf
  artifactKey: Guid(f5855be7b6497471792c0381959d03b4) Importer(815301076,1909f56bfc062723c751e8b465ee728b)
Start importing Assets/Course Library/Fonts/Exo_2/Exo2-ThinItalic.ttf using Guid(f5855be7b6497471792c0381959d03b4) Importer(815301076,1909f56bfc062723c751e8b465ee728b)  -> (artifact id: '210b732ac0fb4194785e929fcc241817') in 0.066816 seconds 
========================================================================
Received Import Request.
  Time since last request: 0.382692 seconds.
  path: Assets/Course Library/Fonts/Indie_Flower/IndieFlower.ttf
  artifactKey: Guid(1e2dedf0209f94b3a970377b23a013a9) Importer(815301076,1909f56bfc062723c751e8b465ee728b)
Start importing Assets/Course Library/Fonts/Indie_Flower/IndieFlower.ttf using Guid(1e2dedf0209f94b3a970377b23a013a9) Importer(815301076,1909f56bfc062723c751e8b465ee728b)  -> (artifact id: '5cbb71f3f1a5d8e0d89d1297fa8088b8') in 0.045416 seconds 
========================================================================
Received Import Request.
  Time since last request: 0.000571 seconds.
  path: Assets/Course Library/Fonts/Oswald/Oswald-Regular.ttf
  artifactKey: Guid(4614df9ec815a45a08f109d32722f99f) Importer(815301076,1909f56bfc062723c751e8b465ee728b)
Start importing Assets/Course Library/Fonts/Oswald/Oswald-Regular.ttf using Guid(4614df9ec815a45a08f109d32722f99f) Importer(815301076,1909f56bfc062723c751e8b465ee728b)  -> (artifact id: 'e17cdef4d361f663d6827fe5b82059e7') in 0.052580 seconds 
========================================================================
Received Import Request.
  Time since last request: 0.001989 seconds.
  path: Assets/Course Library/Fonts/Margarine/Margarine-Regular.ttf
  artifactKey: Guid(32de974c3db9e4756969d3fd9309e8e4) Importer(815301076,1909f56bfc062723c751e8b465ee728b)
Start importing Assets/Course Library/Fonts/Margarine/Margarine-Regular.ttf using Guid(32de974c3db9e4756969d3fd9309e8e4) Importer(815301076,1909f56bfc062723c751e8b465ee728b)  -> (artifact id: '4d0b62f9dbaf55ebfcab346498ec2b5c') in 0.056911 seconds 
========================================================================
Received Import Request.
  Time since last request: 0.000981 seconds.
  path: Assets/Course Library/Fonts/Oswald/Oswald-Bold.ttf
  artifactKey: Guid(b6d4010cbb1c141d884c47751a44704c) Importer(815301076,1909f56bfc062723c751e8b465ee728b)
Start importing Assets/Course Library/Fonts/Oswald/Oswald-Bold.ttf using Guid(b6d4010cbb1c141d884c47751a44704c) Importer(815301076,1909f56bfc062723c751e8b465ee728b)  -> (artifact id: '19a12b4e169c5c338df4bfad2face003') in 0.050311 seconds 
========================================================================
Received Import Request.
  Time since last request: 0.262447 seconds.
  path: Assets/Course Library/Fonts/Oswald/Oswald-ExtraLight.ttf
  artifactKey: Guid(7ee88c99700f34701aa468a219257cc6) Importer(815301076,1909f56bfc062723c751e8b465ee728b)
Start importing Assets/Course Library/Fonts/Oswald/Oswald-ExtraLight.ttf using Guid(7ee88c99700f34701aa468a219257cc6) Importer(815301076,1909f56bfc062723c751e8b465ee728b)  -> (artifact id: '56ba395c883626ad0f837cd3e291d8e9') in 0.051931 seconds 
========================================================================
Received Import Request.
  Time since last request: 0.000438 seconds.
  path: Assets/Course Library/Fonts/Exo_2/Exo2-Italic.ttf
  artifactKey: Guid(2fe316b95071344fcb82c0a08cbd4e52) Importer(815301076,1909f56bfc062723c751e8b465ee728b)
Start importing Assets/Course Library/Fonts/Exo_2/Exo2-Italic.ttf using Guid(2fe316b95071344fcb82c0a08cbd4e52) Importer(815301076,1909f56bfc062723c751e8b465ee728b)  -> (artifact id: '18ea6da84f7b8a75d5a10315f46c1934') in 0.052173 seconds 
========================================================================
Received Import Request.
  Time since last request: 0.001398 seconds.
  path: Assets/Course Library/Fonts/Exo_2/Exo2-ExtraLightItalic.ttf
  artifactKey: Guid(9e358774b8511446d90a622491036bf9) Importer(815301076,1909f56bfc062723c751e8b465ee728b)
Start importing Assets/Course Library/Fonts/Exo_2/Exo2-ExtraLightItalic.ttf using Guid(9e358774b8511446d90a622491036bf9) Importer(815301076,1909f56bfc062723c751e8b465ee728b)  -> (artifact id: '349d4f1ad2b43f434850ee6db6e42e1c') in 0.058378 seconds 
========================================================================
Received Import Request.
  Time since last request: 0.000836 seconds.
  path: Assets/Course Library/Fonts/Exo_2/Exo2-ExtraBoldItalic.ttf
  artifactKey: Guid(ad3f5403e751f4b52afb38e1ac599222) Importer(815301076,1909f56bfc062723c751e8b465ee728b)
Start importing Assets/Course Library/Fonts/Exo_2/Exo2-ExtraBoldItalic.ttf using Guid(ad3f5403e751f4b52afb38e1ac599222) Importer(815301076,1909f56bfc062723c751e8b465ee728b)  -> (artifact id: 'f9444dfeed458aacdb3dd4d5e1b84d59') in 0.060562 seconds 
========================================================================
Received Import Request.
  Time since last request: 0.000556 seconds.
  path: Assets/Course Library/Fonts/Oswald/Oswald-Light.ttf
  artifactKey: Guid(08117285b45064d9facc7101603b931e) Importer(815301076,1909f56bfc062723c751e8b465ee728b)
Start importing Assets/Course Library/Fonts/Oswald/Oswald-Light.ttf using Guid(08117285b45064d9facc7101603b931e) Importer(815301076,1909f56bfc062723c751e8b465ee728b)  -> (artifact id: '4d70303ad93a5da802b01e98da53382b') in 0.050614 seconds 
========================================================================
Received Import Request.
  Time since last request: 0.162007 seconds.
  path: Assets/Course Library/Fonts/Roboto_Condensed/RobotoCondensed-Regular.ttf
  artifactKey: Guid(e2121349a490b4d31ac3da78eac2ad83) Importer(815301076,1909f56bfc062723c751e8b465ee728b)
Start importing Assets/Course Library/Fonts/Roboto_Condensed/RobotoCondensed-Regular.ttf using Guid(e2121349a490b4d31ac3da78eac2ad83) Importer(815301076,1909f56bfc062723c751e8b465ee728b)  -> (artifact id: '40bf2c790bb9271cfbeb84271abfaaee') in 0.047262 seconds 
========================================================================
Received Import Request.
  Time since last request: 0.000454 seconds.
  path: Assets/Course Library/Fonts/Roboto_Condensed/RobotoCondensed-Light.ttf
  artifactKey: Guid(57df1ba1a70d248439bac89c8f1e35fe) Importer(815301076,1909f56bfc062723c751e8b465ee728b)
Start importing Assets/Course Library/Fonts/Roboto_Condensed/RobotoCondensed-Light.ttf using Guid(57df1ba1a70d248439bac89c8f1e35fe) Importer(815301076,1909f56bfc062723c751e8b465ee728b)  -> (artifact id: '7a9a8b51ac8b856f8157d44d31807c3b') in 0.055332 seconds 
========================================================================
Received Import Request.
  Time since last request: 0.001003 seconds.
  path: Assets/Course Library/Fonts/Exo_2/Exo2-ExtraLight.ttf
  artifactKey: Guid(cbc1ad4e29ed647f78246ef482e0257d) Importer(815301076,1909f56bfc062723c751e8b465ee728b)
Start importing Assets/Course Library/Fonts/Exo_2/Exo2-ExtraLight.ttf using Guid(cbc1ad4e29ed647f78246ef482e0257d) Importer(815301076,1909f56bfc062723c751e8b465ee728b)  -> (artifact id: '6f8661ad41cf2ef772ba852d213aec39') in 0.055351 seconds 
========================================================================
Received Import Request.
  Time since last request: 0.000593 seconds.
  path: Assets/Course Library/Fonts/Roboto_Condensed/RobotoCondensed-Italic.ttf
  artifactKey: Guid(b82e4b5c85b0a4393aa73a4402059046) Importer(815301076,1909f56bfc062723c751e8b465ee728b)
Start importing Assets/Course Library/Fonts/Roboto_Condensed/RobotoCondensed-Italic.ttf using Guid(b82e4b5c85b0a4393aa73a4402059046) Importer(815301076,1909f56bfc062723c751e8b465ee728b)  -> (artifact id: 'a07d43fa02ba738a62b283111f2a14ef') in 0.050549 seconds 
========================================================================
Received Import Request.
  Time since last request: 0.000579 seconds.
  path: Assets/Course Library/Fonts/Roboto_Condensed/RobotoCondensed-LightItalic.ttf
  artifactKey: Guid(f4dd3cb20665b475e9f5912522f21d95) Importer(815301076,1909f56bfc062723c751e8b465ee728b)
Start importing Assets/Course Library/Fonts/Roboto_Condensed/RobotoCondensed-LightItalic.ttf using Guid(f4dd3cb20665b475e9f5912522f21d95) Importer(815301076,1909f56bfc062723c751e8b465ee728b)  -> (artifact id: '91604ba1510eedebb6ff7b09b8fb626e') in 0.051851 seconds 
========================================================================
Received Import Request.
  Time since last request: 0.092849 seconds.
  path: Assets/Course Library/Fonts/Roboto_Condensed/RobotoCondensed-BoldItalic.ttf
  artifactKey: Guid(1f95015840ec34a00bb2a9b6ac042a92) Importer(815301076,1909f56bfc062723c751e8b465ee728b)
Start importing Assets/Course Library/Fonts/Roboto_Condensed/RobotoCondensed-BoldItalic.ttf using Guid(1f95015840ec34a00bb2a9b6ac042a92) Importer(815301076,1909f56bfc062723c751e8b465ee728b)  -> (artifact id: 'd21175d41b0d472e45d08c6c42a09be9') in 0.063196 seconds 
========================================================================
Received Import Request.
  Time since last request: 0.001163 seconds.
  path: Assets/Course Library/Fonts/Roboto_Condensed/RobotoCondensed-Bold.ttf
  artifactKey: Guid(a8f265cc471154fca8561fd61a959e0c) Importer(815301076,1909f56bfc062723c751e8b465ee728b)
Start importing Assets/Course Library/Fonts/Roboto_Condensed/RobotoCondensed-Bold.ttf using Guid(a8f265cc471154fca8561fd61a959e0c) Importer(815301076,1909f56bfc062723c751e8b465ee728b)  -> (artifact id: 'a78d673f3c9e104190b933b4d530fd05') in 0.057471 seconds 
========================================================================
Received Import Request.
  Time since last request: 0.000490 seconds.
  path: Assets/Course Library/Fonts/Exo_2/Exo2-BoldItalic.ttf
  artifactKey: Guid(469c60c6a518d45998bad6aef256137b) Importer(815301076,1909f56bfc062723c751e8b465ee728b)
Start importing Assets/Course Library/Fonts/Exo_2/Exo2-BoldItalic.ttf using Guid(469c60c6a518d45998bad6aef256137b) Importer(815301076,1909f56bfc062723c751e8b465ee728b)  -> (artifact id: '03dbeeb091966a6262dcdb291c0c05a2') in 0.067344 seconds 
========================================================================
Received Import Request.
  Time since last request: 0.001161 seconds.
  path: Assets/Course Library/Fonts/Exo_2/Exo2-ExtraBold.ttf
  artifactKey: Guid(c63f048853a014829868fe9c11f00717) Importer(815301076,1909f56bfc062723c751e8b465ee728b)
Start importing Assets/Course Library/Fonts/Exo_2/Exo2-ExtraBold.ttf using Guid(c63f048853a014829868fe9c11f00717) Importer(815301076,1909f56bfc062723c751e8b465ee728b)  -> (artifact id: 'd58cec148e1b0b43428b01092c1f1cdf') in 0.062150 seconds 
========================================================================
Received Import Request.
  Time since last request: 0.000600 seconds.
  path: Assets/Course Library/Fonts/Baloo_Chettan/BalooChettan-Regular.ttf
  artifactKey: Guid(1de092811748445db9e4b7597a8204d1) Importer(815301076,1909f56bfc062723c751e8b465ee728b)
Start importing Assets/Course Library/Fonts/Baloo_Chettan/BalooChettan-Regular.ttf using Guid(1de092811748445db9e4b7597a8204d1) Importer(815301076,1909f56bfc062723c751e8b465ee728b)  -> (artifact id: '1c08e42408fc75fc68a03ac84a6d3e75') in 0.049297 seconds 
========================================================================
Received Import Request.
  Time since last request: 0.000379 seconds.
  path: Assets/Course Library/Fonts/Exo_2/Exo2-Black.ttf
  artifactKey: Guid(90adcf7050c104cb0aa8fd30a2e49191) Importer(815301076,1909f56bfc062723c751e8b465ee728b)
Start importing Assets/Course Library/Fonts/Exo_2/Exo2-Black.ttf using Guid(90adcf7050c104cb0aa8fd30a2e49191) Importer(815301076,1909f56bfc062723c751e8b465ee728b)  -> (artifact id: '8ac83c062c873bdb43c0832558885b82') in 0.057163 seconds 
========================================================================
Received Import Request.
  Time since last request: 0.000469 seconds.
  path: Assets/Course Library/Fonts/Oswald/Oswald-Medium.ttf
  artifactKey: Guid(bc490855d36714328a7cd9ee141134ed) Importer(815301076,1909f56bfc062723c751e8b465ee728b)
Start importing Assets/Course Library/Fonts/Oswald/Oswald-Medium.ttf using Guid(bc490855d36714328a7cd9ee141134ed) Importer(815301076,1909f56bfc062723c751e8b465ee728b)  -> (artifact id: 'd6fa351efe4ec9e9068b718d2b3089fb') in 0.060791 seconds 
========================================================================
Received Import Request.
  Time since last request: 0.000507 seconds.
  path: Assets/Course Library/Fonts/Indie_Flower/IndieFlower SDF.asset
  artifactKey: Guid(8abe1e37fe7bf433896970245b936749) Importer(815301076,1909f56bfc062723c751e8b465ee728b)
Start importing Assets/Course Library/Fonts/Indie_Flower/IndieFlower SDF.asset using Guid(8abe1e37fe7bf433896970245b936749) Importer(815301076,1909f56bfc062723c751e8b465ee728b)  -> (artifact id: '7fbec8d566e7519af412f0b82fdc432f') in 0.054548 seconds 
========================================================================
Received Import Request.
  Time since last request: 0.000452 seconds.
  path: Assets/Course Library/_Source_Files/Materials/lambert1.mat
  artifactKey: Guid(755a8ab3a8f607b4eb3106d48b449755) Importer(815301076,1909f56bfc062723c751e8b465ee728b)
Start importing Assets/Course Library/_Source_Files/Materials/lambert1.mat using Guid(755a8ab3a8f607b4eb3106d48b449755) Importer(815301076,1909f56bfc062723c751e8b465ee728b)  -> (artifact id: 'b9d9343220a51104230dc96579851bdd') in 0.045133 seconds 
========================================================================
Received Import Request.
  Time since last request: 0.000986 seconds.
  path: Assets/Course Library/_Source_Files/SimpleFX/Materials/FX_Base.mat
  artifactKey: Guid(a0cec58fc32f482418596ffdf7c0d693) Importer(815301076,1909f56bfc062723c751e8b465ee728b)
Start importing Assets/Course Library/_Source_Files/SimpleFX/Materials/FX_Base.mat using Guid(a0cec58fc32f482418596ffdf7c0d693) Importer(815301076,1909f56bfc062723c751e8b465ee728b)  -> (artifact id: '8dbc87d3657aeff7f6d262aed7a33f84') in 0.036240 seconds 
========================================================================
Received Import Request.
  Time since last request: 0.000472 seconds.
  path: Assets/TextMesh Pro/Resources/Fonts & Materials/LiberationSans SDF.asset
  artifactKey: Guid(8f586378b4e144a9851e7b34d9b748ee) Importer(815301076,1909f56bfc062723c751e8b465ee728b)
Start importing Assets/TextMesh Pro/Resources/Fonts & Materials/LiberationSans SDF.asset using Guid(8f586378b4e144a9851e7b34d9b748ee) Importer(815301076,1909f56bfc062723c751e8b465ee728b)  -> (artifact id: '738be5a85e3d54baf2d48e94a9ddbcfb') in 0.094961 seconds 
========================================================================
Received Import Request.
  Time since last request: 0.000723 seconds.
  path: Assets/Course Library/Fonts/Margarine/Margarine-Regular SDF.asset
  artifactKey: Guid(ff9dfb9dcfa9b451da0749c3d2b449a9) Importer(815301076,1909f56bfc062723c751e8b465ee728b)
Start importing Assets/Course Library/Fonts/Margarine/Margarine-Regular SDF.asset using Guid(ff9dfb9dcfa9b451da0749c3d2b449a9) Importer(815301076,1909f56bfc062723c751e8b465ee728b)  -> (artifact id: '974f7447c95ef1a28d0e4e91f3ab975f') in 0.055849 seconds 
========================================================================
Received Import Request.
  Time since last request: 0.000727 seconds.
  path: Assets/Course Library/_Source_Files/Materials/PolygonCity_Texture_01_A.mat
  artifactKey: Guid(f846a97524f98f44bae9b13d72a2fc49) Importer(815301076,1909f56bfc062723c751e8b465ee728b)
Start importing Assets/Course Library/_Source_Files/Materials/PolygonCity_Texture_01_A.mat using Guid(f846a97524f98f44bae9b13d72a2fc49) Importer(815301076,1909f56bfc062723c751e8b465ee728b)  -> (artifact id: 'c291d4597e8dc552ed45b92b387158f6') in 0.042741 seconds 
========================================================================
Received Import Request.
  Time since last request: 0.000726 seconds.
  path: Assets/Course Library/_Source_Files/Materials/PolygonPrototype_Texture_01.mat
  artifactKey: Guid(41680dad0f0243748b4e228f49a2e3c4) Importer(815301076,1909f56bfc062723c751e8b465ee728b)
Start importing Assets/Course Library/_Source_Files/Materials/PolygonPrototype_Texture_01.mat using Guid(41680dad0f0243748b4e228f49a2e3c4) Importer(815301076,1909f56bfc062723c751e8b465ee728b)  -> (artifact id: '6cc877913b82a74b3c2342bf13472fff') in 0.044007 seconds 
========================================================================
Received Import Request.
  Time since last request: 0.000427 seconds.
  path: Assets/Course Library/Fonts/Oswald/Oswald-Regular SDF.asset
  artifactKey: Guid(570821af6fea44af1be9861c4a496950) Importer(815301076,1909f56bfc062723c751e8b465ee728b)
Start importing Assets/Course Library/Fonts/Oswald/Oswald-Regular SDF.asset using Guid(570821af6fea44af1be9861c4a496950) Importer(815301076,1909f56bfc062723c751e8b465ee728b)  -> (artifact id: 'ebebfef9c461630f43f786cf7ec1ed8c') in 0.062192 seconds 
========================================================================
Received Import Request.
  Time since last request: 0.000360 seconds.
  path: Assets/Course Library/_Source_Files/Materials/MilitaryProps.mat
  artifactKey: Guid(af9d3101091f90d4db78a2097d5dcb84) Importer(815301076,1909f56bfc062723c751e8b465ee728b)
Start importing Assets/Course Library/_Source_Files/Materials/MilitaryProps.mat using Guid(af9d3101091f90d4db78a2097d5dcb84) Importer(815301076,1909f56bfc062723c751e8b465ee728b)  -> (artifact id: '6ebe4c3d753ce3702d05ea4e8d33359b') in 0.076259 seconds 
========================================================================
Received Import Request.
  Time since last request: 0.000474 seconds.
  path: Assets/Course Library/_Source_Files/Materials/SimpleShopInteriors.mat
  artifactKey: Guid(b243f1f84ea457945900d7c80e573112) Importer(815301076,1909f56bfc062723c751e8b465ee728b)
Start importing Assets/Course Library/_Source_Files/Materials/SimpleShopInteriors.mat using Guid(b243f1f84ea457945900d7c80e573112) Importer(815301076,1909f56bfc062723c751e8b465ee728b)  -> (artifact id: '88f76b4ad0ef5e3b0afbd39afc073660') in 0.063552 seconds 
========================================================================
Received Import Request.
  Time since last request: 0.000553 seconds.
  path: Assets/Course Library/_Source_Files/Materials/SimpleDogs.mat
  artifactKey: Guid(5a3559dc71a3dee46a71f5627f48bb36) Importer(815301076,1909f56bfc062723c751e8b465ee728b)
Start importing Assets/Course Library/_Source_Files/Materials/SimpleDogs.mat using Guid(5a3559dc71a3dee46a71f5627f48bb36) Importer(815301076,1909f56bfc062723c751e8b465ee728b)  -> (artifact id: '663164203903109080891991c0b82864') in 0.040485 seconds 
========================================================================
Received Import Request.
  Time since last request: 0.000852 seconds.
  path: Assets/Course Library/_Source_Files/Materials/SumoBalls_Material_Shiny.mat
  artifactKey: Guid(0f9d505bf2ec96147b48ce4900e112ca) Importer(815301076,1909f56bfc062723c751e8b465ee728b)
Start importing Assets/Course Library/_Source_Files/Materials/SumoBalls_Material_Shiny.mat using Guid(0f9d505bf2ec96147b48ce4900e112ca) Importer(815301076,1909f56bfc062723c751e8b465ee728b)  -> (artifact id: '7339ab149d32826444aee28fc21e3b1b') in 0.343189 seconds 
========================================================================
Received Import Request.
  Time since last request: 0.000428 seconds.
  path: Assets/Course Library/Fonts/Roboto_Condensed/RobotoCondensed-Regular SDF.asset
  artifactKey: Guid(98585082d1d5e47f9b207a183c6d083b) Importer(815301076,1909f56bfc062723c751e8b465ee728b)
Start importing Assets/Course Library/Fonts/Roboto_Condensed/RobotoCondensed-Regular SDF.asset using Guid(98585082d1d5e47f9b207a183c6d083b) Importer(815301076,1909f56bfc062723c751e8b465ee728b)  -> (artifact id: '6231bc5d65c686ccd639a457105a97a1') in 0.060916 seconds 
========================================================================
Received Import Request.
  Time since last request: 0.000577 seconds.
  path: Assets/Course Library/_Source_Files/Materials/SimpleItems.mat
  artifactKey: Guid(dc043a9656f81bc488510dcda2b382ab) Importer(815301076,1909f56bfc062723c751e8b465ee728b)
Start importing Assets/Course Library/_Source_Files/Materials/SimpleItems.mat using Guid(dc043a9656f81bc488510dcda2b382ab) Importer(815301076,1909f56bfc062723c751e8b465ee728b)  -> (artifact id: 'c52f00a51d742d5a1c4fa72a443d467b') in 0.041958 seconds 
========================================================================
Received Import Request.
  Time since last request: 0.000351 seconds.
  path: Assets/Course Library/_Source_Files/Materials/SumoBalls_Material.mat
  artifactKey: Guid(ae4ff49dfb4c229488b12d99e4b0e3fc) Importer(815301076,1909f56bfc062723c751e8b465ee728b)
Start importing Assets/Course Library/_Source_Files/Materials/SumoBalls_Material.mat using Guid(ae4ff49dfb4c229488b12d99e4b0e3fc) Importer(815301076,1909f56bfc062723c751e8b465ee728b)  -> (artifact id: '3b3c915b302591d6fd020a4b6a9711b5') in 0.045413 seconds 
========================================================================
Received Import Request.
  Time since last request: 0.000482 seconds.
  path: Assets/Course Library/_Source_Files/Materials/PolygonCity_Mat_01_A.mat
  artifactKey: Guid(62e25ef75a2216f418d06453c9ad15cb) Importer(815301076,1909f56bfc062723c751e8b465ee728b)
Start importing Assets/Course Library/_Source_Files/Materials/PolygonCity_Mat_01_A.mat using Guid(62e25ef75a2216f418d06453c9ad15cb) Importer(815301076,1909f56bfc062723c751e8b465ee728b)  -> (artifact id: '19cb3de37427fc20d1eff4116cbb9aaa') in 0.050563 seconds 
========================================================================
Received Import Request.
  Time since last request: 0.000635 seconds.
  path: Assets/Course Library/_Source_Files/Materials/PolygonPrototype_Texture_04.mat
  artifactKey: Guid(7d22fc6b9a431b043a917fb89a80bcfc) Importer(815301076,1909f56bfc062723c751e8b465ee728b)
Start importing Assets/Course Library/_Source_Files/Materials/PolygonPrototype_Texture_04.mat using Guid(7d22fc6b9a431b043a917fb89a80bcfc) Importer(815301076,1909f56bfc062723c751e8b465ee728b)  -> (artifact id: '3da2cec62a02087ec31d70b868a5561e') in 0.075985 seconds 
========================================================================
Received Import Request.
  Time since last request: 0.000846 seconds.
  path: Assets/Course Library/_Source_Files/Materials/SimpleIcons.mat
  artifactKey: Guid(9c0880e4cd8a8704e82b6940624b569a) Importer(815301076,1909f56bfc062723c751e8b465ee728b)
Start importing Assets/Course Library/_Source_Files/Materials/SimpleIcons.mat using Guid(9c0880e4cd8a8704e82b6940624b569a) Importer(815301076,1909f56bfc062723c751e8b465ee728b)  -> (artifact id: 'a09a5fd9b534f024d1e0e2ef274dea0f') in 0.214837 seconds 
========================================================================
Received Import Request.
  Time since last request: 0.000503 seconds.
  path: Assets/Course Library/Fonts/Exo_2/Exo2-Bold.ttf
  artifactKey: Guid(adcd00801f52c472c9b3615a7750a527) Importer(815301076,1909f56bfc062723c751e8b465ee728b)
Start importing Assets/Course Library/Fonts/Exo_2/Exo2-Bold.ttf using Guid(adcd00801f52c472c9b3615a7750a527) Importer(815301076,1909f56bfc062723c751e8b465ee728b)  -> (artifact id: '686e2e8b14834bf78fe0fa6aab74df35') in 0.049853 seconds 
========================================================================
Received Import Request.
  Time since last request: 0.000385 seconds.
  path: Assets/Course Library/Fonts/Exo_2/Exo2-BlackItalic.ttf
  artifactKey: Guid(68916e4daa1d34344adef559f22fcf2b) Importer(815301076,1909f56bfc062723c751e8b465ee728b)
Start importing Assets/Course Library/Fonts/Exo_2/Exo2-BlackItalic.ttf using Guid(68916e4daa1d34344adef559f22fcf2b) Importer(815301076,1909f56bfc062723c751e8b465ee728b)  -> (artifact id: '390a6242d20a952bc3e8235d817a6bdc') in 0.053099 seconds 
========================================================================
Received Import Request.
  Time since last request: 1.679909 seconds.
  path: Assets/Course Library/Prefabs/Bad1.prefab
  artifactKey: Guid(8207e2d4285b4d94485c13e51e40a195) Importer(815301076,1909f56bfc062723c751e8b465ee728b)
Start importing Assets/Course Library/Prefabs/Bad1.prefab using Guid(8207e2d4285b4d94485c13e51e40a195) Importer(815301076,1909f56bfc062723c751e8b465ee728b)  -> (artifact id: 'f7a58b3205e1f19724ba3be3d988f962') in 0.035014 seconds 
========================================================================
Received Prepare
Registering precompiled user dll's ...
Registered in 0.006337 seconds.
Begin MonoManager ReloadAssembly
Native extension for WindowsStandalone target not found
Refreshing native plugins compatible for Editor in 1.02 ms, found 1 plugins.
Preloading 0 native plugins for Editor in 0.00 ms.
Mono: successfully reloaded assembly
- Completed reload, in  2.260 seconds
Platform modules already initialized, skipping
Refreshing native plugins compatible for Editor in 0.91 ms, found 1 plugins.
Preloading 0 native plugins for Editor in 0.00 ms.
Unloading 2703 Unused Serialized files (Serialized files now loaded: 0)
System memory in use before: 124.9 MB.
System memory in use after: 125.1 MB.

Unloading 10 unused Assets to reduce memory usage. Loaded Objects now: 3834.
Total: 5.843900 ms (FindLiveObjects: 0.780100 ms CreateObjectMapping: 0.244000 ms MarkObjects: 4.646000 ms  DeleteObjects: 0.170200 ms)

========================================================================
Received Import Request.
  Time since last request: 100.423037 seconds.
  path: Assets/Course Library/Prefabs/Good4.prefab
  artifactKey: Guid(2ceabeb27529ded49ac1a9bc8701d4a6) Importer(815301076,1909f56bfc062723c751e8b465ee728b)
Start importing Assets/Course Library/Prefabs/Good4.prefab using Guid(2ceabeb27529ded49ac1a9bc8701d4a6) Importer(815301076,1909f56bfc062723c751e8b465ee728b)  -> (artifact id: '047aae705673e3acb0eba30bf14cd887') in 0.148143 seconds 
========================================================================
Received Prepare
Registering precompiled user dll's ...
Registered in 0.021145 seconds.
Begin MonoManager ReloadAssembly
Native extension for WindowsStandalone target not found
Refreshing native plugins compatible for Editor in 3.23 ms, found 1 plugins.
Preloading 0 native plugins for Editor in 0.00 ms.
Mono: successfully reloaded assembly
- Completed reload, in  7.679 seconds
Platform modules already initialized, skipping
Refreshing native plugins compatible for Editor in 1.97 ms, found 1 plugins.
Preloading 0 native plugins for Editor in 0.00 ms.
Unloading 2662 Unused Serialized files (Serialized files now loaded: 0)
System memory in use before: 123.7 MB.
System memory in use after: 123.9 MB.

Unloading 10 unused Assets to reduce memory usage. Loaded Objects now: 3838.
Total: 10.559400 ms (FindLiveObjects: 0.702100 ms CreateObjectMapping: 0.791000 ms MarkObjects: 8.857400 ms  DeleteObjects: 0.204600 ms)

========================================================================
Received Import Request.
  Time since last request: 661.753495 seconds.
  path: Assets/Fonts/TMP/EnglishTowne SDF.asset
  artifactKey: Guid(fdecbb47c5aa04c439b6f39062595dcb) Importer(815301076,1909f56bfc062723c751e8b465ee728b)
Start importing Assets/Fonts/TMP/EnglishTowne SDF.asset using Guid(fdecbb47c5aa04c439b6f39062595dcb) Importer(815301076,1909f56bfc062723c751e8b465ee728b)  -> (artifact id: 'ee9849ff64f7889404af4cf6aa70ff74') in 0.243433 seconds 
========================================================================
Received Import Request.
  Time since last request: 99.548022 seconds.
  path: Assets/Fonts/TMP/New Material.mat
  artifactKey: Guid(c721f17a35c1dc14a860fca1c5115480) Importer(815301076,1909f56bfc062723c751e8b465ee728b)
Start importing Assets/Fonts/TMP/New Material.mat using Guid(c721f17a35c1dc14a860fca1c5115480) Importer(815301076,1909f56bfc062723c751e8b465ee728b)  -> (artifact id: '0c7d903313ef6d6821982b1a89b62acf') in 0.034928 seconds 
========================================================================
Received Import Request.
  Time since last request: 78.439842 seconds.
  path: Assets/Fonts/TMP/EnglishTowne SDF.mat
  artifactKey: Guid(994ecc502867ec3429f830ab1358b2b2) Importer(815301076,1909f56bfc062723c751e8b465ee728b)
Start importing Assets/Fonts/TMP/EnglishTowne SDF.mat using Guid(994ecc502867ec3429f830ab1358b2b2) Importer(815301076,1909f56bfc062723c751e8b465ee728b)  -> (artifact id: '32bd25015913e447891f6a168a05dc2f') in 0.071663 seconds 
========================================================================
Received Import Request.
  Time since last request: 8.121715 seconds.
  path: Assets/Fonts/TMP/EnglishTowne SDF 1.mat
  artifactKey: Guid(038765f465406b24596a613a1f414a1a) Importer(815301076,1909f56bfc062723c751e8b465ee728b)
Start importing Assets/Fonts/TMP/EnglishTowne SDF 1.mat using Guid(038765f465406b24596a613a1f414a1a) Importer(815301076,1909f56bfc062723c751e8b465ee728b)  -> (artifact id: '2b828779dbb89276ba5dc3e050bb98c8') in 0.078892 seconds 
========================================================================
Received Prepare
Registering precompiled user dll's ...
Registered in 0.006953 seconds.
Begin MonoManager ReloadAssembly
Native extension for WindowsStandalone target not found
Refreshing native plugins compatible for Editor in 2.39 ms, found 1 plugins.
Preloading 0 native plugins for Editor in 0.00 ms.
Mono: successfully reloaded assembly
- Completed reload, in  3.081 seconds
Platform modules already initialized, skipping
Refreshing native plugins compatible for Editor in 2.26 ms, found 1 plugins.
Preloading 0 native plugins for Editor in 0.00 ms.
Unloading 2663 Unused Serialized files (Serialized files now loaded: 0)
System memory in use before: 125.2 MB.
System memory in use after: 125.4 MB.

Unloading 10 unused Assets to reduce memory usage. Loaded Objects now: 3857.
Total: 7.783900 ms (FindLiveObjects: 0.843700 ms CreateObjectMapping: 0.661600 ms MarkObjects: 6.175900 ms  DeleteObjects: 0.099100 ms)

========================================================================
Received Prepare
Registering precompiled user dll's ...
Registered in 0.010281 seconds.
Begin MonoManager ReloadAssembly
Native extension for WindowsStandalone target not found
Refreshing native plugins compatible for Editor in 0.97 ms, found 1 plugins.
Preloading 0 native plugins for Editor in 0.00 ms.
Mono: successfully reloaded assembly
- Completed reload, in  2.002 seconds
Platform modules already initialized, skipping
Refreshing native plugins compatible for Editor in 0.95 ms, found 1 plugins.
Preloading 0 native plugins for Editor in 0.00 ms.
Unloading 2662 Unused Serialized files (Serialized files now loaded: 0)
System memory in use before: 125.2 MB.
System memory in use after: 125.4 MB.

Unloading 10 unused Assets to reduce memory usage. Loaded Objects now: 3860.
Total: 5.663700 ms (FindLiveObjects: 0.763100 ms CreateObjectMapping: 0.245200 ms MarkObjects: 4.492400 ms  DeleteObjects: 0.157000 ms)

========================================================================
Received Prepare
Registering precompiled user dll's ...
Registered in 0.031645 seconds.
Begin MonoManager ReloadAssembly
Native extension for WindowsStandalone target not found
Refreshing native plugins compatible for Editor in 0.99 ms, found 1 plugins.
Preloading 0 native plugins for Editor in 0.00 ms.
Mono: successfully reloaded assembly
- Completed reload, in  2.214 seconds
Platform modules already initialized, skipping
Refreshing native plugins compatible for Editor in 1.97 ms, found 1 plugins.
Preloading 0 native plugins for Editor in 0.00 ms.
Unloading 2662 Unused Serialized files (Serialized files now loaded: 0)
System memory in use before: 125.2 MB.
System memory in use after: 125.4 MB.

Unloading 10 unused Assets to reduce memory usage. Loaded Objects now: 3863.
Total: 7.019900 ms (FindLiveObjects: 1.192600 ms CreateObjectMapping: 1.756300 ms MarkObjects: 3.933900 ms  DeleteObjects: 0.134200 ms)

========================================================================
Received Import Request.
  Time since last request: 593.484687 seconds.
  path: ProjectSettings/TagManager.asset
  artifactKey: Guid(00000000000000003000000000000000) Importer(815301076,1909f56bfc062723c751e8b465ee728b)
Start importing ProjectSettings/TagManager.asset using Guid(00000000000000003000000000000000) Importer(815301076,1909f56bfc062723c751e8b465ee728b)  -> (artifact id: '88c985a7b9cc485e742d360edbea23c8') in 0.057656 seconds 
========================================================================
Received Import Request.
  Time since last request: 33.857975 seconds.
  path: Assets/Course Library/Prefabs/Bad1.prefab
  artifactKey: Guid(8207e2d4285b4d94485c13e51e40a195) Importer(815301076,1909f56bfc062723c751e8b465ee728b)
Start importing Assets/Course Library/Prefabs/Bad1.prefab using Guid(8207e2d4285b4d94485c13e51e40a195) Importer(815301076,1909f56bfc062723c751e8b465ee728b)  -> (artifact id: '803087b640c2b6fc33569d9e2a034395') in 0.131563 seconds 
========================================================================
Received Import Request.
  Time since last request: 0.000549 seconds.
  path: Assets/Course Library/Prefabs/Bad2.prefab
  artifactKey: Guid(d6314b35d3631744483ba2cc7a1e256d) Importer(815301076,1909f56bfc062723c751e8b465ee728b)
Start importing Assets/Course Library/Prefabs/Bad2.prefab using Guid(d6314b35d3631744483ba2cc7a1e256d) Importer(815301076,1909f56bfc062723c751e8b465ee728b)  -> (artifact id: '2699e0c06ba9cf270d12cb92caaeaecb') in 0.056400 seconds 
========================================================================
Received Import Request.
  Time since last request: 7.200689 seconds.
  path: Assets/Course Library/Prefabs/Good1.prefab
  artifactKey: Guid(a463578001389ca49a3c98235e396e63) Importer(815301076,1909f56bfc062723c751e8b465ee728b)
Start importing Assets/Course Library/Prefabs/Good1.prefab using Guid(a463578001389ca49a3c98235e396e63) Importer(815301076,1909f56bfc062723c751e8b465ee728b)  -> (artifact id: 'e1d0e4c1f3e2ef26f50b3f8f412e635c') in 0.061596 seconds 
========================================================================
Received Import Request.
  Time since last request: 0.000641 seconds.
  path: Assets/Course Library/Prefabs/Good3.prefab
  artifactKey: Guid(d80b4e61b9eef3e45b1da954a31601d3) Importer(815301076,1909f56bfc062723c751e8b465ee728b)
Start importing Assets/Course Library/Prefabs/Good3.prefab using Guid(d80b4e61b9eef3e45b1da954a31601d3) Importer(815301076,1909f56bfc062723c751e8b465ee728b)  -> (artifact id: '33585a7fc1bfe4c9b7077b417bf10c80') in 0.042964 seconds 
========================================================================
Received Import Request.
  Time since last request: 0.000469 seconds.
  path: Assets/Course Library/Prefabs/Good4.prefab
  artifactKey: Guid(2ceabeb27529ded49ac1a9bc8701d4a6) Importer(815301076,1909f56bfc062723c751e8b465ee728b)
Start importing Assets/Course Library/Prefabs/Good4.prefab using Guid(2ceabeb27529ded49ac1a9bc8701d4a6) Importer(815301076,1909f56bfc062723c751e8b465ee728b)  -> (artifact id: '8a826eeb69211f8567a4d8f2293c8063') in 0.041390 seconds 
========================================================================
Received Import Request.
  Time since last request: 0.000360 seconds.
  path: Assets/Course Library/Prefabs/Good2.prefab
  artifactKey: Guid(c9a509bc7ac74f2409642697f3298249) Importer(815301076,1909f56bfc062723c751e8b465ee728b)
Start importing Assets/Course Library/Prefabs/Good2.prefab using Guid(c9a509bc7ac74f2409642697f3298249) Importer(815301076,1909f56bfc062723c751e8b465ee728b)  -> (artifact id: 'c05957d1f54f662e4c47cbfd91746ddd') in 0.042513 seconds 
========================================================================
Received Import Request.
  Time since last request: 0.000551 seconds.
  path: Assets/Course Library/Prefabs/Good5.prefab
  artifactKey: Guid(e7bdade3b5344914baecd63bc103c7db) Importer(815301076,1909f56bfc062723c751e8b465ee728b)
Start importing Assets/Course Library/Prefabs/Good5.prefab using Guid(e7bdade3b5344914baecd63bc103c7db) Importer(815301076,1909f56bfc062723c751e8b465ee728b)  -> (artifact id: '616681bc9ea97279b2a040bf12e07145') in 0.039246 seconds 
========================================================================
Received Import Request.
  Time since last request: 193.231300 seconds.
  path: ProjectSettings/TagManager.asset
  artifactKey: Guid(00000000000000003000000000000000) Importer(815301076,1909f56bfc062723c751e8b465ee728b)
Start importing ProjectSettings/TagManager.asset using Guid(00000000000000003000000000000000) Importer(815301076,1909f56bfc062723c751e8b465ee728b)  -> (artifact id: '7d186230ad04f4cbee2e8b28b81a4a86') in 0.011328 seconds 
========================================================================
Received Import Request.
  Time since last request: 10.912672 seconds.
  path: Assets/Course Library/Prefabs/Bad1.prefab
  artifactKey: Guid(8207e2d4285b4d94485c13e51e40a195) Importer(815301076,1909f56bfc062723c751e8b465ee728b)
Start importing Assets/Course Library/Prefabs/Bad1.prefab using Guid(8207e2d4285b4d94485c13e51e40a195) Importer(815301076,1909f56bfc062723c751e8b465ee728b)  -> (artifact id: '7fc846b8dd7228ac32e86e2f61078d3f') in 0.038382 seconds 
========================================================================
Received Prepare
Registering precompiled user dll's ...
Registered in 0.010200 seconds.
Begin MonoManager ReloadAssembly
Native extension for WindowsStandalone target not found
Refreshing native plugins compatible for Editor in 2.08 ms, found 1 plugins.
Preloading 0 native plugins for Editor in 0.00 ms.
Mono: successfully reloaded assembly
- Completed reload, in  1.817 seconds
Platform modules already initialized, skipping
Refreshing native plugins compatible for Editor in 1.07 ms, found 1 plugins.
Preloading 0 native plugins for Editor in 0.00 ms.
Unloading 2662 Unused Serialized files (Serialized files now loaded: 0)
System memory in use before: 125.3 MB.
System memory in use after: 125.5 MB.

Unloading 12 unused Assets to reduce memory usage. Loaded Objects now: 3867.
Total: 6.220100 ms (FindLiveObjects: 0.583400 ms CreateObjectMapping: 0.439900 ms MarkObjects: 5.081700 ms  DeleteObjects: 0.112400 ms)

========================================================================
Received Prepare
Registering precompiled user dll's ...
Registered in 0.007389 seconds.
Begin MonoManager ReloadAssembly
Native extension for WindowsStandalone target not found
Refreshing native plugins compatible for Editor in 1.11 ms, found 1 plugins.
Preloading 0 native plugins for Editor in 0.00 ms.
Mono: successfully reloaded assembly
- Completed reload, in  1.916 seconds
Platform modules already initialized, skipping
Refreshing native plugins compatible for Editor in 0.91 ms, found 1 plugins.
Preloading 0 native plugins for Editor in 0.00 ms.
Unloading 2662 Unused Serialized files (Serialized files now loaded: 0)
System memory in use before: 125.2 MB.
System memory in use after: 125.5 MB.

Unloading 10 unused Assets to reduce memory usage. Loaded Objects now: 3870.
Total: 9.531600 ms (FindLiveObjects: 0.642100 ms CreateObjectMapping: 0.264600 ms MarkObjects: 8.481600 ms  DeleteObjects: 0.139800 ms)

========================================================================
Received Prepare
Registering precompiled user dll's ...
Registered in 0.006507 seconds.
Begin MonoManager ReloadAssembly
Native extension for WindowsStandalone target not found
Refreshing native plugins compatible for Editor in 1.02 ms, found 1 plugins.
Preloading 0 native plugins for Editor in 0.00 ms.
Mono: successfully reloaded assembly
- Completed reload, in  6.148 seconds
Platform modules already initialized, skipping
Refreshing native plugins compatible for Editor in 1.02 ms, found 1 plugins.
Preloading 0 native plugins for Editor in 0.00 ms.
Unloading 2662 Unused Serialized files (Serialized files now loaded: 0)
System memory in use before: 125.3 MB.
System memory in use after: 125.5 MB.

Unloading 10 unused Assets to reduce memory usage. Loaded Objects now: 3873.
Total: 4.680500 ms (FindLiveObjects: 0.573100 ms CreateObjectMapping: 0.280500 ms MarkObjects: 3.699700 ms  DeleteObjects: 0.124900 ms)

========================================================================
Received Prepare
Registering precompiled user dll's ...
Registered in 0.010202 seconds.
Begin MonoManager ReloadAssembly
Native extension for WindowsStandalone target not found
Refreshing native plugins compatible for Editor in 1.00 ms, found 1 plugins.
Preloading 0 native plugins for Editor in 0.00 ms.
Mono: successfully reloaded assembly
- Completed reload, in  1.826 seconds
Platform modules already initialized, skipping
Refreshing native plugins compatible for Editor in 1.34 ms, found 1 plugins.
Preloading 0 native plugins for Editor in 0.00 ms.
Unloading 2662 Unused Serialized files (Serialized files now loaded: 0)
System memory in use before: 125.3 MB.
System memory in use after: 125.5 MB.

Unloading 10 unused Assets to reduce memory usage. Loaded Objects now: 3876.
Total: 5.912800 ms (FindLiveObjects: 0.680300 ms CreateObjectMapping: 0.324100 ms MarkObjects: 4.679100 ms  DeleteObjects: 0.225300 ms)

========================================================================
Received Prepare
Registering precompiled user dll's ...
Registered in 0.005914 seconds.
Begin MonoManager ReloadAssembly
Native extension for WindowsStandalone target not found
Refreshing native plugins compatible for Editor in 1.00 ms, found 1 plugins.
Preloading 0 native plugins for Editor in 0.00 ms.
Mono: successfully reloaded assembly
- Completed reload, in  1.868 seconds
Platform modules already initialized, skipping
Refreshing native plugins compatible for Editor in 1.50 ms, found 1 plugins.
Preloading 0 native plugins for Editor in 0.00 ms.
Unloading 2662 Unused Serialized files (Serialized files now loaded: 0)
System memory in use before: 125.3 MB.
System memory in use after: 125.5 MB.

Unloading 10 unused Assets to reduce memory usage. Loaded Objects now: 3879.
Total: 5.595300 ms (FindLiveObjects: 0.602300 ms CreateObjectMapping: 0.334700 ms MarkObjects: 4.551600 ms  DeleteObjects: 0.104200 ms)

========================================================================
Received Prepare
Registering precompiled user dll's ...
Registered in 0.009225 seconds.
Begin MonoManager ReloadAssembly
Native extension for WindowsStandalone target not found
Refreshing native plugins compatible for Editor in 0.98 ms, found 1 plugins.
Preloading 0 native plugins for Editor in 0.00 ms.
Mono: successfully reloaded assembly
- Completed reload, in  1.931 seconds
Platform modules already initialized, skipping
Refreshing native plugins compatible for Editor in 1.03 ms, found 1 plugins.
Preloading 0 native plugins for Editor in 0.00 ms.
Unloading 2662 Unused Serialized files (Serialized files now loaded: 0)
System memory in use before: 125.3 MB.
System memory in use after: 125.5 MB.

Unloading 10 unused Assets to reduce memory usage. Loaded Objects now: 3882.
Total: 5.581200 ms (FindLiveObjects: 0.545500 ms CreateObjectMapping: 0.229100 ms MarkObjects: 4.680800 ms  DeleteObjects: 0.123000 ms)

========================================================================
Received Prepare
Registering precompiled user dll's ...
Registered in 0.009205 seconds.
Begin MonoManager ReloadAssembly
Native extension for WindowsStandalone target not found
Refreshing native plugins compatible for Editor in 0.96 ms, found 1 plugins.
Preloading 0 native plugins for Editor in 0.00 ms.
Mono: successfully reloaded assembly
- Completed reload, in  1.717 seconds
Platform modules already initialized, skipping
Refreshing native plugins compatible for Editor in 1.17 ms, found 1 plugins.
Preloading 0 native plugins for Editor in 0.00 ms.
Unloading 2662 Unused Serialized files (Serialized files now loaded: 0)
System memory in use before: 125.3 MB.
System memory in use after: 125.5 MB.

Unloading 10 unused Assets to reduce memory usage. Loaded Objects now: 3885.
Total: 4.668100 ms (FindLiveObjects: 0.650800 ms CreateObjectMapping: 0.261700 ms MarkObjects: 3.656200 ms  DeleteObjects: 0.096200 ms)

AssetImportWorkerClient::OnTransportError - code=2 error=End of file
