Using pre-set license
Built from '2021.1/release' branch; Version is '2021.1.0f1 (61a549675243) revision 6399305'; Using compiler version '192528614'; Build Type 'Release'
OS: 'Windows 10 Pro; OS build 19044.1586; Version 2009; 64bit' Language: 'es' Physical Memory: 14283 MB
BatchMode: 1, IsHumanControllingUs: 0, StartBugReporterOnCrash: 0, Is64bit: 1, IsPro: 0

 COMMAND LINE ARGUMENTS:
C:\Program Files\Unity\Hub\Editor\2021.1.0f1\Editor\Unity.exe
-adb2
-batchMode
-noUpm
-name
AssetImportWorker0
-projectPath
C:/Users/BTO/Documents/Unity_Proyecto1/Reto2
-logFile
Logs/AssetImportWorker0.log
-srvPort
62217
Successfully changed project path to: C:/Users/BTO/Documents/Unity_Proyecto1/Reto2
C:/Users/BTO/Documents/Unity_Proyecto1/Reto2
Using Asset Import Pipeline V2.
Refreshing native plugins compatible for Editor in 147.42 ms, found 1 plugins.
Preloading 0 native plugins for Editor in 0.00 ms.
Initialize engine version: 2021.1.0f1 (61a549675243)
[Subsystems] Discovering subsystems at path C:/Program Files/Unity/Hub/Editor/2021.1.0f1/Editor/Data/Resources/UnitySubsystems
[Subsystems] Discovering subsystems at path C:/Users/BTO/Documents/Unity_Proyecto1/Reto2/Assets
GfxDevice: creating device client; threaded=0; jobified=0
Direct3D:
    Version:  Direct3D 11.0 [level 11.1]
    Renderer: AMD Radeon R7 Graphics (ID=0x9874)
    Vendor:   ATI
    VRAM:     7141 MB
    Driver:   27.20.20903.8001
Initialize mono
Mono path[0] = 'C:/Program Files/Unity/Hub/Editor/2021.1.0f1/Editor/Data/Managed'
Mono path[1] = 'C:/Program Files/Unity/Hub/Editor/2021.1.0f1/Editor/Data/MonoBleedingEdge/lib/mono/unityjit'
Mono config path = 'C:/Program Files/Unity/Hub/Editor/2021.1.0f1/Editor/Data/MonoBleedingEdge/etc'
Using monoOptions --debugger-agent=transport=dt_socket,embedding=1,server=y,suspend=n,address=127.0.0.1:56116
Begin MonoManager ReloadAssembly
Registering precompiled unity dll's ...
Register platform support module: C:/Program Files/Unity/Hub/Editor/2021.1.0f1/Editor/Data/PlaybackEngines/WindowsStandaloneSupport/UnityEditor.WindowsStandalone.Extensions.dll
Registered in 0.003432 seconds.
Native extension for WindowsStandalone target not found
Refreshing native plugins compatible for Editor in 146.17 ms, found 1 plugins.
Preloading 0 native plugins for Editor in 0.00 ms.
Mono: successfully reloaded assembly
- Completed reload, in  4.473 seconds
Platform modules already initialized, skipping
Registering precompiled user dll's ...
Registered in 0.010110 seconds.
Begin MonoManager ReloadAssembly
Native extension for WindowsStandalone target not found
Refreshing native plugins compatible for Editor in 1.08 ms, found 1 plugins.
Preloading 0 native plugins for Editor in 0.00 ms.
Mono: successfully reloaded assembly
- Completed reload, in  1.936 seconds
Platform modules already initialized, skipping
========================================================================
Worker process is ready to serve import requests
Launched and connected shader compiler UnityShaderCompiler.exe after 0.10 seconds
Refreshing native plugins compatible for Editor in 0.90 ms, found 1 plugins.
Preloading 0 native plugins for Editor in 0.00 ms.
Unloading 2681 Unused Serialized files (Serialized files now loaded: 0)
System memory in use before: 98.7 MB.
System memory in use after: 98.9 MB.

Unloading 17 unused Assets to reduce memory usage. Loaded Objects now: 3131.
Total: 4.463100 ms (FindLiveObjects: 0.670700 ms CreateObjectMapping: 0.519300 ms MarkObjects: 3.135600 ms  DeleteObjects: 0.134600 ms)

========================================================================
Received Import Request.
  path: Assets/Scenes
  artifactKey: Guid(eab4d3298538b384c8732a196c934ac0) Importer(815301076,1909f56bfc062723c751e8b465ee728b)
Start importing Assets/Scenes using Guid(eab4d3298538b384c8732a196c934ac0) Importer(815301076,1909f56bfc062723c751e8b465ee728b)  -> (artifact id: '856eb268f1bce78e05fb0d10190d7243') in 0.017758 seconds 
========================================================================
Received Import Request.
  Time since last request: 29.717976 seconds.
  path: Assets/Scenes/Prototyping.unity
  artifactKey: Guid(f4e9156972d3ccb4b9874d419586beea) Importer(815301076,1909f56bfc062723c751e8b465ee728b)
Start importing Assets/Scenes/Prototyping.unity using Guid(f4e9156972d3ccb4b9874d419586beea) Importer(815301076,1909f56bfc062723c751e8b465ee728b)  -> (artifact id: 'dcf77e3465972b8b3e89a0d0dad6403b') in 0.038717 seconds 
========================================================================
Received Import Request.
  Time since last request: 377.072442 seconds.
  path: Assets
  artifactKey: Guid(00000000000000001000000000000000) Importer(815301076,1909f56bfc062723c751e8b465ee728b)
Start importing Assets using Guid(00000000000000001000000000000000) Importer(815301076,1909f56bfc062723c751e8b465ee728b)  -> (artifact id: 'c1e3b0d4d28e3570eb9237b2a8027d38') in 0.024291 seconds 
========================================================================
Received Import Request.
  Time since last request: 7.046063 seconds.
  path: Assets/Materials
  artifactKey: Guid(5bf04d0afd0169446b99af1419b6c9ee) Importer(815301076,1909f56bfc062723c751e8b465ee728b)
Start importing Assets/Materials using Guid(5bf04d0afd0169446b99af1419b6c9ee) Importer(815301076,1909f56bfc062723c751e8b465ee728b)  -> (artifact id: 'f1371f99aa1c37d08b05000c51728bcd') in 0.022379 seconds 
========================================================================
Received Import Request.
  Time since last request: 18.525458 seconds.
  path: Assets/Materials/New Material.mat
  artifactKey: Guid(6b53572078112d945a6e462cf2586572) Importer(815301076,1909f56bfc062723c751e8b465ee728b)
Start importing Assets/Materials/New Material.mat using Guid(6b53572078112d945a6e462cf2586572) Importer(815301076,1909f56bfc062723c751e8b465ee728b)  -> (artifact id: '2bfd87ad496d0a6b7671a481b2f2fab8') in 0.566513 seconds 
AssetImportWorkerClient::OnTransportError - code=2 error=End of file
