Using pre-set license
Built from '2021.3/staging' branch; Version is '2021.3.0f1 (6eacc8284459) revision 7253192'; Using compiler version '192829333'; Build Type 'Release'
OS: 'Windows 10  (10.0.19044) 64bit Professional' Language: 'es' Physical Memory: 14283 MB
BatchMode: 1, IsHumanControllingUs: 0, StartBugReporterOnCrash: 0, Is64bit: 1, IsPro: 1

COMMAND LINE ARGUMENTS:
C:\Program Files\Unity\Hub\Editor\2021.3.0f1\Editor\Unity.exe
-adb2
-batchMode
-noUpm
-name
AssetImportWorker0
-projectPath
C:/Users/BTO/Documents/Unity_Proyecto1/Curso-Unity-2020/John lemon
-logFile
Logs/AssetImportWorker0.log
-srvPort
51861
Successfully changed project path to: C:/Users/BTO/Documents/Unity_Proyecto1/Curso-Unity-2020/John lemon
C:/Users/BTO/Documents/Unity_Proyecto1/Curso-Unity-2020/John lemon
[UnityMemory] Configuration Parameters - Can be set up in boot.config
    "memorysetup-bucket-allocator-granularity=16"
    "memorysetup-bucket-allocator-bucket-count=8"
    "memorysetup-bucket-allocator-block-size=33554432"
    "memorysetup-bucket-allocator-block-count=8"
    "memorysetup-main-allocator-block-size=16777216"
    "memorysetup-thread-allocator-block-size=16777216"
    "memorysetup-gfx-main-allocator-block-size=16777216"
    "memorysetup-gfx-thread-allocator-block-size=16777216"
    "memorysetup-cache-allocator-block-size=4194304"
    "memorysetup-typetree-allocator-block-size=2097152"
    "memorysetup-profiler-bucket-allocator-granularity=16"
    "memorysetup-profiler-bucket-allocator-bucket-count=8"
    "memorysetup-profiler-bucket-allocator-block-size=33554432"
    "memorysetup-profiler-bucket-allocator-block-count=8"
    "memorysetup-profiler-allocator-block-size=16777216"
    "memorysetup-profiler-editor-allocator-block-size=1048576"
    "memorysetup-temp-allocator-size-main=16777216"
    "memorysetup-job-temp-allocator-block-size=2097152"
    "memorysetup-job-temp-allocator-block-size-background=1048576"
    "memorysetup-job-temp-allocator-reduction-small-platforms=262144"
    "memorysetup-temp-allocator-size-background-worker=32768"
    "memorysetup-temp-allocator-size-job-worker=262144"
    "memorysetup-temp-allocator-size-preload-manager=33554432"
    "memorysetup-temp-allocator-size-nav-mesh-worker=65536"
    "memorysetup-temp-allocator-size-audio-worker=65536"
    "memorysetup-temp-allocator-size-cloud-worker=32768"
    "memorysetup-temp-allocator-size-gi-baking-worker=262144"
    "memorysetup-temp-allocator-size-gfx=262144"
Refreshing native plugins compatible for Editor in 150.14 ms, found 3 plugins.
Preloading 0 native plugins for Editor in 0.00 ms.
Initialize engine version: 2021.3.0f1 (6eacc8284459)
[Subsystems] Discovering subsystems at path C:/Program Files/Unity/Hub/Editor/2021.3.0f1/Editor/Data/Resources/UnitySubsystems
[Subsystems] Discovering subsystems at path C:/Users/BTO/Documents/Unity_Proyecto1/Curso-Unity-2020/John lemon/Assets
GfxDevice: creating device client; threaded=0; jobified=0
Direct3D:
    Version:  Direct3D 11.0 [level 11.1]
    Renderer: AMD Radeon R7 Graphics (ID=0x9874)
    Vendor:   ATI
    VRAM:     7141 MB
    Driver:   27.20.20903.8001
Initialize mono
Mono path[0] = 'C:/Program Files/Unity/Hub/Editor/2021.3.0f1/Editor/Data/Managed'
Mono path[1] = 'C:/Program Files/Unity/Hub/Editor/2021.3.0f1/Editor/Data/MonoBleedingEdge/lib/mono/unityjit-win32'
Mono config path = 'C:/Program Files/Unity/Hub/Editor/2021.3.0f1/Editor/Data/MonoBleedingEdge/etc'
Using monoOptions --debugger-agent=transport=dt_socket,embedding=1,server=y,suspend=n,address=127.0.0.1:56984
Begin MonoManager ReloadAssembly
Registering precompiled unity dll's ...
Register platform support module: C:/Program Files/Unity/Hub/Editor/2021.3.0f1/Editor/Data/PlaybackEngines/WindowsStandaloneSupport/UnityEditor.WindowsStandalone.Extensions.dll
Registered in 0.012111 seconds.
Native extension for WindowsStandalone target not found
Refreshing native plugins compatible for Editor in 142.04 ms, found 3 plugins.
Preloading 0 native plugins for Editor in 0.00 ms.
Mono: successfully reloaded assembly
- Completed reload, in  1.256 seconds
Domain Reload Profiling:
	ReloadAssembly (1257ms)
		BeginReloadAssembly (145ms)
			ExecutionOrderSort (0ms)
			DisableScriptedObjects (0ms)
			BackupInstance (0ms)
			ReleaseScriptingObjects (0ms)
			CreateAndSetChildDomain (1ms)
		EndReloadAssembly (896ms)
			LoadAssemblies (140ms)
			RebuildTransferFunctionScriptingTraits (0ms)
			SetupTypeCache (212ms)
			ReleaseScriptCaches (0ms)
			RebuildScriptCaches (56ms)
			SetupLoadedEditorAssemblies (526ms)
				LogAssemblyErrors (0ms)
				InitializePlatformSupportModulesInManaged (15ms)
				SetLoadedEditorAssemblies (1ms)
				RefreshPlugins (142ms)
				BeforeProcessingInitializeOnLoad (2ms)
				ProcessInitializeOnLoadAttributes (275ms)
				ProcessInitializeOnLoadMethodAttributes (91ms)
				AfterProcessingInitializeOnLoad (0ms)
				EditorAssembliesLoaded (0ms)
			ExecutionOrderSort2 (0ms)
			AwakeInstancesAfterBackupRestoration (0ms)
Platform modules already initialized, skipping
Registering precompiled user dll's ...
Registered in 0.010783 seconds.
Begin MonoManager ReloadAssembly
Symbol file LoadedFromMemory doesn't match image C:\Users\BTO\Documents\Unity_Proyecto1\Curso-Unity-2020\John lemon\Library\PackageCache\com.unity.visualscripting@1.7.6\Editor\VisualScripting.Core\Dependencies\YamlDotNet\Unity.VisualScripting.YamlDotNet.dll
Symbol file LoadedFromMemory is not a mono symbol file
Symbol file LoadedFromMemory doesn't match image C:\Users\BTO\Documents\Unity_Proyecto1\Curso-Unity-2020\John lemon\Library\PackageCache\com.unity.visualscripting@1.7.6\Editor\VisualScripting.Core\Dependencies\DotNetZip\Unity.VisualScripting.IonicZip.dll
Native extension for WindowsStandalone target not found
Refreshing native plugins compatible for Editor in 1.07 ms, found 3 plugins.
Preloading 0 native plugins for Editor in 0.00 ms.
Mono: successfully reloaded assembly
- Completed reload, in  2.145 seconds
Domain Reload Profiling:
	ReloadAssembly (2146ms)
		BeginReloadAssembly (232ms)
			ExecutionOrderSort (0ms)
			DisableScriptedObjects (9ms)
			BackupInstance (0ms)
			ReleaseScriptingObjects (0ms)
			CreateAndSetChildDomain (40ms)
		EndReloadAssembly (1599ms)
			LoadAssemblies (205ms)
			RebuildTransferFunctionScriptingTraits (0ms)
			SetupTypeCache (494ms)
			ReleaseScriptCaches (1ms)
			RebuildScriptCaches (116ms)
			SetupLoadedEditorAssemblies (715ms)
				LogAssemblyErrors (0ms)
				InitializePlatformSupportModulesInManaged (11ms)
				SetLoadedEditorAssemblies (1ms)
				RefreshPlugins (1ms)
				BeforeProcessingInitializeOnLoad (154ms)
				ProcessInitializeOnLoadAttributes (467ms)
				ProcessInitializeOnLoadMethodAttributes (62ms)
				AfterProcessingInitializeOnLoad (18ms)
				EditorAssembliesLoaded (0ms)
			ExecutionOrderSort2 (0ms)
			AwakeInstancesAfterBackupRestoration (13ms)
Platform modules already initialized, skipping
========================================================================
Worker process is ready to serve import requests
Launched and connected shader compiler UnityShaderCompiler.exe after 0.12 seconds
Refreshing native plugins compatible for Editor in 1.65 ms, found 3 plugins.
Preloading 0 native plugins for Editor in 0.00 ms.
Unloading 3231 Unused Serialized files (Serialized files now loaded: 0)
Unloading 23 unused Assets / (112.9 KB). Loaded Objects now: 3692.
Memory consumption went from 113.9 MB to 113.8 MB.
Total: 5.905500 ms (FindLiveObjects: 0.464900 ms CreateObjectMapping: 0.334400 ms MarkObjects: 4.877100 ms  DeleteObjects: 0.226400 ms)

AssetImportParameters requested are different than current active one (requested -> active):
  custom:video-decoder-ogg-theora: a1e56fd34408186e4bbccfd4996cb3dc -> 
  custom:container-muxer-webm: aa71ff27fc2769a1b78a27578f13a17b -> 
  custom:container-demuxer-webm: 4f35f7cbe854078d1ac9338744f61a02 -> 
  custom:video-encoder-webm-vp8: eb34c28f22e8b96e1ab97ce403110664 -> 
  custom:audio-encoder-webm-vorbis: bf7c407c2cedff20999df2af8eb42d56 -> 
  custom:framework-win-MediaFoundation: 216162199b28c13a410421893ffa2e32 -> 
  custom:container-demuxer-ogg: 62fdf1f143b41e24485cea50d1cbac27 -> 
  custom:video-decoder-webm-vp8: 9c59270c3fd7afecdb556c50c9e8de78 -> 
  custom:audio-decoder-ogg-vorbis: bf7c407c2cedff20999df2af8eb42d56 -> 
========================================================================
Received Import Request.
  Time since last request: 575.342814 seconds.
  path: Assets/Prefabs/JohnLemon.prefab
  artifactKey: Guid(37d45a04a280e0f44996f97b185d2040) Importer(815301076,1909f56bfc062723c751e8b465ee728b)
Start importing Assets/Prefabs/JohnLemon.prefab using Guid(37d45a04a280e0f44996f97b185d2040) Importer(815301076,1909f56bfc062723c751e8b465ee728b)  -> (artifact id: '90da5ef580539b657f784e31e0cb3fad') in 0.306001 seconds 
========================================================================
Received Import Request.
  Time since last request: 47.274870 seconds.
  path: Assets/Prefabs/JohnLemon.prefab
  artifactKey: Guid(37d45a04a280e0f44996f97b185d2040) Importer(815301076,1909f56bfc062723c751e8b465ee728b)
Start importing Assets/Prefabs/JohnLemon.prefab using Guid(37d45a04a280e0f44996f97b185d2040) Importer(815301076,1909f56bfc062723c751e8b465ee728b)  -> (artifact id: 'c37170a3d13469be6d3afc219cabd7d2') in 0.062015 seconds 
========================================================================
Received Import Request.
  Time since last request: 405.568729 seconds.
  path: Assets/Prefabs/JohnLemon.prefab
  artifactKey: Guid(37d45a04a280e0f44996f97b185d2040) Importer(815301076,1909f56bfc062723c751e8b465ee728b)
Start importing Assets/Prefabs/JohnLemon.prefab using Guid(37d45a04a280e0f44996f97b185d2040) Importer(815301076,1909f56bfc062723c751e8b465ee728b)  -> (artifact id: '9e2055a189b3289855d6943190976b7c') in 0.186836 seconds 
========================================================================
Received Import Request.
  Time since last request: 120.998610 seconds.
  path: Assets/Prefabs/JohnLemon.prefab
  artifactKey: Guid(37d45a04a280e0f44996f97b185d2040) Importer(815301076,1909f56bfc062723c751e8b465ee728b)
Start importing Assets/Prefabs/JohnLemon.prefab using Guid(37d45a04a280e0f44996f97b185d2040) Importer(815301076,1909f56bfc062723c751e8b465ee728b)  -> (artifact id: 'ef22d2e7d53a944c2a7aec3719cf9bea') in 0.070449 seconds 
========================================================================
Received Import Request.
  Time since last request: 62.611254 seconds.
  path: Assets/Prefabs/JohnLemon.prefab
  artifactKey: Guid(37d45a04a280e0f44996f97b185d2040) Importer(815301076,1909f56bfc062723c751e8b465ee728b)
Start importing Assets/Prefabs/JohnLemon.prefab using Guid(37d45a04a280e0f44996f97b185d2040) Importer(815301076,1909f56bfc062723c751e8b465ee728b)  -> (artifact id: '1f53e73bba735e0f4d6858e093ee69b0') in 0.056401 seconds 
========================================================================
Received Import Request.
  Time since last request: 2.546517 seconds.
  path: Assets/Prefabs/JohnLemon.prefab
  artifactKey: Guid(37d45a04a280e0f44996f97b185d2040) Importer(815301076,1909f56bfc062723c751e8b465ee728b)
Start importing Assets/Prefabs/JohnLemon.prefab using Guid(37d45a04a280e0f44996f97b185d2040) Importer(815301076,1909f56bfc062723c751e8b465ee728b)  -> (artifact id: 'fcf29605983f18f82016ccdeca968b8e') in 0.057695 seconds 
========================================================================
Received Import Request.
  Time since last request: 118.502837 seconds.
  path: Assets/Prefabs/JohnLemon.prefab
  artifactKey: Guid(37d45a04a280e0f44996f97b185d2040) Importer(815301076,1909f56bfc062723c751e8b465ee728b)
Start importing Assets/Prefabs/JohnLemon.prefab using Guid(37d45a04a280e0f44996f97b185d2040) Importer(815301076,1909f56bfc062723c751e8b465ee728b)  -> (artifact id: 'd854e45834223793d4d02481c4d7b5e0') in 0.041379 seconds 
========================================================================
Received Import Request.
  Time since last request: 22.426869 seconds.
  path: Assets/Prefabs/JohnLemon.prefab
  artifactKey: Guid(37d45a04a280e0f44996f97b185d2040) Importer(815301076,1909f56bfc062723c751e8b465ee728b)
Start importing Assets/Prefabs/JohnLemon.prefab using Guid(37d45a04a280e0f44996f97b185d2040) Importer(815301076,1909f56bfc062723c751e8b465ee728b)  -> (artifact id: 'e4089cdad5749fef2ee353ddcea374d3') in 0.041567 seconds 
========================================================================
Received Import Request.
  Time since last request: 16.619688 seconds.
  path: Assets/Prefabs/JohnLemon.prefab
  artifactKey: Guid(37d45a04a280e0f44996f97b185d2040) Importer(815301076,1909f56bfc062723c751e8b465ee728b)
Start importing Assets/Prefabs/JohnLemon.prefab using Guid(37d45a04a280e0f44996f97b185d2040) Importer(815301076,1909f56bfc062723c751e8b465ee728b)  -> (artifact id: '1e4b7547a9cfd8e69b523e418c3c73cf') in 0.068919 seconds 
========================================================================
Received Import Request.
  Time since last request: 24.204751 seconds.
  path: Assets/Prefabs/JohnLemon.prefab
  artifactKey: Guid(37d45a04a280e0f44996f97b185d2040) Importer(815301076,1909f56bfc062723c751e8b465ee728b)
Start importing Assets/Prefabs/JohnLemon.prefab using Guid(37d45a04a280e0f44996f97b185d2040) Importer(815301076,1909f56bfc062723c751e8b465ee728b)  -> (artifact id: '5bf96e55e5b1b8a3ab32bb53b32eac0a') in 0.049254 seconds 
========================================================================
Received Import Request.
  Time since last request: 249.274316 seconds.
  path: Assets/Scenes/MainScene.unity
  artifactKey: Guid(9fc0d4010bbf28b4594072e72b8655ab) Importer(815301076,1909f56bfc062723c751e8b465ee728b)
Start importing Assets/Scenes/MainScene.unity using Guid(9fc0d4010bbf28b4594072e72b8655ab) Importer(815301076,1909f56bfc062723c751e8b465ee728b)  -> (artifact id: 'dfb5da0f115bb414a99eb41c155b2af8') in 0.022008 seconds 
