Using pre-set license
Built from '2021.3/staging' branch; Version is '2021.3.0f1 (6eacc8284459) revision 7253192'; Using compiler version '192829333'; Build Type 'Release'
OS: 'Windows 10  (10.0.19044) 64bit Professional' Language: 'es' Physical Memory: 14283 MB
BatchMode: 1, IsHumanControllingUs: 0, StartBugReporterOnCrash: 0, Is64bit: 1, IsPro: 1

COMMAND LINE ARGUMENTS:
C:\Program Files\Unity\Hub\Editor\2021.3.0f1\Editor\Unity.exe
-adb2
-batchMode
-noUpm
-name
AssetImportWorker1
-projectPath
C:/Users/BTO/Documents/Unity_Proyecto1/Curso-Unity-2020/John lemon
-logFile
Logs/AssetImportWorker1.log
-srvPort
63660
Successfully changed project path to: C:/Users/BTO/Documents/Unity_Proyecto1/Curso-Unity-2020/John lemon
C:/Users/BTO/Documents/Unity_Proyecto1/Curso-Unity-2020/John lemon
[UnityMemory] Configuration Parameters - Can be set up in boot.config
    "memorysetup-bucket-allocator-granularity=16"
    "memorysetup-bucket-allocator-bucket-count=8"
    "memorysetup-bucket-allocator-block-size=33554432"
    "memorysetup-bucket-allocator-block-count=8"
    "memorysetup-main-allocator-block-size=16777216"
    "memorysetup-thread-allocator-block-size=16777216"
    "memorysetup-gfx-main-allocator-block-size=16777216"
    "memorysetup-gfx-thread-allocator-block-size=16777216"
    "memorysetup-cache-allocator-block-size=4194304"
    "memorysetup-typetree-allocator-block-size=2097152"
    "memorysetup-profiler-bucket-allocator-granularity=16"
    "memorysetup-profiler-bucket-allocator-bucket-count=8"
    "memorysetup-profiler-bucket-allocator-block-size=33554432"
    "memorysetup-profiler-bucket-allocator-block-count=8"
    "memorysetup-profiler-allocator-block-size=16777216"
    "memorysetup-profiler-editor-allocator-block-size=1048576"
    "memorysetup-temp-allocator-size-main=16777216"
    "memorysetup-job-temp-allocator-block-size=2097152"
    "memorysetup-job-temp-allocator-block-size-background=1048576"
    "memorysetup-job-temp-allocator-reduction-small-platforms=262144"
    "memorysetup-temp-allocator-size-background-worker=32768"
    "memorysetup-temp-allocator-size-job-worker=262144"
    "memorysetup-temp-allocator-size-preload-manager=33554432"
    "memorysetup-temp-allocator-size-nav-mesh-worker=65536"
    "memorysetup-temp-allocator-size-audio-worker=65536"
    "memorysetup-temp-allocator-size-cloud-worker=32768"
    "memorysetup-temp-allocator-size-gi-baking-worker=262144"
    "memorysetup-temp-allocator-size-gfx=262144"
Refreshing native plugins compatible for Editor in 184.83 ms, found 3 plugins.
Preloading 0 native plugins for Editor in 0.00 ms.
Initialize engine version: 2021.3.0f1 (6eacc8284459)
[Subsystems] Discovering subsystems at path C:/Program Files/Unity/Hub/Editor/2021.3.0f1/Editor/Data/Resources/UnitySubsystems
[Subsystems] Discovering subsystems at path C:/Users/BTO/Documents/Unity_Proyecto1/Curso-Unity-2020/John lemon/Assets
GfxDevice: creating device client; threaded=0; jobified=0
Direct3D:
    Version:  Direct3D 11.0 [level 11.1]
    Renderer: Radeon RX550/550 Series (ID=0x699f)
    Vendor:   ATI
    VRAM:     4075 MB
    Driver:   30.0.21017.1000
Initialize mono
Mono path[0] = 'C:/Program Files/Unity/Hub/Editor/2021.3.0f1/Editor/Data/Managed'
Mono path[1] = 'C:/Program Files/Unity/Hub/Editor/2021.3.0f1/Editor/Data/MonoBleedingEdge/lib/mono/unityjit-win32'
Mono config path = 'C:/Program Files/Unity/Hub/Editor/2021.3.0f1/Editor/Data/MonoBleedingEdge/etc'
Using monoOptions --debugger-agent=transport=dt_socket,embedding=1,server=y,suspend=n,address=127.0.0.1:56088
Begin MonoManager ReloadAssembly
Registering precompiled unity dll's ...
Register platform support module: C:/Program Files/Unity/Hub/Editor/2021.3.0f1/Editor/Data/PlaybackEngines/WindowsStandaloneSupport/UnityEditor.WindowsStandalone.Extensions.dll
Registered in 0.013938 seconds.
Native extension for WindowsStandalone target not found
Refreshing native plugins compatible for Editor in 188.80 ms, found 3 plugins.
Preloading 0 native plugins for Editor in 0.00 ms.
Mono: successfully reloaded assembly
- Completed reload, in  1.330 seconds
Domain Reload Profiling:
	ReloadAssembly (1331ms)
		BeginReloadAssembly (150ms)
			ExecutionOrderSort (0ms)
			DisableScriptedObjects (0ms)
			BackupInstance (0ms)
			ReleaseScriptingObjects (0ms)
			CreateAndSetChildDomain (1ms)
		EndReloadAssembly (949ms)
			LoadAssemblies (146ms)
			RebuildTransferFunctionScriptingTraits (0ms)
			SetupTypeCache (212ms)
			ReleaseScriptCaches (0ms)
			RebuildScriptCaches (58ms)
			SetupLoadedEditorAssemblies (574ms)
				LogAssemblyErrors (0ms)
				InitializePlatformSupportModulesInManaged (15ms)
				SetLoadedEditorAssemblies (1ms)
				RefreshPlugins (189ms)
				BeforeProcessingInitializeOnLoad (2ms)
				ProcessInitializeOnLoadAttributes (277ms)
				ProcessInitializeOnLoadMethodAttributes (89ms)
				AfterProcessingInitializeOnLoad (0ms)
				EditorAssembliesLoaded (0ms)
			ExecutionOrderSort2 (0ms)
			AwakeInstancesAfterBackupRestoration (0ms)
Platform modules already initialized, skipping
Registering precompiled user dll's ...
Registered in 0.010586 seconds.
Begin MonoManager ReloadAssembly
Symbol file LoadedFromMemory doesn't match image C:\Users\BTO\Documents\Unity_Proyecto1\Curso-Unity-2020\John lemon\Library\PackageCache\com.unity.visualscripting@1.7.6\Editor\VisualScripting.Core\Dependencies\YamlDotNet\Unity.VisualScripting.YamlDotNet.dll
Symbol file LoadedFromMemory is not a mono symbol file
Symbol file LoadedFromMemory doesn't match image C:\Users\BTO\Documents\Unity_Proyecto1\Curso-Unity-2020\John lemon\Library\PackageCache\com.unity.visualscripting@1.7.6\Editor\VisualScripting.Core\Dependencies\DotNetZip\Unity.VisualScripting.IonicZip.dll
Native extension for WindowsStandalone target not found
Refreshing native plugins compatible for Editor in 177.81 ms, found 3 plugins.
Preloading 0 native plugins for Editor in 0.00 ms.
Mono: successfully reloaded assembly
- Completed reload, in  2.580 seconds
Domain Reload Profiling:
	ReloadAssembly (2581ms)
		BeginReloadAssembly (223ms)
			ExecutionOrderSort (0ms)
			DisableScriptedObjects (11ms)
			BackupInstance (0ms)
			ReleaseScriptingObjects (0ms)
			CreateAndSetChildDomain (36ms)
		EndReloadAssembly (2125ms)
			LoadAssemblies (202ms)
			RebuildTransferFunctionScriptingTraits (0ms)
			SetupTypeCache (567ms)
			ReleaseScriptCaches (1ms)
			RebuildScriptCaches (122ms)
			SetupLoadedEditorAssemblies (1169ms)
				LogAssemblyErrors (0ms)
				InitializePlatformSupportModulesInManaged (9ms)
				SetLoadedEditorAssemblies (1ms)
				RefreshPlugins (178ms)
				BeforeProcessingInitializeOnLoad (203ms)
				ProcessInitializeOnLoadAttributes (627ms)
				ProcessInitializeOnLoadMethodAttributes (135ms)
				AfterProcessingInitializeOnLoad (16ms)
				EditorAssembliesLoaded (0ms)
			ExecutionOrderSort2 (0ms)
			AwakeInstancesAfterBackupRestoration (12ms)
Platform modules already initialized, skipping
========================================================================
Worker process is ready to serve import requests
Launched and connected shader compiler UnityShaderCompiler.exe after 0.12 seconds
Refreshing native plugins compatible for Editor in 1.64 ms, found 3 plugins.
Preloading 0 native plugins for Editor in 0.00 ms.
Unloading 4487 Unused Serialized files (Serialized files now loaded: 0)
Unloading 51 unused Assets / (1.7 MB). Loaded Objects now: 4939.
Memory consumption went from 236.4 MB to 234.8 MB.
Total: 7.206700 ms (FindLiveObjects: 0.656100 ms CreateObjectMapping: 0.389600 ms MarkObjects: 5.393000 ms  DeleteObjects: 0.766100 ms)

AssetImportParameters requested are different than current active one (requested -> active):
  custom:video-decoder-ogg-theora: a1e56fd34408186e4bbccfd4996cb3dc -> 
  custom:container-muxer-webm: aa71ff27fc2769a1b78a27578f13a17b -> 
  custom:container-demuxer-webm: 4f35f7cbe854078d1ac9338744f61a02 -> 
  custom:video-encoder-webm-vp8: eb34c28f22e8b96e1ab97ce403110664 -> 
  custom:audio-encoder-webm-vorbis: bf7c407c2cedff20999df2af8eb42d56 -> 
  custom:framework-win-MediaFoundation: 216162199b28c13a410421893ffa2e32 -> 
  custom:container-demuxer-ogg: 62fdf1f143b41e24485cea50d1cbac27 -> 
  custom:video-decoder-webm-vp8: 9c59270c3fd7afecdb556c50c9e8de78 -> 
  custom:audio-decoder-ogg-vorbis: bf7c407c2cedff20999df2af8eb42d56 -> 
========================================================================
Received Import Request.
  Time since last request: 812.790723 seconds.
  path: Assets/Shaders
  artifactKey: Guid(45488f1b5d87a2f4197b11c01e63e244) Importer(815301076,1909f56bfc062723c751e8b465ee728b)
Start importing Assets/Shaders using Guid(45488f1b5d87a2f4197b11c01e63e244) Importer(815301076,1909f56bfc062723c751e8b465ee728b)  -> (artifact id: 'b757b5ad5fc41bcfa571262b39001e35') in 0.022095 seconds 
========================================================================
Received Import Request.
  Time since last request: 191.769052 seconds.
  path: Assets/Shaders/Test.shadergraph
  artifactKey: Guid(186fb52bfadbaab4e8ebf9457a0b44d8) Importer(815301076,1909f56bfc062723c751e8b465ee728b)
Start importing Assets/Shaders/Test.shadergraph using Guid(186fb52bfadbaab4e8ebf9457a0b44d8) Importer(815301076,1909f56bfc062723c751e8b465ee728b)  -> (artifact id: 'e7126278b5128ff43180596dc7a2cf58') in 0.059419 seconds 
========================================================================
Received Import Request.
  Time since last request: 216.259944 seconds.
  path: Assets/Textures/BathRoom/Bathtub_Albedo.tif
  artifactKey: Guid(1e33795d9bd064b43bde9b8d2040802f) Importer(815301076,1909f56bfc062723c751e8b465ee728b)
Start importing Assets/Textures/BathRoom/Bathtub_Albedo.tif using Guid(1e33795d9bd064b43bde9b8d2040802f) Importer(815301076,1909f56bfc062723c751e8b465ee728b)  -> (artifact id: '8eddec214ae2c0bc370662dd0f139a25') in 0.154616 seconds 
========================================================================
Received Import Request.
  Time since last request: 0.000044 seconds.
  path: Assets/Textures/BathRoom/BathtubLeg_Normal.tif
  artifactKey: Guid(dd1469f195c1e5b478a8dc9f78cbd78e) Importer(815301076,1909f56bfc062723c751e8b465ee728b)
Start importing Assets/Textures/BathRoom/BathtubLeg_Normal.tif using Guid(dd1469f195c1e5b478a8dc9f78cbd78e) Importer(815301076,1909f56bfc062723c751e8b465ee728b)  -> (artifact id: '11626bf92e3b5876daa1d439be0ebdc7') in 0.138469 seconds 
========================================================================
Received Import Request.
  Time since last request: 0.000055 seconds.
  path: Assets/Textures/BathRoom/Bathtub_Normal.tif
  artifactKey: Guid(77ca587615e748e44848958159bf200d) Importer(815301076,1909f56bfc062723c751e8b465ee728b)
Start importing Assets/Textures/BathRoom/Bathtub_Normal.tif using Guid(77ca587615e748e44848958159bf200d) Importer(815301076,1909f56bfc062723c751e8b465ee728b)  -> (artifact id: 'b0362af6ef62a1c7e421acdd0a61a93f') in 0.045793 seconds 
========================================================================
Received Import Request.
  Time since last request: 0.000049 seconds.
  path: Assets/Textures/BathRoom/BathtubLeg_Albedo.tif
  artifactKey: Guid(8b0c12b29315a7d4dbe2e5aeb92f67ca) Importer(815301076,1909f56bfc062723c751e8b465ee728b)
Start importing Assets/Textures/BathRoom/BathtubLeg_Albedo.tif using Guid(8b0c12b29315a7d4dbe2e5aeb92f67ca) Importer(815301076,1909f56bfc062723c751e8b465ee728b)  -> (artifact id: 'df039b24846888de49fa414231bc076d') in 0.039347 seconds 
========================================================================
Received Import Request.
  Time since last request: 3.492616 seconds.
  path: Assets/Textures/BedRoom/Bed_Albedo.tif
  artifactKey: Guid(29ce91977ba80d54ba227ab8593a8156) Importer(815301076,1909f56bfc062723c751e8b465ee728b)
Start importing Assets/Textures/BedRoom/Bed_Albedo.tif using Guid(29ce91977ba80d54ba227ab8593a8156) Importer(815301076,1909f56bfc062723c751e8b465ee728b)  -> (artifact id: 'a0939a039246bcc7d6a940fdb3faaa0b') in 0.038571 seconds 
========================================================================
Received Import Request.
  Time since last request: 2.130768 seconds.
  path: Assets/Textures/BedRoom/Bed_Normal.tif
  artifactKey: Guid(6e2078e311db62b4fbe281f7e5ef27da) Importer(815301076,1909f56bfc062723c751e8b465ee728b)
Start importing Assets/Textures/BedRoom/Bed_Normal.tif using Guid(6e2078e311db62b4fbe281f7e5ef27da) Importer(815301076,1909f56bfc062723c751e8b465ee728b)  -> (artifact id: '886aaf33f1a5ade5729d44df8469cd6a') in 0.039226 seconds 
========================================================================
Received Import Request.
  Time since last request: 3.005114 seconds.
  path: Assets/Textures/VFX/CandleFlame.tif
  artifactKey: Guid(e966fe96fc4c60f4fa9eff9e6d32ba67) Importer(815301076,1909f56bfc062723c751e8b465ee728b)
Start importing Assets/Textures/VFX/CandleFlame.tif using Guid(e966fe96fc4c60f4fa9eff9e6d32ba67) Importer(815301076,1909f56bfc062723c751e8b465ee728b)  -> (artifact id: '76d790595e68d27617618e5768cdd638') in 0.040639 seconds 
========================================================================
Received Import Request.
  Time since last request: 0.000041 seconds.
  path: Assets/Textures/DiningRoom/CandleStick_Albedo.tif
  artifactKey: Guid(5cd10124400cb26478cd41db912ce90f) Importer(815301076,1909f56bfc062723c751e8b465ee728b)
Start importing Assets/Textures/DiningRoom/CandleStick_Albedo.tif using Guid(5cd10124400cb26478cd41db912ce90f) Importer(815301076,1909f56bfc062723c751e8b465ee728b)  -> (artifact id: 'e2aa50a585f3d92e80209eb8e23bfb21') in 0.050877 seconds 
========================================================================
Received Import Request.
  Time since last request: 0.876835 seconds.
  path: Assets/Textures/DiningRoom/CandleStick_MetallicSmooth.tif
  artifactKey: Guid(772872ff7081e284fa81ffd5909bf963) Importer(815301076,1909f56bfc062723c751e8b465ee728b)
Start importing Assets/Textures/DiningRoom/CandleStick_MetallicSmooth.tif using Guid(772872ff7081e284fa81ffd5909bf963) Importer(815301076,1909f56bfc062723c751e8b465ee728b)  -> (artifact id: 'f58b89c7f627d28b9b97a6d9e5e088c5') in 0.038562 seconds 
========================================================================
Received Import Request.
  Time since last request: 0.000040 seconds.
  path: Assets/Textures/DiningRoom/CandleStick_Normal.tif
  artifactKey: Guid(45ab703b0a5a43c4698f496148039fab) Importer(815301076,1909f56bfc062723c751e8b465ee728b)
Start importing Assets/Textures/DiningRoom/CandleStick_Normal.tif using Guid(45ab703b0a5a43c4698f496148039fab) Importer(815301076,1909f56bfc062723c751e8b465ee728b)  -> (artifact id: 'b2df08f84d1cf48e8fd88375e4b966b2') in 0.047027 seconds 
========================================================================
Received Import Request.
  Time since last request: 0.706772 seconds.
  path: Assets/Textures/DiningRoom/CandleStick_Occlusion.tif
  artifactKey: Guid(07355442582b14b44b9a74e5e67bbec6) Importer(815301076,1909f56bfc062723c751e8b465ee728b)
Start importing Assets/Textures/DiningRoom/CandleStick_Occlusion.tif using Guid(07355442582b14b44b9a74e5e67bbec6) Importer(815301076,1909f56bfc062723c751e8b465ee728b)  -> (artifact id: '236cd436ee771ae177b8c3860e7ea1a4') in 0.039388 seconds 
========================================================================
Received Import Request.
  Time since last request: 1.673170 seconds.
  path: Assets/Textures/DiningRoom/Chair_Albedo.tif
  artifactKey: Guid(0508e5cdb1034b64eaf24691319937c3) Importer(815301076,1909f56bfc062723c751e8b465ee728b)
Start importing Assets/Textures/DiningRoom/Chair_Albedo.tif using Guid(0508e5cdb1034b64eaf24691319937c3) Importer(815301076,1909f56bfc062723c751e8b465ee728b)  -> (artifact id: 'bae9103c091f0c70cbcf5d40b69e59be') in 0.039845 seconds 
========================================================================
Received Import Request.
  Time since last request: 0.000051 seconds.
  path: Assets/Textures/DiningRoom/Chair_MetallicSmooth.tif
  artifactKey: Guid(1b213521cd84364439c5fb030fd7aa04) Importer(815301076,1909f56bfc062723c751e8b465ee728b)
Start importing Assets/Textures/DiningRoom/Chair_MetallicSmooth.tif using Guid(1b213521cd84364439c5fb030fd7aa04) Importer(815301076,1909f56bfc062723c751e8b465ee728b)  -> (artifact id: '747f273cdde632d94a217efdccf685a3') in 0.046977 seconds 
========================================================================
Received Import Request.
  Time since last request: 0.944922 seconds.
  path: Assets/Textures/DiningRoom/Chair_Normals.tif
  artifactKey: Guid(610c98ad363f4f94da068b2f4f743cb2) Importer(815301076,1909f56bfc062723c751e8b465ee728b)
Start importing Assets/Textures/DiningRoom/Chair_Normals.tif using Guid(610c98ad363f4f94da068b2f4f743cb2) Importer(815301076,1909f56bfc062723c751e8b465ee728b)  -> (artifact id: 'c61ad4c1ea8cefe33ddc89be274365f0') in 0.042639 seconds 
========================================================================
Received Import Request.
  Time since last request: 0.000043 seconds.
  path: Assets/Textures/DiningRoom/Chair_Occlusion.tif
  artifactKey: Guid(25b06585b03a2d04186cd8b4f92ccc71) Importer(815301076,1909f56bfc062723c751e8b465ee728b)
Start importing Assets/Textures/DiningRoom/Chair_Occlusion.tif using Guid(25b06585b03a2d04186cd8b4f92ccc71) Importer(815301076,1909f56bfc062723c751e8b465ee728b)  -> (artifact id: 'b610c7faf79b0a78f5e85fb83925f43a') in 0.041116 seconds 
========================================================================
Received Import Request.
  Time since last request: 0.270325 seconds.
  path: Assets/Textures/DiningRoom/Clock_Albedo.tif
  artifactKey: Guid(efe1f09805965e647a2bec8250b72349) Importer(815301076,1909f56bfc062723c751e8b465ee728b)
Start importing Assets/Textures/DiningRoom/Clock_Albedo.tif using Guid(efe1f09805965e647a2bec8250b72349) Importer(815301076,1909f56bfc062723c751e8b465ee728b)  -> (artifact id: '5cbae7d1d2cf7d16f1ffc0060a9d525b') in 0.037874 seconds 
========================================================================
Received Import Request.
  Time since last request: 0.000045 seconds.
  path: Assets/Textures/DiningRoom/Clock_MetallicSmooth.tif
  artifactKey: Guid(18814287f2e3240419c37dd2a9abf1c4) Importer(815301076,1909f56bfc062723c751e8b465ee728b)
Start importing Assets/Textures/DiningRoom/Clock_MetallicSmooth.tif using Guid(18814287f2e3240419c37dd2a9abf1c4) Importer(815301076,1909f56bfc062723c751e8b465ee728b)  -> (artifact id: 'e499d725851f6d441e54d362f16564ca') in 0.040917 seconds 
========================================================================
Received Import Request.
  Time since last request: 0.967883 seconds.
  path: Assets/Textures/DiningRoom/Clock_Normal.tif
  artifactKey: Guid(faaba07ca4daae24f88790e6c5e1e109) Importer(815301076,1909f56bfc062723c751e8b465ee728b)
Start importing Assets/Textures/DiningRoom/Clock_Normal.tif using Guid(faaba07ca4daae24f88790e6c5e1e109) Importer(815301076,1909f56bfc062723c751e8b465ee728b)  -> (artifact id: '44a881284a4863ca442c45c2aa503e3d') in 0.040459 seconds 
========================================================================
Received Import Request.
  Time since last request: 0.000044 seconds.
  path: Assets/Textures/DiningRoom/Clock_Occlusion.tif
  artifactKey: Guid(d47ff02a1774eaa4595a12e60aff2199) Importer(815301076,1909f56bfc062723c751e8b465ee728b)
Start importing Assets/Textures/DiningRoom/Clock_Occlusion.tif using Guid(d47ff02a1774eaa4595a12e60aff2199) Importer(815301076,1909f56bfc062723c751e8b465ee728b)  -> (artifact id: 'db5cad8d3897b2b00f63d4176331e647') in 0.041348 seconds 
========================================================================
Received Import Request.
  Time since last request: 0.113763 seconds.
  path: Assets/Gizmos/Cinemachine/cm_logo_lg.png
  artifactKey: Guid(d0ceea9f3e3fc1d4e8656992705ebec1) Importer(815301076,1909f56bfc062723c751e8b465ee728b)
Start importing Assets/Gizmos/Cinemachine/cm_logo_lg.png using Guid(d0ceea9f3e3fc1d4e8656992705ebec1) Importer(815301076,1909f56bfc062723c751e8b465ee728b)  -> (artifact id: '4905000aa127605245dcf5d806978443') in 0.103968 seconds 
========================================================================
Received Import Request.
  Time since last request: 0.000056 seconds.
  path: Assets/Textures/DiningRoom/Cthulhu_Lamp_Albedo.tif
  artifactKey: Guid(6c90b46487020c3469499200b000cdb8) Importer(815301076,1909f56bfc062723c751e8b465ee728b)
Start importing Assets/Textures/DiningRoom/Cthulhu_Lamp_Albedo.tif using Guid(6c90b46487020c3469499200b000cdb8) Importer(815301076,1909f56bfc062723c751e8b465ee728b)  -> (artifact id: '624eae2fb25339c6bbc04baa1a49813a') in 0.049881 seconds 
========================================================================
Received Import Request.
  Time since last request: 1.798159 seconds.
  path: Assets/Textures/DiningRoom/Cthulhu_Lamp_MetallicSmooth.tif
  artifactKey: Guid(3b798118871b23b448abd87d74d29af9) Importer(815301076,1909f56bfc062723c751e8b465ee728b)
Start importing Assets/Textures/DiningRoom/Cthulhu_Lamp_MetallicSmooth.tif using Guid(3b798118871b23b448abd87d74d29af9) Importer(815301076,1909f56bfc062723c751e8b465ee728b)  -> (artifact id: '2ccf3841d6952db829f47f53aa0218e6') in 0.042167 seconds 
========================================================================
Received Import Request.
  Time since last request: 0.000055 seconds.
  path: Assets/Textures/DiningRoom/Cthulhu_Lamp_Normal.tif
  artifactKey: Guid(8bf179a14d694db4cacb3a54934ee81f) Importer(815301076,1909f56bfc062723c751e8b465ee728b)
Start importing Assets/Textures/DiningRoom/Cthulhu_Lamp_Normal.tif using Guid(8bf179a14d694db4cacb3a54934ee81f) Importer(815301076,1909f56bfc062723c751e8b465ee728b)  -> (artifact id: 'd72c36bfbd230372d36a48ae2f79b804') in 0.045498 seconds 
========================================================================
Received Import Request.
  Time since last request: 0.167145 seconds.
  path: Assets/Textures/DiningRoom/Cthulhu_Lamp_Occlusion.tif
  artifactKey: Guid(3fc488c9331779b4cb4179823da675a3) Importer(815301076,1909f56bfc062723c751e8b465ee728b)
Start importing Assets/Textures/DiningRoom/Cthulhu_Lamp_Occlusion.tif using Guid(3fc488c9331779b4cb4179823da675a3) Importer(815301076,1909f56bfc062723c751e8b465ee728b)  -> (artifact id: '3e5f02043f0a9a38d7b6e92e66d05651') in 0.041165 seconds 
========================================================================
Received Import Request.
  Time since last request: 0.000050 seconds.
  path: Assets/Textures/Corridor/DoorPost_Albedo.tif
  artifactKey: Guid(09fbe434f49e3d14db90d6bcc8ab8383) Importer(815301076,1909f56bfc062723c751e8b465ee728b)
Start importing Assets/Textures/Corridor/DoorPost_Albedo.tif using Guid(09fbe434f49e3d14db90d6bcc8ab8383) Importer(815301076,1909f56bfc062723c751e8b465ee728b)  -> (artifact id: 'b7c2f6eaa5f64b17c42ef2844387a37f') in 0.042189 seconds 
========================================================================
Received Import Request.
  Time since last request: 0.162516 seconds.
  path: Assets/Textures/Corridor/DoorPost_MetallicSmooth.tif
  artifactKey: Guid(d87c5e66b380a074fa2264fd4da58aa6) Importer(815301076,1909f56bfc062723c751e8b465ee728b)
Start importing Assets/Textures/Corridor/DoorPost_MetallicSmooth.tif using Guid(d87c5e66b380a074fa2264fd4da58aa6) Importer(815301076,1909f56bfc062723c751e8b465ee728b)  -> (artifact id: 'fc8a0b456f54bb2fee1210914c62bd4a') in 0.036325 seconds 
========================================================================
Received Import Request.
  Time since last request: 0.000051 seconds.
  path: Assets/Textures/Corridor/DoorPost_Normal.tif
  artifactKey: Guid(a2d1d6cc4343c544394bbc5abd74dff9) Importer(815301076,1909f56bfc062723c751e8b465ee728b)
Start importing Assets/Textures/Corridor/DoorPost_Normal.tif using Guid(a2d1d6cc4343c544394bbc5abd74dff9) Importer(815301076,1909f56bfc062723c751e8b465ee728b)  -> (artifact id: 'de82e1eafe8c239b3532ad373889bad5') in 0.040837 seconds 
========================================================================
Received Import Request.
  Time since last request: 0.051911 seconds.
  path: Assets/Textures/Corridor/DoorPost_Occlusion.tif
  artifactKey: Guid(71b186b931fdc274dbeaeb7eb4039366) Importer(815301076,1909f56bfc062723c751e8b465ee728b)
Start importing Assets/Textures/Corridor/DoorPost_Occlusion.tif using Guid(71b186b931fdc274dbeaeb7eb4039366) Importer(815301076,1909f56bfc062723c751e8b465ee728b)  -> (artifact id: '58b3148a640394995dc72af9d5009025') in 0.044212 seconds 
========================================================================
Received Import Request.
  Time since last request: 4.708625 seconds.
  path: Assets/Textures/DiningRoom/Fireplace_Albedo.tif
  artifactKey: Guid(cba74aeb906dde146ae03b6b66e6ab46) Importer(815301076,1909f56bfc062723c751e8b465ee728b)
Start importing Assets/Textures/DiningRoom/Fireplace_Albedo.tif using Guid(cba74aeb906dde146ae03b6b66e6ab46) Importer(815301076,1909f56bfc062723c751e8b465ee728b)  -> (artifact id: '53c4630c87979676a6ae62a30fb79f09') in 0.036099 seconds 
========================================================================
Received Import Request.
  Time since last request: 0.000050 seconds.
  path: Assets/Textures/DiningRoom/Fireplace_MetallicSmooth.tif
  artifactKey: Guid(f632a9c02b56d5c45befbcf4bb4176aa) Importer(815301076,1909f56bfc062723c751e8b465ee728b)
Start importing Assets/Textures/DiningRoom/Fireplace_MetallicSmooth.tif using Guid(f632a9c02b56d5c45befbcf4bb4176aa) Importer(815301076,1909f56bfc062723c751e8b465ee728b)  -> (artifact id: '840971e7d4f75f1f5fce411317fbb4c6') in 0.039279 seconds 
========================================================================
Received Import Request.
  Time since last request: 0.047048 seconds.
  path: Assets/Textures/DiningRoom/Fireplace_Normal.tif
  artifactKey: Guid(213c09988023fa74986a1bc0b4d38103) Importer(815301076,1909f56bfc062723c751e8b465ee728b)
Start importing Assets/Textures/DiningRoom/Fireplace_Normal.tif using Guid(213c09988023fa74986a1bc0b4d38103) Importer(815301076,1909f56bfc062723c751e8b465ee728b)  -> (artifact id: '8d1c6dc9d5fb818378858cff8aa37625') in 0.039667 seconds 
========================================================================
Received Import Request.
  Time since last request: 0.000046 seconds.
  path: Assets/Textures/DiningRoom/Fireplace_Occlusion.tif
  artifactKey: Guid(8d729759afba04b47b3d471f834893af) Importer(815301076,1909f56bfc062723c751e8b465ee728b)
Start importing Assets/Textures/DiningRoom/Fireplace_Occlusion.tif using Guid(8d729759afba04b47b3d471f834893af) Importer(815301076,1909f56bfc062723c751e8b465ee728b)  -> (artifact id: '1977f93f5574e6a26f7262525e950b08') in 0.051170 seconds 
========================================================================
Received Import Request.
  Time since last request: 0.515042 seconds.
  path: Assets/Textures/BathRoom/Floor_Bathroom_Albedo.tif
  artifactKey: Guid(a8a10e9b4ea6b8846bfbf2f2f131c5c9) Importer(815301076,1909f56bfc062723c751e8b465ee728b)
Start importing Assets/Textures/BathRoom/Floor_Bathroom_Albedo.tif using Guid(a8a10e9b4ea6b8846bfbf2f2f131c5c9) Importer(815301076,1909f56bfc062723c751e8b465ee728b)  -> (artifact id: '4b4d80437e4fac90b40554f2f1995db9') in 0.039568 seconds 
========================================================================
Received Import Request.
  Time since last request: 0.000050 seconds.
  path: Assets/Textures/BathRoom/Floor_Bathroom_Gloss.tif
  artifactKey: Guid(7aac3d8b683cb714a8401a466f41f189) Importer(815301076,1909f56bfc062723c751e8b465ee728b)
Start importing Assets/Textures/BathRoom/Floor_Bathroom_Gloss.tif using Guid(7aac3d8b683cb714a8401a466f41f189) Importer(815301076,1909f56bfc062723c751e8b465ee728b)  -> (artifact id: '61f50e01aefa8498dde0829119a362ba') in 0.044903 seconds 
========================================================================
Received Import Request.
  Time since last request: 0.587160 seconds.
  path: Assets/Textures/BathRoom/Floor_Bathroom_MetallicSmooth.tif
  artifactKey: Guid(9b75a955ca7b6b84babaa891e2ca217f) Importer(815301076,1909f56bfc062723c751e8b465ee728b)
Start importing Assets/Textures/BathRoom/Floor_Bathroom_MetallicSmooth.tif using Guid(9b75a955ca7b6b84babaa891e2ca217f) Importer(815301076,1909f56bfc062723c751e8b465ee728b)  -> (artifact id: 'caddd59cfd8295fbb1b8a5bbf17056a4') in 0.035861 seconds 
========================================================================
Received Import Request.
  Time since last request: 0.000047 seconds.
  path: Assets/Textures/BathRoom/Floor_Bathroom_Normal.tif
  artifactKey: Guid(d028a69709938384faa0084792e6973c) Importer(815301076,1909f56bfc062723c751e8b465ee728b)
Start importing Assets/Textures/BathRoom/Floor_Bathroom_Normal.tif using Guid(d028a69709938384faa0084792e6973c) Importer(815301076,1909f56bfc062723c751e8b465ee728b)  -> (artifact id: '9069c79969fee1cd9a1f70c40dab87ed') in 0.040693 seconds 
========================================================================
Received Import Request.
  Time since last request: 0.504084 seconds.
  path: Assets/Textures/BathRoom/Floor_Bathroom_Occlusion.tif
  artifactKey: Guid(dc3be8bea457db34987416330563d54a) Importer(815301076,1909f56bfc062723c751e8b465ee728b)
Start importing Assets/Textures/BathRoom/Floor_Bathroom_Occlusion.tif using Guid(dc3be8bea457db34987416330563d54a) Importer(815301076,1909f56bfc062723c751e8b465ee728b)  -> (artifact id: 'fec1ded1fa79e1ee48a236ea6a468a5f') in 0.039647 seconds 
========================================================================
Received Import Request.
  Time since last request: 0.000051 seconds.
  path: Assets/Textures/BedRoom/Floor_Bedroom_Albedo.tif
  artifactKey: Guid(56c954657cc3f50449a5c668ebf4b18c) Importer(815301076,1909f56bfc062723c751e8b465ee728b)
Start importing Assets/Textures/BedRoom/Floor_Bedroom_Albedo.tif using Guid(56c954657cc3f50449a5c668ebf4b18c) Importer(815301076,1909f56bfc062723c751e8b465ee728b)  -> (artifact id: '10fdb6aebde7c531a429fff897c4d772') in 0.039599 seconds 
========================================================================
Received Import Request.
  Time since last request: 0.046256 seconds.
  path: Assets/Textures/BedRoom/Floor_Bedroom_MetallicSmooth.tif
  artifactKey: Guid(0d1789fa8719b394dac85ee60356bb9c) Importer(815301076,1909f56bfc062723c751e8b465ee728b)
Start importing Assets/Textures/BedRoom/Floor_Bedroom_MetallicSmooth.tif using Guid(0d1789fa8719b394dac85ee60356bb9c) Importer(815301076,1909f56bfc062723c751e8b465ee728b)  -> (artifact id: '6ef19fcadbd273e6fb391e5641ff9db6') in 0.039309 seconds 
========================================================================
Received Import Request.
  Time since last request: 0.000041 seconds.
  path: Assets/Textures/BedRoom/Floor_Bedroom_Normal.tif
  artifactKey: Guid(08c9198dcd6c19e459e53914775ecbba) Importer(815301076,1909f56bfc062723c751e8b465ee728b)
Start importing Assets/Textures/BedRoom/Floor_Bedroom_Normal.tif using Guid(08c9198dcd6c19e459e53914775ecbba) Importer(815301076,1909f56bfc062723c751e8b465ee728b)  -> (artifact id: '1b7d47f413a7fb90169529a6d6395928') in 0.054496 seconds 
========================================================================
Received Import Request.
  Time since last request: 0.319271 seconds.
  path: Assets/Textures/BedRoom/Floor_Bedroom_Occlusion.tif
  artifactKey: Guid(6a72bdf27ba4ba14ebcc99cbd89cf631) Importer(815301076,1909f56bfc062723c751e8b465ee728b)
Start importing Assets/Textures/BedRoom/Floor_Bedroom_Occlusion.tif using Guid(6a72bdf27ba4ba14ebcc99cbd89cf631) Importer(815301076,1909f56bfc062723c751e8b465ee728b)  -> (artifact id: 'e99f1d9647dfbb88d09c686680f8b061') in 0.037409 seconds 
========================================================================
Received Import Request.
  Time since last request: 0.000044 seconds.
  path: Assets/Textures/Corridor/Floor_Corridor_Albedo.tif
  artifactKey: Guid(f5ff39d7903508740a7f4625ca6d8deb) Importer(815301076,1909f56bfc062723c751e8b465ee728b)
Start importing Assets/Textures/Corridor/Floor_Corridor_Albedo.tif using Guid(f5ff39d7903508740a7f4625ca6d8deb) Importer(815301076,1909f56bfc062723c751e8b465ee728b)  -> (artifact id: '6068a89423720754f7fe778670754643') in 0.042797 seconds 
========================================================================
Received Import Request.
  Time since last request: 0.049359 seconds.
  path: Assets/Textures/Corridor/Floor_Corridor_MetallicSmooth.tif
  artifactKey: Guid(ca6d89227d3939240a158a5fde973920) Importer(815301076,1909f56bfc062723c751e8b465ee728b)
Start importing Assets/Textures/Corridor/Floor_Corridor_MetallicSmooth.tif using Guid(ca6d89227d3939240a158a5fde973920) Importer(815301076,1909f56bfc062723c751e8b465ee728b)  -> (artifact id: '99ee7d47076841fde806ab925d260960') in 0.039436 seconds 
========================================================================
Received Import Request.
  Time since last request: 0.000050 seconds.
  path: Assets/Textures/Corridor/Floor_Corridor_Normal.tif
  artifactKey: Guid(1dc04ec508d282843970c5096c883ac9) Importer(815301076,1909f56bfc062723c751e8b465ee728b)
Start importing Assets/Textures/Corridor/Floor_Corridor_Normal.tif using Guid(1dc04ec508d282843970c5096c883ac9) Importer(815301076,1909f56bfc062723c751e8b465ee728b)  -> (artifact id: '6ea2ab10dc57db9b141855c71e7ecaae') in 0.036910 seconds 
========================================================================
Received Import Request.
  Time since last request: 0.188972 seconds.
  path: Assets/Textures/Corridor/Floor_Corridor_Occlusion.tif
  artifactKey: Guid(19dbd5766a358144d94e26ebae51f186) Importer(815301076,1909f56bfc062723c751e8b465ee728b)
Start importing Assets/Textures/Corridor/Floor_Corridor_Occlusion.tif using Guid(19dbd5766a358144d94e26ebae51f186) Importer(815301076,1909f56bfc062723c751e8b465ee728b)  -> (artifact id: 'f259f445f4fbc77d61bd095fc8b17c13') in 0.043180 seconds 
========================================================================
Received Import Request.
  Time since last request: 0.000042 seconds.
  path: Assets/Textures/DiningRoom/Floor_Diningroom_Albedo.tif
  artifactKey: Guid(daabdafdc2d4a3b4b820f224213f0035) Importer(815301076,1909f56bfc062723c751e8b465ee728b)
Start importing Assets/Textures/DiningRoom/Floor_Diningroom_Albedo.tif using Guid(daabdafdc2d4a3b4b820f224213f0035) Importer(815301076,1909f56bfc062723c751e8b465ee728b)  -> (artifact id: '392ef6063835dde35126df5cafd4eb84') in 0.047073 seconds 
========================================================================
Received Import Request.
  Time since last request: 0.000046 seconds.
  path: Assets/Textures/DiningRoom/Floor_Diningroom_Normal.tif
  artifactKey: Guid(bc5dcc79315da614384872c43bc93923) Importer(815301076,1909f56bfc062723c751e8b465ee728b)
Start importing Assets/Textures/DiningRoom/Floor_Diningroom_Normal.tif using Guid(bc5dcc79315da614384872c43bc93923) Importer(815301076,1909f56bfc062723c751e8b465ee728b)  -> (artifact id: '6abb0dcb29bbe99c00c2b80d01c3ac8c') in 0.049014 seconds 
========================================================================
Received Import Request.
  Time since last request: 0.000066 seconds.
  path: Assets/Textures/Corridor/FramedPicture_MetallicSmooth.tif
  artifactKey: Guid(98129ffddbd9e0644a0cb1b07bd530ec) Importer(815301076,1909f56bfc062723c751e8b465ee728b)
Start importing Assets/Textures/Corridor/FramedPicture_MetallicSmooth.tif using Guid(98129ffddbd9e0644a0cb1b07bd530ec) Importer(815301076,1909f56bfc062723c751e8b465ee728b)  -> (artifact id: '36c0fe6670fa8e71589f0cc12fd058ec') in 0.040335 seconds 
========================================================================
Received Import Request.
  Time since last request: 0.000041 seconds.
  path: Assets/Textures/DiningRoom/Floor_Diningroom_Occlusion.tif
  artifactKey: Guid(08fd24a9e0dad8740a10ee143dffaa5e) Importer(815301076,1909f56bfc062723c751e8b465ee728b)
Start importing Assets/Textures/DiningRoom/Floor_Diningroom_Occlusion.tif using Guid(08fd24a9e0dad8740a10ee143dffaa5e) Importer(815301076,1909f56bfc062723c751e8b465ee728b)  -> (artifact id: 'f006af83d75e5314adb6ea7412a264fb') in 0.044500 seconds 
========================================================================
Received Import Request.
  Time since last request: 0.000042 seconds.
  path: Assets/Textures/DiningRoom/Floor_Diningroom_MetallicSmooth.tif
  artifactKey: Guid(b619d081df43cab4c8bb698f67effe3e) Importer(815301076,1909f56bfc062723c751e8b465ee728b)
Start importing Assets/Textures/DiningRoom/Floor_Diningroom_MetallicSmooth.tif using Guid(b619d081df43cab4c8bb698f67effe3e) Importer(815301076,1909f56bfc062723c751e8b465ee728b)  -> (artifact id: '4feadf548c4a752577476dbef08b4c96') in 0.049005 seconds 
========================================================================
Received Import Request.
  Time since last request: 0.225208 seconds.
  path: Assets/Textures/Corridor/FramedPicture_Normal.tif
  artifactKey: Guid(9bbe29cc5db8feb4c99e20b58bd94afd) Importer(815301076,1909f56bfc062723c751e8b465ee728b)
Start importing Assets/Textures/Corridor/FramedPicture_Normal.tif using Guid(9bbe29cc5db8feb4c99e20b58bd94afd) Importer(815301076,1909f56bfc062723c751e8b465ee728b)  -> (artifact id: '6b642775e7d5b1834f3a5ba743759d6e') in 0.058496 seconds 
========================================================================
Received Import Request.
  Time since last request: 0.000046 seconds.
  path: Assets/Textures/Corridor/Frames_AO.tif
  artifactKey: Guid(7fca3d8aa70598c4ea6a0663f29c0772) Importer(815301076,1909f56bfc062723c751e8b465ee728b)
Start importing Assets/Textures/Corridor/Frames_AO.tif using Guid(7fca3d8aa70598c4ea6a0663f29c0772) Importer(815301076,1909f56bfc062723c751e8b465ee728b)  -> (artifact id: '6031e415dbb23454156b9a0d7c7dc7bd') in 0.045216 seconds 
========================================================================
Received Import Request.
  Time since last request: 0.000119 seconds.
  path: Assets/Textures/Characters/Gargoyle_Albedo.tif
  artifactKey: Guid(a5fd5ae3aaf893e4197df481b8c9346e) Importer(815301076,1909f56bfc062723c751e8b465ee728b)
Start importing Assets/Textures/Characters/Gargoyle_Albedo.tif using Guid(a5fd5ae3aaf893e4197df481b8c9346e) Importer(815301076,1909f56bfc062723c751e8b465ee728b)  -> (artifact id: 'b93b03c36a24c90933816f2565d5c185') in 0.042774 seconds 
========================================================================
Received Import Request.
  Time since last request: 0.000046 seconds.
  path: Assets/Textures/Corridor/FramedPicture_Occlusion.tif
  artifactKey: Guid(8cf5d7fc034b58d4aaab39e5037b538b) Importer(815301076,1909f56bfc062723c751e8b465ee728b)
Start importing Assets/Textures/Corridor/FramedPicture_Occlusion.tif using Guid(8cf5d7fc034b58d4aaab39e5037b538b) Importer(815301076,1909f56bfc062723c751e8b465ee728b)  -> (artifact id: '470525a47a03af7b698097e166259942') in 0.055841 seconds 
========================================================================
Received Import Request.
  Time since last request: 0.000045 seconds.
  path: Assets/Textures/Corridor/Frames_Albedo.tif
  artifactKey: Guid(8283eafe37c0a154b8ce521e98c75241) Importer(815301076,1909f56bfc062723c751e8b465ee728b)
Start importing Assets/Textures/Corridor/Frames_Albedo.tif using Guid(8283eafe37c0a154b8ce521e98c75241) Importer(815301076,1909f56bfc062723c751e8b465ee728b)  -> (artifact id: 'baa458ec608a10d74f0264417fa00c9b') in 0.039621 seconds 
========================================================================
Received Import Request.
  Time since last request: 0.000064 seconds.
  path: Assets/Textures/Corridor/Frames_Normal.tif
  artifactKey: Guid(585fa23f6bb9db04bac7d2fb3e3847eb) Importer(815301076,1909f56bfc062723c751e8b465ee728b)
Start importing Assets/Textures/Corridor/Frames_Normal.tif using Guid(585fa23f6bb9db04bac7d2fb3e3847eb) Importer(815301076,1909f56bfc062723c751e8b465ee728b)  -> (artifact id: '209662dedcbc347ef23e9fe30da4cdbd') in 0.042557 seconds 
========================================================================
Received Import Request.
  Time since last request: 0.473508 seconds.
  path: Assets/Textures/Characters/Gargoyle_MetallicSmooth.tif
  artifactKey: Guid(feedc85e522b87b4aa5051553a71fc2a) Importer(815301076,1909f56bfc062723c751e8b465ee728b)
Start importing Assets/Textures/Characters/Gargoyle_MetallicSmooth.tif using Guid(feedc85e522b87b4aa5051553a71fc2a) Importer(815301076,1909f56bfc062723c751e8b465ee728b)  -> (artifact id: 'a46fcd9415a533e8c45122079685ee29') in 0.044215 seconds 
========================================================================
Received Import Request.
  Time since last request: 0.000044 seconds.
  path: Assets/Textures/Characters/Ghost_Albedo.tif
  artifactKey: Guid(ffa3bbfb0a2a37740aec32cc4f3ed28c) Importer(815301076,1909f56bfc062723c751e8b465ee728b)
Start importing Assets/Textures/Characters/Ghost_Albedo.tif using Guid(ffa3bbfb0a2a37740aec32cc4f3ed28c) Importer(815301076,1909f56bfc062723c751e8b465ee728b)  -> (artifact id: 'cf873a6a2a37cb2a06c6fb6cbb0d9ee2') in 0.040218 seconds 
========================================================================
Received Import Request.
  Time since last request: 0.000054 seconds.
  path: Assets/Textures/Characters/Gargoyle_Occlusion.tif
  artifactKey: Guid(d3bc81db12f03c84091f40384beda6c8) Importer(815301076,1909f56bfc062723c751e8b465ee728b)
Start importing Assets/Textures/Characters/Gargoyle_Occlusion.tif using Guid(d3bc81db12f03c84091f40384beda6c8) Importer(815301076,1909f56bfc062723c751e8b465ee728b)  -> (artifact id: 'ae831e5f72212af96039510874ed92d8') in 0.049626 seconds 
========================================================================
Received Import Request.
  Time since last request: 0.000061 seconds.
  path: Assets/Textures/Characters/Gargoyle_Normal.tif
  artifactKey: Guid(34c958df8066e254c9fe19021fb928f7) Importer(815301076,1909f56bfc062723c751e8b465ee728b)
Start importing Assets/Textures/Characters/Gargoyle_Normal.tif using Guid(34c958df8066e254c9fe19021fb928f7) Importer(815301076,1909f56bfc062723c751e8b465ee728b)  -> (artifact id: '8cb52c33470dd84d725fd7337f3c9072') in 0.051152 seconds 
========================================================================
Received Import Request.
  Time since last request: 0.782791 seconds.
  path: Assets/Textures/Characters/Ghost_Emissive.tif
  artifactKey: Guid(be14171909e301d4c8c926d395216a01) Importer(815301076,1909f56bfc062723c751e8b465ee728b)
Start importing Assets/Textures/Characters/Ghost_Emissive.tif using Guid(be14171909e301d4c8c926d395216a01) Importer(815301076,1909f56bfc062723c751e8b465ee728b)  -> (artifact id: '5e83446cf1891daf54e776aae8a073bf') in 0.038002 seconds 
========================================================================
Received Import Request.
  Time since last request: 0.000046 seconds.
  path: Assets/Textures/Characters/Ghost_Normal.tif
  artifactKey: Guid(b2bf2fce6ac5acf41b89f5759488edae) Importer(815301076,1909f56bfc062723c751e8b465ee728b)
Start importing Assets/Textures/Characters/Ghost_Normal.tif using Guid(b2bf2fce6ac5acf41b89f5759488edae) Importer(815301076,1909f56bfc062723c751e8b465ee728b)  -> (artifact id: '9f13946892050035c049222e253e3073') in 0.038269 seconds 
========================================================================
Received Import Request.
  Time since last request: 0.049702 seconds.
  path: Assets/Textures/Characters/Ghost_Occlusion.tif
  artifactKey: Guid(d0a98f268b60d0441ae4e70dc8560a5c) Importer(815301076,1909f56bfc062723c751e8b465ee728b)
Start importing Assets/Textures/Characters/Ghost_Occlusion.tif using Guid(d0a98f268b60d0441ae4e70dc8560a5c) Importer(815301076,1909f56bfc062723c751e8b465ee728b)  -> (artifact id: '35caa245817f86099a2630c8e1f3b34a') in 0.045892 seconds 
========================================================================
Received Import Request.
  Time since last request: 0.000038 seconds.
  path: Assets/TutorialInfo/Icons/Help_Icon.png
  artifactKey: Guid(a186f8a87ca4f4d3aa864638ad5dfb65) Importer(815301076,1909f56bfc062723c751e8b465ee728b)
Start importing Assets/TutorialInfo/Icons/Help_Icon.png using Guid(a186f8a87ca4f4d3aa864638ad5dfb65) Importer(815301076,1909f56bfc062723c751e8b465ee728b)  -> (artifact id: '27df9d2adf2702ab3d92b9144e450ed6') in 0.048990 seconds 
========================================================================
Received Import Request.
  Time since last request: 0.000043 seconds.
  path: Assets/TutorialInfo/Icons/icon_tutorial_package.png
  artifactKey: Guid(6756ed7b80223ac4e8f026ce27541de4) Importer(815301076,1909f56bfc062723c751e8b465ee728b)
Start importing Assets/TutorialInfo/Icons/icon_tutorial_package.png using Guid(6756ed7b80223ac4e8f026ce27541de4) Importer(815301076,1909f56bfc062723c751e8b465ee728b)  -> (artifact id: '1f77927ff10ab5bfcd75283c24ea540d') in 0.058929 seconds 
========================================================================
Received Import Request.
  Time since last request: 0.000224 seconds.
  path: Assets/Textures/Characters/Ghost_RimMask.tif
  artifactKey: Guid(0460363c9d54fe24a8f22455cba27fd0) Importer(815301076,1909f56bfc062723c751e8b465ee728b)
Start importing Assets/Textures/Characters/Ghost_RimMask.tif using Guid(0460363c9d54fe24a8f22455cba27fd0) Importer(815301076,1909f56bfc062723c751e8b465ee728b)  -> (artifact id: 'c817bd070d67addd5b005aee35c24e8a') in 0.039068 seconds 
========================================================================
Received Import Request.
  Time since last request: 1.080264 seconds.
  path: Assets/Textures/Characters/JohnLemon_Albedo.tif
  artifactKey: Guid(e20889403221e4d4a939367b675af181) Importer(815301076,1909f56bfc062723c751e8b465ee728b)
Start importing Assets/Textures/Characters/JohnLemon_Albedo.tif using Guid(e20889403221e4d4a939367b675af181) Importer(815301076,1909f56bfc062723c751e8b465ee728b)  -> (artifact id: 'df14038fe29e742707ec9ab2d52c6caa') in 0.039779 seconds 
========================================================================
Received Import Request.
  Time since last request: 0.000046 seconds.
  path: Assets/Textures/Characters/JohnLemon_Normal.tif
  artifactKey: Guid(6f5d24c43fe71f34493bb3d379dfe9d7) Importer(815301076,1909f56bfc062723c751e8b465ee728b)
Start importing Assets/Textures/Characters/JohnLemon_Normal.tif using Guid(6f5d24c43fe71f34493bb3d379dfe9d7) Importer(815301076,1909f56bfc062723c751e8b465ee728b)  -> (artifact id: 'c7e640d37e56b8d71fbc60f94a431878') in 0.039410 seconds 
========================================================================
Received Import Request.
  Time since last request: 0.111781 seconds.
  path: Assets/Textures/Characters/JohnLemon_Occlusion.tif
  artifactKey: Guid(8add9c3ea34c3964f85be4cf3f251a6d) Importer(815301076,1909f56bfc062723c751e8b465ee728b)
Start importing Assets/Textures/Characters/JohnLemon_Occlusion.tif using Guid(8add9c3ea34c3964f85be4cf3f251a6d) Importer(815301076,1909f56bfc062723c751e8b465ee728b)  -> (artifact id: '0c5fbf1c454d20408c5c69e30916ec0f') in 0.039861 seconds 
========================================================================
Received Import Request.
  Time since last request: 0.000046 seconds.
  path: Assets/Textures/Corridor/Light_Albedo.tif
  artifactKey: Guid(d25150811c8ba0c4b9d1fdcf72d3b54d) Importer(815301076,1909f56bfc062723c751e8b465ee728b)
Start importing Assets/Textures/Corridor/Light_Albedo.tif using Guid(d25150811c8ba0c4b9d1fdcf72d3b54d) Importer(815301076,1909f56bfc062723c751e8b465ee728b)  -> (artifact id: 'c0480526e1a85a577ca22be53cf17772') in 0.052178 seconds 
========================================================================
Received Import Request.
  Time since last request: 12.738919 seconds.
  path: Assets/Textures/Corridor/Light_Emissive.tif
  artifactKey: Guid(f50ecdc1b08817e489a2944858f87688) Importer(815301076,1909f56bfc062723c751e8b465ee728b)
Start importing Assets/Textures/Corridor/Light_Emissive.tif using Guid(f50ecdc1b08817e489a2944858f87688) Importer(815301076,1909f56bfc062723c751e8b465ee728b)  -> (artifact id: 'f322a55d64d30602465ec4d5e00aaf6a') in 0.035887 seconds 
========================================================================
Received Import Request.
  Time since last request: 0.000048 seconds.
  path: Assets/Textures/Corridor/Light_MetallicSmooth.tif
  artifactKey: Guid(9f3edd81529cce04494e693ad0887e84) Importer(815301076,1909f56bfc062723c751e8b465ee728b)
Start importing Assets/Textures/Corridor/Light_MetallicSmooth.tif using Guid(9f3edd81529cce04494e693ad0887e84) Importer(815301076,1909f56bfc062723c751e8b465ee728b)  -> (artifact id: '780687e9b1f31c4456045a270b6832ac') in 0.040483 seconds 
========================================================================
Received Import Request.
  Time since last request: 1.433188 seconds.
  path: Assets/Textures/Corridor/Light_Normal.tif
  artifactKey: Guid(94b0af9e2dc9dc144a9fee2252e35c5d) Importer(815301076,1909f56bfc062723c751e8b465ee728b)
Start importing Assets/Textures/Corridor/Light_Normal.tif using Guid(94b0af9e2dc9dc144a9fee2252e35c5d) Importer(815301076,1909f56bfc062723c751e8b465ee728b)  -> (artifact id: 'f39fce2f2945d08e6fb9250c45066139') in 0.038888 seconds 
========================================================================
Received Import Request.
  Time since last request: 0.000048 seconds.
  path: Assets/Textures/Corridor/Light_Occlusion.tif
  artifactKey: Guid(d76c7a9a85279b048b93119b0a0a3c7a) Importer(815301076,1909f56bfc062723c751e8b465ee728b)
Start importing Assets/Textures/Corridor/Light_Occlusion.tif using Guid(d76c7a9a85279b048b93119b0a0a3c7a) Importer(815301076,1909f56bfc062723c751e8b465ee728b)  -> (artifact id: '67dd68e4a9b64fc814423b5659c27f5d') in 0.038689 seconds 
========================================================================
Received Import Request.
  Time since last request: 0.044102 seconds.
  path: Assets/Textures/BathRoom/Mirror_Albedo.tif
  artifactKey: Guid(8416b46c71de4b1479e04f4341995028) Importer(815301076,1909f56bfc062723c751e8b465ee728b)
Start importing Assets/Textures/BathRoom/Mirror_Albedo.tif using Guid(8416b46c71de4b1479e04f4341995028) Importer(815301076,1909f56bfc062723c751e8b465ee728b)  -> (artifact id: '3ae9c8b5b05fb5d66410dc9c329e9dbe') in 0.040896 seconds 
========================================================================
Received Import Request.
  Time since last request: 0.000048 seconds.
  path: Assets/Textures/BathRoom/Mirror_MetallicSmooth.tif
  artifactKey: Guid(f2897444e56a62f45813d612a9ae6726) Importer(815301076,1909f56bfc062723c751e8b465ee728b)
Start importing Assets/Textures/BathRoom/Mirror_MetallicSmooth.tif using Guid(f2897444e56a62f45813d612a9ae6726) Importer(815301076,1909f56bfc062723c751e8b465ee728b)  -> (artifact id: '37bf9d0d659a4b01cde2cb58e3b38c76') in 0.036276 seconds 
========================================================================
Received Import Request.
  Time since last request: 0.902642 seconds.
  path: Assets/Textures/BathRoom/Mirror_Normal.tif
  artifactKey: Guid(f39e87291c3236f4fb7f42c125ce2502) Importer(815301076,1909f56bfc062723c751e8b465ee728b)
Start importing Assets/Textures/BathRoom/Mirror_Normal.tif using Guid(f39e87291c3236f4fb7f42c125ce2502) Importer(815301076,1909f56bfc062723c751e8b465ee728b)  -> (artifact id: 'c888357abffb83ca9ae0e10001822dd0') in 0.039700 seconds 
========================================================================
Received Import Request.
  Time since last request: 0.000041 seconds.
  path: Assets/Textures/BathRoom/mirror_occlusion.tif
  artifactKey: Guid(68cb3c2f0ee1dfa4a93994cbe79d0f20) Importer(815301076,1909f56bfc062723c751e8b465ee728b)
Start importing Assets/Textures/BathRoom/mirror_occlusion.tif using Guid(68cb3c2f0ee1dfa4a93994cbe79d0f20) Importer(815301076,1909f56bfc062723c751e8b465ee728b)  -> (artifact id: 'b033b4dfbfc24075b535c2a874cddde2') in 0.045837 seconds 
========================================================================
Received Import Request.
  Time since last request: 0.660408 seconds.
  path: Assets/Textures/BathRoom/Pipe_Albedo.tif
  artifactKey: Guid(c23a3b7843be84e419da985a358671d9) Importer(815301076,1909f56bfc062723c751e8b465ee728b)
Start importing Assets/Textures/BathRoom/Pipe_Albedo.tif using Guid(c23a3b7843be84e419da985a358671d9) Importer(815301076,1909f56bfc062723c751e8b465ee728b)  -> (artifact id: '54e5fb00b9c263cecaf33d5a7c4912c0') in 0.037061 seconds 
========================================================================
Received Import Request.
  Time since last request: 0.051831 seconds.
  path: Assets/Textures/BathRoom/Pipe_MetallicSmooth.tif
  artifactKey: Guid(7da4809b977474d4695da2f3933ff430) Importer(815301076,1909f56bfc062723c751e8b465ee728b)
Start importing Assets/Textures/BathRoom/Pipe_MetallicSmooth.tif using Guid(7da4809b977474d4695da2f3933ff430) Importer(815301076,1909f56bfc062723c751e8b465ee728b)  -> (artifact id: '9a0ec1002c9509a8f80735d59af7867f') in 0.039279 seconds 
========================================================================
Received Import Request.
  Time since last request: 0.000047 seconds.
  path: Assets/Textures/BathRoom/Pipe_Normal.tif
  artifactKey: Guid(a9fc6e48f7f8fe8438c73bb972362259) Importer(815301076,1909f56bfc062723c751e8b465ee728b)
Start importing Assets/Textures/BathRoom/Pipe_Normal.tif using Guid(a9fc6e48f7f8fe8438c73bb972362259) Importer(815301076,1909f56bfc062723c751e8b465ee728b)  -> (artifact id: '7361905152c78e0e11f82573ff41814b') in 0.062468 seconds 
========================================================================
Received Import Request.
  Time since last request: 1.379590 seconds.
  path: Assets/Textures/BathRoom/Pipe_Occlusion.tif
  artifactKey: Guid(3b84af017fcbb4e4a9adbd89a6ed81c8) Importer(815301076,1909f56bfc062723c751e8b465ee728b)
Start importing Assets/Textures/BathRoom/Pipe_Occlusion.tif using Guid(3b84af017fcbb4e4a9adbd89a6ed81c8) Importer(815301076,1909f56bfc062723c751e8b465ee728b)  -> (artifact id: 'eb0d4ed37106275f77d832597d1defa4') in 0.041062 seconds 
========================================================================
Received Import Request.
  Time since last request: 0.000055 seconds.
  path: Assets/Textures/BathRoom/Radiator_Albedo.tif
  artifactKey: Guid(95f8df1446ab7df4d84388b4897b6445) Importer(815301076,1909f56bfc062723c751e8b465ee728b)
Start importing Assets/Textures/BathRoom/Radiator_Albedo.tif using Guid(95f8df1446ab7df4d84388b4897b6445) Importer(815301076,1909f56bfc062723c751e8b465ee728b)  -> (artifact id: '6d7ab2de963c1a0ae0cc249065d8e39b') in 0.039896 seconds 
========================================================================
Received Import Request.
  Time since last request: 0.000049 seconds.
  path: Assets/Textures/BathRoom/Radiator_MetallicSmooth.tif
  artifactKey: Guid(6ff967b7e855f1c4aa4bf8f6a2bee20e) Importer(815301076,1909f56bfc062723c751e8b465ee728b)
Start importing Assets/Textures/BathRoom/Radiator_MetallicSmooth.tif using Guid(6ff967b7e855f1c4aa4bf8f6a2bee20e) Importer(815301076,1909f56bfc062723c751e8b465ee728b)  -> (artifact id: 'bb099b8d9551e12aae3a7d66de5d16b5') in 0.042631 seconds 
========================================================================
Received Import Request.
  Time since last request: 0.000041 seconds.
  path: Assets/Textures/BathRoom/Radiator_Normal.tif
  artifactKey: Guid(0106aeee9b63e1043a45c32b560576de) Importer(815301076,1909f56bfc062723c751e8b465ee728b)
Start importing Assets/Textures/BathRoom/Radiator_Normal.tif using Guid(0106aeee9b63e1043a45c32b560576de) Importer(815301076,1909f56bfc062723c751e8b465ee728b)  -> (artifact id: '8c84173d947511baeea5bf7c5df9eee2') in 0.041325 seconds 
========================================================================
Received Import Request.
  Time since last request: 0.464478 seconds.
  path: Assets/Textures/BathRoom/Radiator_Occlusion.tif
  artifactKey: Guid(4852ba63fbf302f45a42b3fd12bedad1) Importer(815301076,1909f56bfc062723c751e8b465ee728b)
Start importing Assets/Textures/BathRoom/Radiator_Occlusion.tif using Guid(4852ba63fbf302f45a42b3fd12bedad1) Importer(815301076,1909f56bfc062723c751e8b465ee728b)  -> (artifact id: 'b5447a301409835d3379103bf92f7a46') in 0.042626 seconds 
========================================================================
Received Import Request.
  Time since last request: 0.000068 seconds.
  path: Assets/Scenes/MainScene/ReflectionProbe-0.exr
  artifactKey: Guid(cfb0ee8291fa32645ad4608f10858e99) Importer(815301076,1909f56bfc062723c751e8b465ee728b)
Start importing Assets/Scenes/MainScene/ReflectionProbe-0.exr using Guid(cfb0ee8291fa32645ad4608f10858e99) Importer(815301076,1909f56bfc062723c751e8b465ee728b)  -> (artifact id: 'a08d26e9bc6b6a94688984e877af77dd') in 0.101662 seconds 
========================================================================
Received Import Request.
  Time since last request: 275.840484 seconds.
  path: Assets/Shaders/ColorLerpSubGraph_Final.shadersubgraph
  artifactKey: Guid(aebd19fdd59117041b721a9c4924222f) Importer(815301076,1909f56bfc062723c751e8b465ee728b)
Start importing Assets/Shaders/ColorLerpSubGraph_Final.shadersubgraph using Guid(aebd19fdd59117041b721a9c4924222f) Importer(815301076,1909f56bfc062723c751e8b465ee728b)  -> (artifact id: 'f1567969be7dbf7ed6b4b996b7f8a6e8') in 0.022691 seconds 
========================================================================
Received Import Request.
  Time since last request: 0.000054 seconds.
  path: Assets/Shaders/RotatorSubGraph.shadersubgraph
  artifactKey: Guid(23e04412c34f8384fbf64561689229c8) Importer(815301076,1909f56bfc062723c751e8b465ee728b)
Start importing Assets/Shaders/RotatorSubGraph.shadersubgraph using Guid(23e04412c34f8384fbf64561689229c8) Importer(815301076,1909f56bfc062723c751e8b465ee728b)  -> (artifact id: 'a4703584ed534929a2a933fdc7ae2e50') in 0.030125 seconds 
========================================================================
Received Import Request.
  Time since last request: 0.000086 seconds.
  path: Assets/Shaders/ColorRampSubGraph_Final.shadersubgraph
  artifactKey: Guid(20a4502be49e73f4e845ce5e7596d87c) Importer(815301076,1909f56bfc062723c751e8b465ee728b)
Start importing Assets/Shaders/ColorRampSubGraph_Final.shadersubgraph using Guid(20a4502be49e73f4e845ce5e7596d87c) Importer(815301076,1909f56bfc062723c751e8b465ee728b)  -> (artifact id: '394a4698c24ff20e78e088ba6352000b') in 0.021625 seconds 
========================================================================
Received Import Request.
  Time since last request: 0.000059 seconds.
  path: Assets/Shaders/FresnelMultiplySubGraph_Final.shadersubgraph
  artifactKey: Guid(c651f1b0a9c573341aff4a92e2bc54db) Importer(815301076,1909f56bfc062723c751e8b465ee728b)
Start importing Assets/Shaders/FresnelMultiplySubGraph_Final.shadersubgraph using Guid(c651f1b0a9c573341aff4a92e2bc54db) Importer(815301076,1909f56bfc062723c751e8b465ee728b)  -> (artifact id: '8d0af9be8017d0f8a3e5633b2e3c9b4d') in 0.015750 seconds 
========================================================================
Received Import Request.
  Time since last request: 0.000050 seconds.
  path: Assets/Shaders/PannerSubGraph_Final.shadersubgraph
  artifactKey: Guid(f1cb06e4fb94f6b4e958e6c251f7ae1c) Importer(815301076,1909f56bfc062723c751e8b465ee728b)
Start importing Assets/Shaders/PannerSubGraph_Final.shadersubgraph using Guid(f1cb06e4fb94f6b4e958e6c251f7ae1c) Importer(815301076,1909f56bfc062723c751e8b465ee728b)  -> (artifact id: 'afec5e345dadd1c3373556ae587d2a9f') in 0.018332 seconds 
========================================================================
Received Import Request.
  Time since last request: 0.000053 seconds.
  path: Assets/Shaders/EdgeNoiseSubGraph.shadersubgraph
  artifactKey: Guid(a7a5ec687f626f9499b51b28708e14aa) Importer(815301076,1909f56bfc062723c751e8b465ee728b)
Start importing Assets/Shaders/EdgeNoiseSubGraph.shadersubgraph using Guid(a7a5ec687f626f9499b51b28708e14aa) Importer(815301076,1909f56bfc062723c751e8b465ee728b)  -> (artifact id: 'fe813994c90c3cf3154e33156b8b7509') in 0.020704 seconds 
========================================================================
Received Import Request.
  Time since last request: 21.282384 seconds.
  path: Assets/Shaders/GhostShader_Final.shadergraph
  artifactKey: Guid(393d41ea0fb1d43488ba0b739703a060) Importer(815301076,1909f56bfc062723c751e8b465ee728b)
Start importing Assets/Shaders/GhostShader_Final.shadergraph using Guid(393d41ea0fb1d43488ba0b739703a060) Importer(815301076,1909f56bfc062723c751e8b465ee728b)  -> (artifact id: '4a09acb0cdaaffad986aca75e15dac40') in 0.020111 seconds 
